{"total": {"lines":{"total":5396,"covered":3766,"skipped":0,"pct":69.79},"statements":{"total":5467,"covered":3797,"skipped":0,"pct":69.45},"functions":{"total":572,"covered":414,"skipped":0,"pct":72.37},"branches":{"total":3018,"covered":1900,"skipped":0,"pct":62.95},"branchesTrue":{"total":0,"covered":0,"skipped":0,"pct":100}}
,"/Users/samitalab/Desktop/CareSync/backend/src/controllers/adminController.mjs": {"lines":{"total":77,"covered":74,"skipped":0,"pct":96.1},"functions":{"total":8,"covered":7,"skipped":0,"pct":87.5},"statements":{"total":78,"covered":75,"skipped":0,"pct":96.15},"branches":{"total":41,"covered":34,"skipped":0,"pct":82.92}}
,"/Users/samitalab/Desktop/CareSync/backend/src/controllers/appointmentController.mjs": {"lines":{"total":304,"covered":262,"skipped":0,"pct":86.18},"functions":{"total":17,"covered":16,"skipped":0,"pct":94.11},"statements":{"total":306,"covered":262,"skipped":0,"pct":85.62},"branches":{"total":225,"covered":176,"skipped":0,"pct":78.22}}
,"/Users/samitalab/Desktop/CareSync/backend/src/controllers/assessmentController.mjs": {"lines":{"total":81,"covered":81,"skipped":0,"pct":100},"functions":{"total":7,"covered":7,"skipped":0,"pct":100},"statements":{"total":81,"covered":81,"skipped":0,"pct":100},"branches":{"total":57,"covered":57,"skipped":0,"pct":100}}
,"/Users/samitalab/Desktop/CareSync/backend/src/controllers/authController.mjs": {"lines":{"total":113,"covered":107,"skipped":0,"pct":94.69},"functions":{"total":14,"covered":14,"skipped":0,"pct":100},"statements":{"total":113,"covered":107,"skipped":0,"pct":94.69},"branches":{"total":43,"covered":37,"skipped":0,"pct":86.04}}
,"/Users/samitalab/Desktop/CareSync/backend/src/controllers/availabilityController.mjs": {"lines":{"total":231,"covered":191,"skipped":0,"pct":82.68},"functions":{"total":12,"covered":10,"skipped":0,"pct":83.33},"statements":{"total":231,"covered":191,"skipped":0,"pct":82.68},"branches":{"total":206,"covered":155,"skipped":0,"pct":75.24}}
,"/Users/samitalab/Desktop/CareSync/backend/src/controllers/clinicAuthController.mjs": {"lines":{"total":158,"covered":147,"skipped":0,"pct":93.03},"functions":{"total":11,"covered":11,"skipped":0,"pct":100},"statements":{"total":158,"covered":147,"skipped":0,"pct":93.03},"branches":{"total":73,"covered":57,"skipped":0,"pct":78.08}}
,"/Users/samitalab/Desktop/CareSync/backend/src/controllers/clinicController.mjs": {"lines":{"total":14,"covered":14,"skipped":0,"pct":100},"functions":{"total":1,"covered":1,"skipped":0,"pct":100},"statements":{"total":14,"covered":14,"skipped":0,"pct":100},"branches":{"total":4,"covered":4,"skipped":0,"pct":100}}
,"/Users/samitalab/Desktop/CareSync/backend/src/controllers/doctorController.mjs": {"lines":{"total":73,"covered":73,"skipped":0,"pct":100},"functions":{"total":10,"covered":10,"skipped":0,"pct":100},"statements":{"total":73,"covered":73,"skipped":0,"pct":100},"branches":{"total":43,"covered":43,"skipped":0,"pct":100}}
,"/Users/samitalab/Desktop/CareSync/backend/src/controllers/googleAuthController.mjs": {"lines":{"total":125,"covered":104,"skipped":0,"pct":83.2},"functions":{"total":6,"covered":6,"skipped":0,"pct":100},"statements":{"total":128,"covered":107,"skipped":0,"pct":83.59},"branches":{"total":81,"covered":58,"skipped":0,"pct":71.6}}
,"/Users/samitalab/Desktop/CareSync/backend/src/controllers/index.mjs": {"lines":{"total":0,"covered":0,"skipped":0,"pct":0},"functions":{"total":0,"covered":0,"skipped":0,"pct":0},"statements":{"total":0,"covered":0,"skipped":0,"pct":0},"branches":{"total":0,"covered":0,"skipped":0,"pct":0}}
,"/Users/samitalab/Desktop/CareSync/backend/src/controllers/patientController.mjs": {"lines":{"total":110,"covered":110,"skipped":0,"pct":100},"functions":{"total":10,"covered":10,"skipped":0,"pct":100},"statements":{"total":110,"covered":110,"skipped":0,"pct":100},"branches":{"total":58,"covered":58,"skipped":0,"pct":100}}
,"/Users/samitalab/Desktop/CareSync/backend/src/controllers/prescriptionController.mjs": {"lines":{"total":38,"covered":38,"skipped":0,"pct":100},"functions":{"total":5,"covered":5,"skipped":0,"pct":100},"statements":{"total":38,"covered":38,"skipped":0,"pct":100},"branches":{"total":6,"covered":6,"skipped":0,"pct":100}}
,"/Users/samitalab/Desktop/CareSync/backend/src/controllers/staffController.mjs": {"lines":{"total":89,"covered":89,"skipped":0,"pct":100},"functions":{"total":9,"covered":9,"skipped":0,"pct":100},"statements":{"total":89,"covered":89,"skipped":0,"pct":100},"branches":{"total":84,"covered":83,"skipped":0,"pct":98.8}}
,"/Users/samitalab/Desktop/CareSync/backend/src/controllers/userController.mjs": {"lines":{"total":94,"covered":94,"skipped":0,"pct":100},"functions":{"total":10,"covered":10,"skipped":0,"pct":100},"statements":{"total":94,"covered":94,"skipped":0,"pct":100},"branches":{"total":66,"covered":66,"skipped":0,"pct":100}}
,"/Users/samitalab/Desktop/CareSync/backend/src/controllers/base/baseController.mjs": {"lines":{"total":53,"covered":53,"skipped":0,"pct":100},"functions":{"total":10,"covered":10,"skipped":0,"pct":100},"statements":{"total":53,"covered":53,"skipped":0,"pct":100},"branches":{"total":24,"covered":24,"skipped":0,"pct":100}}
,"/Users/samitalab/Desktop/CareSync/backend/src/middleware/index.mjs": {"lines":{"total":0,"covered":0,"skipped":0,"pct":0},"functions":{"total":0,"covered":0,"skipped":0,"pct":0},"statements":{"total":0,"covered":0,"skipped":0,"pct":0},"branches":{"total":0,"covered":0,"skipped":0,"pct":0}}
,"/Users/samitalab/Desktop/CareSync/backend/src/middleware/audit/auditMiddleware.mjs": {"lines":{"total":77,"covered":63,"skipped":0,"pct":81.81},"functions":{"total":24,"covered":16,"skipped":0,"pct":66.66},"statements":{"total":77,"covered":63,"skipped":0,"pct":81.81},"branches":{"total":45,"covered":31,"skipped":0,"pct":68.88}}
,"/Users/samitalab/Desktop/CareSync/backend/src/middleware/auth/authMiddleware.mjs": {"lines":{"total":185,"covered":176,"skipped":0,"pct":95.13},"functions":{"total":17,"covered":16,"skipped":0,"pct":94.11},"statements":{"total":186,"covered":177,"skipped":0,"pct":95.16},"branches":{"total":136,"covered":131,"skipped":0,"pct":96.32}}
,"/Users/samitalab/Desktop/CareSync/backend/src/middleware/cache/cacheMiddleware.mjs": {"lines":{"total":55,"covered":2,"skipped":0,"pct":3.63},"functions":{"total":13,"covered":0,"skipped":0,"pct":0},"statements":{"total":57,"covered":2,"skipped":0,"pct":3.5},"branches":{"total":36,"covered":0,"skipped":0,"pct":0}}
,"/Users/samitalab/Desktop/CareSync/backend/src/middleware/data/dataMiddleware.mjs": {"lines":{"total":93,"covered":87,"skipped":0,"pct":93.54},"functions":{"total":20,"covered":20,"skipped":0,"pct":100},"statements":{"total":96,"covered":90,"skipped":0,"pct":93.75},"branches":{"total":74,"covered":65,"skipped":0,"pct":87.83}}
,"/Users/samitalab/Desktop/CareSync/backend/src/middleware/error/errorMiddleware.mjs": {"lines":{"total":50,"covered":50,"skipped":0,"pct":100},"functions":{"total":12,"covered":12,"skipped":0,"pct":100},"statements":{"total":51,"covered":51,"skipped":0,"pct":100},"branches":{"total":36,"covered":33,"skipped":0,"pct":91.66}}
,"/Users/samitalab/Desktop/CareSync/backend/src/middleware/permission/permissionMiddleware.mjs": {"lines":{"total":72,"covered":71,"skipped":0,"pct":98.61},"functions":{"total":12,"covered":12,"skipped":0,"pct":100},"statements":{"total":72,"covered":71,"skipped":0,"pct":98.61},"branches":{"total":56,"covered":55,"skipped":0,"pct":98.21}}
,"/Users/samitalab/Desktop/CareSync/backend/src/middleware/rateLimit/rateLimitMiddleware.mjs": {"lines":{"total":33,"covered":28,"skipped":0,"pct":84.84},"functions":{"total":10,"covered":6,"skipped":0,"pct":60},"statements":{"total":33,"covered":28,"skipped":0,"pct":84.84},"branches":{"total":25,"covered":23,"skipped":0,"pct":92}}
,"/Users/samitalab/Desktop/CareSync/backend/src/middleware/validation/validationMiddleware.mjs": {"lines":{"total":8,"covered":8,"skipped":0,"pct":100},"functions":{"total":4,"covered":4,"skipped":0,"pct":100},"statements":{"total":9,"covered":9,"skipped":0,"pct":100},"branches":{"total":4,"covered":4,"skipped":0,"pct":100}}
,"/Users/samitalab/Desktop/CareSync/backend/src/models/Appointment.mjs": {"lines":{"total":27,"covered":4,"skipped":0,"pct":14.81},"functions":{"total":3,"covered":0,"skipped":0,"pct":0},"statements":{"total":27,"covered":4,"skipped":0,"pct":14.81},"branches":{"total":26,"covered":0,"skipped":0,"pct":0}}
,"/Users/samitalab/Desktop/CareSync/backend/src/models/Assessment.mjs": {"lines":{"total":2,"covered":2,"skipped":0,"pct":100},"functions":{"total":0,"covered":0,"skipped":0,"pct":100},"statements":{"total":2,"covered":2,"skipped":0,"pct":100},"branches":{"total":0,"covered":0,"skipped":0,"pct":100}}
,"/Users/samitalab/Desktop/CareSync/backend/src/models/AuditLog.mjs": {"lines":{"total":3,"covered":3,"skipped":0,"pct":100},"functions":{"total":0,"covered":0,"skipped":0,"pct":100},"statements":{"total":3,"covered":3,"skipped":0,"pct":100},"branches":{"total":0,"covered":0,"skipped":0,"pct":100}}
,"/Users/samitalab/Desktop/CareSync/backend/src/models/Clinic.mjs": {"lines":{"total":2,"covered":2,"skipped":0,"pct":100},"functions":{"total":0,"covered":0,"skipped":0,"pct":100},"statements":{"total":2,"covered":2,"skipped":0,"pct":100},"branches":{"total":0,"covered":0,"skipped":0,"pct":100}}
,"/Users/samitalab/Desktop/CareSync/backend/src/models/Consultation.mjs": {"lines":{"total":7,"covered":3,"skipped":0,"pct":42.85},"functions":{"total":1,"covered":0,"skipped":0,"pct":0},"statements":{"total":7,"covered":3,"skipped":0,"pct":42.85},"branches":{"total":4,"covered":0,"skipped":0,"pct":0}}
,"/Users/samitalab/Desktop/CareSync/backend/src/models/Doctor.mjs": {"lines":{"total":10,"covered":5,"skipped":0,"pct":50},"functions":{"total":2,"covered":0,"skipped":0,"pct":0},"statements":{"total":12,"covered":5,"skipped":0,"pct":41.66},"branches":{"total":4,"covered":0,"skipped":0,"pct":0}}
,"/Users/samitalab/Desktop/CareSync/backend/src/models/Notification.mjs": {"lines":{"total":7,"covered":5,"skipped":0,"pct":71.42},"functions":{"total":1,"covered":0,"skipped":0,"pct":0},"statements":{"total":7,"covered":5,"skipped":0,"pct":71.42},"branches":{"total":0,"covered":0,"skipped":0,"pct":100}}
,"/Users/samitalab/Desktop/CareSync/backend/src/models/Patient.mjs": {"lines":{"total":6,"covered":4,"skipped":0,"pct":66.66},"functions":{"total":1,"covered":0,"skipped":0,"pct":0},"statements":{"total":6,"covered":4,"skipped":0,"pct":66.66},"branches":{"total":0,"covered":0,"skipped":0,"pct":100}}
,"/Users/samitalab/Desktop/CareSync/backend/src/models/Prescription.mjs": {"lines":{"total":11,"covered":3,"skipped":0,"pct":27.27},"functions":{"total":1,"covered":0,"skipped":0,"pct":0},"statements":{"total":11,"covered":3,"skipped":0,"pct":27.27},"branches":{"total":4,"covered":0,"skipped":0,"pct":0}}
,"/Users/samitalab/Desktop/CareSync/backend/src/models/Staff.mjs": {"lines":{"total":5,"covered":3,"skipped":0,"pct":60},"functions":{"total":1,"covered":0,"skipped":0,"pct":0},"statements":{"total":5,"covered":3,"skipped":0,"pct":60},"branches":{"total":0,"covered":0,"skipped":0,"pct":100}}
,"/Users/samitalab/Desktop/CareSync/backend/src/models/SystemSettings.mjs": {"lines":{"total":3,"covered":3,"skipped":0,"pct":100},"functions":{"total":0,"covered":0,"skipped":0,"pct":100},"statements":{"total":3,"covered":3,"skipped":0,"pct":100},"branches":{"total":0,"covered":0,"skipped":0,"pct":100}}
,"/Users/samitalab/Desktop/CareSync/backend/src/models/TimeSlot.mjs": {"lines":{"total":11,"covered":4,"skipped":0,"pct":36.36},"functions":{"total":2,"covered":0,"skipped":0,"pct":0},"statements":{"total":13,"covered":4,"skipped":0,"pct":30.76},"branches":{"total":6,"covered":0,"skipped":0,"pct":0}}
,"/Users/samitalab/Desktop/CareSync/backend/src/models/User.mjs": {"lines":{"total":56,"covered":15,"skipped":0,"pct":26.78},"functions":{"total":13,"covered":0,"skipped":0,"pct":0},"statements":{"total":56,"covered":15,"skipped":0,"pct":26.78},"branches":{"total":10,"covered":0,"skipped":0,"pct":0}}
,"/Users/samitalab/Desktop/CareSync/backend/src/models/index.mjs": {"lines":{"total":13,"covered":13,"skipped":0,"pct":100},"functions":{"total":0,"covered":0,"skipped":0,"pct":100},"statements":{"total":13,"covered":13,"skipped":0,"pct":100},"branches":{"total":0,"covered":0,"skipped":0,"pct":100}}
,"/Users/samitalab/Desktop/CareSync/backend/src/models/prescriptionModel.mjs": {"lines":{"total":4,"covered":0,"skipped":0,"pct":0},"functions":{"total":1,"covered":0,"skipped":0,"pct":0},"statements":{"total":4,"covered":0,"skipped":0,"pct":0},"branches":{"total":2,"covered":0,"skipped":0,"pct":0}}
,"/Users/samitalab/Desktop/CareSync/backend/src/routes/adminRoutes.mjs": {"lines":{"total":10,"covered":10,"skipped":0,"pct":100},"functions":{"total":0,"covered":0,"skipped":0,"pct":100},"statements":{"total":10,"covered":10,"skipped":0,"pct":100},"branches":{"total":0,"covered":0,"skipped":0,"pct":100}}
,"/Users/samitalab/Desktop/CareSync/backend/src/routes/appointmentRoutes.mjs": {"lines":{"total":58,"covered":10,"skipped":0,"pct":17.24},"functions":{"total":1,"covered":0,"skipped":0,"pct":0},"statements":{"total":60,"covered":10,"skipped":0,"pct":16.66},"branches":{"total":24,"covered":0,"skipped":0,"pct":0}}
,"/Users/samitalab/Desktop/CareSync/backend/src/routes/assessmentRoutes.mjs": {"lines":{"total":15,"covered":0,"skipped":0,"pct":0},"functions":{"total":1,"covered":0,"skipped":0,"pct":0},"statements":{"total":15,"covered":0,"skipped":0,"pct":0},"branches":{"total":4,"covered":0,"skipped":0,"pct":0}}
,"/Users/samitalab/Desktop/CareSync/backend/src/routes/authRoutes.mjs": {"lines":{"total":15,"covered":15,"skipped":0,"pct":100},"functions":{"total":0,"covered":0,"skipped":0,"pct":100},"statements":{"total":15,"covered":15,"skipped":0,"pct":100},"branches":{"total":0,"covered":0,"skipped":0,"pct":100}}
,"/Users/samitalab/Desktop/CareSync/backend/src/routes/availabilityRoutes.mjs": {"lines":{"total":19,"covered":19,"skipped":0,"pct":100},"functions":{"total":2,"covered":2,"skipped":0,"pct":100},"statements":{"total":19,"covered":19,"skipped":0,"pct":100},"branches":{"total":0,"covered":0,"skipped":0,"pct":100}}
,"/Users/samitalab/Desktop/CareSync/backend/src/routes/clinicAuthRoutes.mjs": {"lines":{"total":15,"covered":15,"skipped":0,"pct":100},"functions":{"total":0,"covered":0,"skipped":0,"pct":100},"statements":{"total":15,"covered":15,"skipped":0,"pct":100},"branches":{"total":0,"covered":0,"skipped":0,"pct":100}}
,"/Users/samitalab/Desktop/CareSync/backend/src/routes/clinicRoutes.mjs": {"lines":{"total":3,"covered":0,"skipped":0,"pct":0},"functions":{"total":0,"covered":0,"skipped":0,"pct":100},"statements":{"total":3,"covered":0,"skipped":0,"pct":0},"branches":{"total":0,"covered":0,"skipped":0,"pct":100}}
,"/Users/samitalab/Desktop/CareSync/backend/src/routes/doctorRoutes.mjs": {"lines":{"total":46,"covered":46,"skipped":0,"pct":100},"functions":{"total":2,"covered":2,"skipped":0,"pct":100},"statements":{"total":46,"covered":46,"skipped":0,"pct":100},"branches":{"total":18,"covered":18,"skipped":0,"pct":100}}
,"/Users/samitalab/Desktop/CareSync/backend/src/routes/googleAuthRoutes.mjs": {"lines":{"total":3,"covered":3,"skipped":0,"pct":100},"functions":{"total":0,"covered":0,"skipped":0,"pct":100},"statements":{"total":3,"covered":3,"skipped":0,"pct":100},"branches":{"total":0,"covered":0,"skipped":0,"pct":100}}
,"/Users/samitalab/Desktop/CareSync/backend/src/routes/googleRoutes.mjs": {"lines":{"total":36,"covered":33,"skipped":0,"pct":91.66},"functions":{"total":2,"covered":2,"skipped":0,"pct":100},"statements":{"total":36,"covered":33,"skipped":0,"pct":91.66},"branches":{"total":10,"covered":9,"skipped":0,"pct":90}}
,"/Users/samitalab/Desktop/CareSync/backend/src/routes/health.mjs": {"lines":{"total":3,"covered":3,"skipped":0,"pct":100},"functions":{"total":1,"covered":1,"skipped":0,"pct":100},"statements":{"total":3,"covered":3,"skipped":0,"pct":100},"branches":{"total":0,"covered":0,"skipped":0,"pct":100}}
,"/Users/samitalab/Desktop/CareSync/backend/src/routes/index.mjs": {"lines":{"total":24,"covered":24,"skipped":0,"pct":100},"functions":{"total":2,"covered":2,"skipped":0,"pct":100},"statements":{"total":24,"covered":24,"skipped":0,"pct":100},"branches":{"total":2,"covered":2,"skipped":0,"pct":100}}
,"/Users/samitalab/Desktop/CareSync/backend/src/routes/patientRoutes.mjs": {"lines":{"total":28,"covered":28,"skipped":0,"pct":100},"functions":{"total":1,"covered":1,"skipped":0,"pct":100},"statements":{"total":28,"covered":28,"skipped":0,"pct":100},"branches":{"total":8,"covered":7,"skipped":0,"pct":87.5}}
,"/Users/samitalab/Desktop/CareSync/backend/src/routes/prescriptionRoutes.mjs": {"lines":{"total":21,"covered":18,"skipped":0,"pct":85.71},"functions":{"total":1,"covered":1,"skipped":0,"pct":100},"statements":{"total":21,"covered":18,"skipped":0,"pct":85.71},"branches":{"total":8,"covered":6,"skipped":0,"pct":75}}
,"/Users/samitalab/Desktop/CareSync/backend/src/routes/staffRoutes.mjs": {"lines":{"total":6,"covered":0,"skipped":0,"pct":0},"functions":{"total":0,"covered":0,"skipped":0,"pct":100},"statements":{"total":6,"covered":0,"skipped":0,"pct":0},"branches":{"total":0,"covered":0,"skipped":0,"pct":100}}
,"/Users/samitalab/Desktop/CareSync/backend/src/routes/testRoutes.mjs": {"lines":{"total":59,"covered":59,"skipped":0,"pct":100},"functions":{"total":4,"covered":4,"skipped":0,"pct":100},"statements":{"total":59,"covered":59,"skipped":0,"pct":100},"branches":{"total":20,"covered":20,"skipped":0,"pct":100}}
,"/Users/samitalab/Desktop/CareSync/backend/src/routes/userRoutes.mjs": {"lines":{"total":7,"covered":0,"skipped":0,"pct":0},"functions":{"total":0,"covered":0,"skipped":0,"pct":100},"statements":{"total":7,"covered":0,"skipped":0,"pct":0},"branches":{"total":0,"covered":0,"skipped":0,"pct":100}}
,"/Users/samitalab/Desktop/CareSync/backend/src/services/aiService.mjs": {"lines":{"total":166,"covered":106,"skipped":0,"pct":63.85},"functions":{"total":21,"covered":13,"skipped":0,"pct":61.9},"statements":{"total":173,"covered":110,"skipped":0,"pct":63.58},"branches":{"total":85,"covered":45,"skipped":0,"pct":52.94}}
,"/Users/samitalab/Desktop/CareSync/backend/src/services/appointmentService.mjs": {"lines":{"total":399,"covered":184,"skipped":0,"pct":46.11},"functions":{"total":29,"covered":15,"skipped":0,"pct":51.72},"statements":{"total":403,"covered":185,"skipped":0,"pct":45.9},"branches":{"total":238,"covered":115,"skipped":0,"pct":48.31}}
,"/Users/samitalab/Desktop/CareSync/backend/src/services/assessmentService.mjs": {"lines":{"total":74,"covered":69,"skipped":0,"pct":93.24},"functions":{"total":9,"covered":9,"skipped":0,"pct":100},"statements":{"total":75,"covered":70,"skipped":0,"pct":93.33},"branches":{"total":33,"covered":24,"skipped":0,"pct":72.72}}
,"/Users/samitalab/Desktop/CareSync/backend/src/services/authService.mjs": {"lines":{"total":107,"covered":88,"skipped":0,"pct":82.24},"functions":{"total":10,"covered":9,"skipped":0,"pct":90},"statements":{"total":108,"covered":88,"skipped":0,"pct":81.48},"branches":{"total":53,"covered":27,"skipped":0,"pct":50.94}}
,"/Users/samitalab/Desktop/CareSync/backend/src/services/availabilityService.mjs": {"lines":{"total":415,"covered":162,"skipped":0,"pct":39.03},"functions":{"total":31,"covered":13,"skipped":0,"pct":41.93},"statements":{"total":422,"covered":165,"skipped":0,"pct":39.09},"branches":{"total":188,"covered":51,"skipped":0,"pct":27.12}}
,"/Users/samitalab/Desktop/CareSync/backend/src/services/clinicAuth0Service.mjs": {"lines":{"total":111,"covered":102,"skipped":0,"pct":91.89},"functions":{"total":9,"covered":8,"skipped":0,"pct":88.88},"statements":{"total":112,"covered":102,"skipped":0,"pct":91.07},"branches":{"total":75,"covered":60,"skipped":0,"pct":80}}
,"/Users/samitalab/Desktop/CareSync/backend/src/services/clinicAuthService.mjs": {"lines":{"total":126,"covered":125,"skipped":0,"pct":99.2},"functions":{"total":11,"covered":11,"skipped":0,"pct":100},"statements":{"total":126,"covered":125,"skipped":0,"pct":99.2},"branches":{"total":40,"covered":32,"skipped":0,"pct":80}}
,"/Users/samitalab/Desktop/CareSync/backend/src/services/clinicService.mjs": {"lines":{"total":36,"covered":36,"skipped":0,"pct":100},"functions":{"total":2,"covered":2,"skipped":0,"pct":100},"statements":{"total":36,"covered":36,"skipped":0,"pct":100},"branches":{"total":10,"covered":9,"skipped":0,"pct":90}}
,"/Users/samitalab/Desktop/CareSync/backend/src/services/devMeetLinkGenerator.mjs": {"lines":{"total":22,"covered":22,"skipped":0,"pct":100},"functions":{"total":5,"covered":5,"skipped":0,"pct":100},"statements":{"total":22,"covered":22,"skipped":0,"pct":100},"branches":{"total":0,"covered":0,"skipped":0,"pct":100}}
,"/Users/samitalab/Desktop/CareSync/backend/src/services/doctorService.mjs": {"lines":{"total":86,"covered":0,"skipped":0,"pct":0},"functions":{"total":6,"covered":0,"skipped":0,"pct":0},"statements":{"total":86,"covered":0,"skipped":0,"pct":0},"branches":{"total":60,"covered":0,"skipped":0,"pct":0}}
,"/Users/samitalab/Desktop/CareSync/backend/src/services/emailService.mjs": {"lines":{"total":83,"covered":83,"skipped":0,"pct":100},"functions":{"total":14,"covered":14,"skipped":0,"pct":100},"statements":{"total":83,"covered":83,"skipped":0,"pct":100},"branches":{"total":33,"covered":32,"skipped":0,"pct":96.96}}
,"/Users/samitalab/Desktop/CareSync/backend/src/services/googleCalendarService.mjs": {"lines":{"total":177,"covered":0,"skipped":0,"pct":0},"functions":{"total":12,"covered":0,"skipped":0,"pct":0},"statements":{"total":183,"covered":0,"skipped":0,"pct":0},"branches":{"total":90,"covered":0,"skipped":0,"pct":0}}
,"/Users/samitalab/Desktop/CareSync/backend/src/services/googleService.mjs": {"lines":{"total":112,"covered":0,"skipped":0,"pct":0},"functions":{"total":8,"covered":0,"skipped":0,"pct":0},"statements":{"total":114,"covered":0,"skipped":0,"pct":0},"branches":{"total":65,"covered":0,"skipped":0,"pct":0}}
,"/Users/samitalab/Desktop/CareSync/backend/src/services/index.mjs": {"lines":{"total":0,"covered":0,"skipped":0,"pct":0},"functions":{"total":0,"covered":0,"skipped":0,"pct":0},"statements":{"total":0,"covered":0,"skipped":0,"pct":0},"branches":{"total":0,"covered":0,"skipped":0,"pct":0}}
,"/Users/samitalab/Desktop/CareSync/backend/src/services/patientService.mjs": {"lines":{"total":99,"covered":64,"skipped":0,"pct":64.64},"functions":{"total":9,"covered":6,"skipped":0,"pct":66.66},"statements":{"total":101,"covered":64,"skipped":0,"pct":63.36},"branches":{"total":66,"covered":41,"skipped":0,"pct":62.12}}
,"/Users/samitalab/Desktop/CareSync/backend/src/services/prescriptionService.mjs": {"lines":{"total":79,"covered":0,"skipped":0,"pct":0},"functions":{"total":14,"covered":0,"skipped":0,"pct":0},"statements":{"total":84,"covered":0,"skipped":0,"pct":0},"branches":{"total":70,"covered":0,"skipped":0,"pct":0}}
,"/Users/samitalab/Desktop/CareSync/backend/src/services/staffService.mjs": {"lines":{"total":115,"covered":0,"skipped":0,"pct":0},"functions":{"total":8,"covered":0,"skipped":0,"pct":0},"statements":{"total":115,"covered":0,"skipped":0,"pct":0},"branches":{"total":60,"covered":0,"skipped":0,"pct":0}}
,"/Users/samitalab/Desktop/CareSync/backend/src/services/tokenBlacklistService.mjs": {"lines":{"total":28,"covered":28,"skipped":0,"pct":100},"functions":{"total":4,"covered":4,"skipped":0,"pct":100},"statements":{"total":28,"covered":28,"skipped":0,"pct":100},"branches":{"total":8,"covered":7,"skipped":0,"pct":87.5}}
,"/Users/samitalab/Desktop/CareSync/backend/src/services/userService.mjs": {"lines":{"total":133,"covered":76,"skipped":0,"pct":57.14},"functions":{"total":13,"covered":10,"skipped":0,"pct":76.92},"statements":{"total":137,"covered":77,"skipped":0,"pct":56.2},"branches":{"total":102,"covered":41,"skipped":0,"pct":40.19}}
,"/Users/samitalab/Desktop/CareSync/backend/src/services/base/baseService.mjs": {"lines":{"total":93,"covered":89,"skipped":0,"pct":95.69},"functions":{"total":19,"covered":19,"skipped":0,"pct":100},"statements":{"total":97,"covered":93,"skipped":0,"pct":95.87},"branches":{"total":57,"covered":52,"skipped":0,"pct":91.22}}
,"/Users/samitalab/Desktop/CareSync/backend/src/utils/apiResponse.mjs": {"lines":{"total":9,"covered":9,"skipped":0,"pct":100},"functions":{"total":2,"covered":2,"skipped":0,"pct":100},"statements":{"total":9,"covered":9,"skipped":0,"pct":100},"branches":{"total":3,"covered":3,"skipped":0,"pct":100}}
,"/Users/samitalab/Desktop/CareSync/backend/src/utils/catchAsync.mjs": {"lines":{"total":3,"covered":3,"skipped":0,"pct":100},"functions":{"total":2,"covered":2,"skipped":0,"pct":100},"statements":{"total":3,"covered":3,"skipped":0,"pct":100},"branches":{"total":0,"covered":0,"skipped":0,"pct":100}}
,"/Users/samitalab/Desktop/CareSync/backend/src/utils/controllerHelper.mjs": {"lines":{"total":20,"covered":20,"skipped":0,"pct":100},"functions":{"total":3,"covered":3,"skipped":0,"pct":100},"statements":{"total":20,"covered":20,"skipped":0,"pct":100},"branches":{"total":8,"covered":6,"skipped":0,"pct":75}}
,"/Users/samitalab/Desktop/CareSync/backend/src/utils/encryption.mjs": {"lines":{"total":36,"covered":34,"skipped":0,"pct":94.44},"functions":{"total":2,"covered":2,"skipped":0,"pct":100},"statements":{"total":38,"covered":36,"skipped":0,"pct":94.73},"branches":{"total":13,"covered":13,"skipped":0,"pct":100}}
,"/Users/samitalab/Desktop/CareSync/backend/src/utils/errorHandler.mjs": {"lines":{"total":53,"covered":51,"skipped":0,"pct":96.22},"functions":{"total":12,"covered":10,"skipped":0,"pct":83.33},"statements":{"total":54,"covered":52,"skipped":0,"pct":96.29},"branches":{"total":28,"covered":24,"skipped":0,"pct":85.71}}
,"/Users/samitalab/Desktop/CareSync/backend/src/utils/serviceContainer.mjs": {"lines":{"total":45,"covered":45,"skipped":0,"pct":100},"functions":{"total":8,"covered":8,"skipped":0,"pct":100},"statements":{"total":46,"covered":46,"skipped":0,"pct":100},"branches":{"total":26,"covered":25,"skipped":0,"pct":96.15}}
,"/Users/samitalab/Desktop/CareSync/backend/src/utils/serviceInitializer.mjs": {"lines":{"total":18,"covered":18,"skipped":0,"pct":100},"functions":{"total":3,"covered":3,"skipped":0,"pct":100},"statements":{"total":18,"covered":18,"skipped":0,"pct":100},"branches":{"total":4,"covered":4,"skipped":0,"pct":100}}
,"/Users/samitalab/Desktop/CareSync/backend/src/utils/validation.mjs": {"lines":{"total":8,"covered":8,"skipped":0,"pct":100},"functions":{"total":3,"covered":3,"skipped":0,"pct":100},"statements":{"total":9,"covered":9,"skipped":0,"pct":100},"branches":{"total":2,"covered":2,"skipped":0,"pct":100}}
,"/Users/samitalab/Desktop/CareSync/backend/src/utils/di/container.mjs": {"lines":{"total":35,"covered":35,"skipped":0,"pct":100},"functions":{"total":10,"covered":10,"skipped":0,"pct":100},"statements":{"total":37,"covered":37,"skipped":0,"pct":100},"branches":{"total":20,"covered":20,"skipped":0,"pct":100}}
,"/Users/samitalab/Desktop/CareSync/backend/src/utils/di/serviceProviders.mjs": {"lines":{"total":40,"covered":35,"skipped":0,"pct":87.5},"functions":{"total":8,"covered":6,"skipped":0,"pct":75},"statements":{"total":40,"covered":35,"skipped":0,"pct":87.5},"branches":{"total":8,"covered":5,"skipped":0,"pct":62.5}}
}
