TN:
SF:src/controllers/adminController.mjs
FN:17,(anonymous_0)
FN:48,(anonymous_1)
FN:72,(anonymous_2)
FN:114,(anonymous_3)
FN:171,(anonymous_4)
FN:200,(anonymous_5)
FN:236,(anonymous_6)
FN:301,(anonymous_7)
FNF:8
FNH:0
FNDA:0,(anonymous_0)
FNDA:0,(anonymous_1)
FNDA:0,(anonymous_2)
FNDA:0,(anonymous_3)
FNDA:0,(anonymous_4)
FNDA:0,(anonymous_5)
FNDA:0,(anonymous_6)
FNDA:0,(anonymous_7)
DA:10,0
DA:17,0
DA:18,0
DA:20,0
DA:21,0
DA:22,0
DA:25,0
DA:27,0
DA:28,0
DA:31,0
DA:32,0
DA:39,0
DA:45,0
DA:48,0
DA:50,0
DA:59,0
DA:60,0
DA:72,0
DA:73,0
DA:74,0
DA:76,0
DA:77,0
DA:84,0
DA:86,0
DA:101,0
DA:102,0
DA:114,0
DA:115,0
DA:116,0
DA:117,0
DA:118,0
DA:124,0
DA:126,0
DA:127,0
DA:133,0
DA:140,0
DA:153,0
DA:158,0
DA:159,0
DA:171,0
DA:172,0
DA:173,0
DA:175,0
DA:176,0
DA:182,0
DA:187,0
DA:188,0
DA:200,0
DA:201,0
DA:202,0
DA:204,0
DA:205,0
DA:212,0
DA:217,0
DA:223,0
DA:224,0
DA:236,0
DA:237,0
DA:238,0
DA:240,0
DA:242,0
DA:243,0
DA:250,0
DA:251,0
DA:253,0
DA:256,0
DA:267,0
DA:268,0
DA:269,0
DA:280,0
DA:284,0
DA:290,0
DA:291,0
DA:299,0
DA:302,0
DA:303,0
DA:305,0
LF:77
LH:0
BRDA:20,0,0,0
BRDA:20,0,1,0
BRDA:21,1,0,0
BRDA:21,1,1,0
BRDA:27,2,0,0
BRDA:27,2,1,0
BRDA:31,3,0,0
BRDA:31,3,1,0
BRDA:76,4,0,0
BRDA:76,4,1,0
BRDA:90,5,0,0
BRDA:90,5,1,0
BRDA:117,6,0,0
BRDA:117,6,1,0
BRDA:126,7,0,0
BRDA:126,7,1,0
BRDA:161,8,0,0
BRDA:161,8,1,0
BRDA:175,9,0,0
BRDA:175,9,1,0
BRDA:184,10,0,0
BRDA:184,10,1,0
BRDA:204,11,0,0
BRDA:204,11,1,0
BRDA:242,12,0,0
BRDA:242,12,1,0
BRDA:258,13,0,0
BRDA:258,13,1,0
BRDA:262,14,0,0
BRDA:262,14,1,0
BRDA:267,15,0,0
BRDA:267,15,1,0
BRDA:275,16,0,0
BRDA:275,16,1,0
BRDA:287,17,0,0
BRDA:287,17,1,0
BRDA:302,18,0,0
BRDA:302,18,1,0
BRDA:302,19,0,0
BRDA:302,19,1,0
BRDA:302,19,2,0
BRF:41
BRH:0
end_of_record
TN:
SF:src/controllers/appointmentController.mjs
FN:15,(anonymous_0)
FN:86,(anonymous_1)
FN:124,(anonymous_2)
FN:174,(anonymous_3)
FN:198,(anonymous_4)
FN:260,(anonymous_5)
FN:352,(anonymous_6)
FN:391,(anonymous_7)
FN:418,(anonymous_8)
FN:446,(anonymous_9)
FN:500,(anonymous_10)
FN:594,(anonymous_11)
FN:668,(anonymous_12)
FN:684,(anonymous_13)
FN:702,(anonymous_14)
FN:755,(anonymous_15)
FN:816,(anonymous_16)
FNF:17
FNH:0
FNDA:0,(anonymous_0)
FNDA:0,(anonymous_1)
FNDA:0,(anonymous_2)
FNDA:0,(anonymous_3)
FNDA:0,(anonymous_4)
FNDA:0,(anonymous_5)
FNDA:0,(anonymous_6)
FNDA:0,(anonymous_7)
FNDA:0,(anonymous_8)
FNDA:0,(anonymous_9)
FNDA:0,(anonymous_10)
FNDA:0,(anonymous_11)
FNDA:0,(anonymous_12)
FNDA:0,(anonymous_13)
FNDA:0,(anonymous_14)
FNDA:0,(anonymous_15)
FNDA:0,(anonymous_16)
DA:15,0
DA:29,0
DA:32,0
DA:33,0
DA:34,0
DA:38,0
DA:40,0
DA:41,0
DA:42,0
DA:43,0
DA:45,0
DA:48,0
DA:51,0
DA:71,0
DA:86,0
DA:87,0
DA:90,0
DA:93,0
DA:95,0
DA:97,0
DA:99,0
DA:100,0
DA:101,0
DA:102,0
DA:103,0
DA:104,0
DA:106,0
DA:110,0
DA:111,0
DA:116,0
DA:124,0
DA:125,0
DA:128,0
DA:129,0
DA:133,0
DA:134,0
DA:137,0
DA:139,0
DA:140,0
DA:144,0
DA:150,0
DA:151,0
DA:155,0
DA:158,0
DA:159,0
DA:160,0
DA:162,0
DA:174,0
DA:175,0
DA:180,0
DA:182,0
DA:183,0
DA:186,0
DA:190,0
DA:191,0
DA:192,0
DA:197,0
DA:198,0
DA:199,0
DA:200,0
DA:201,0
DA:207,0
DA:209,0
DA:211,0
DA:213,0
DA:214,0
DA:215,0
DA:216,0
DA:217,0
DA:218,0
DA:220,0
DA:224,0
DA:225,0
DA:231,0
DA:232,0
DA:235,0
DA:236,0
DA:239,0
DA:240,0
DA:243,0
DA:244,0
DA:247,0
DA:249,0
DA:251,0
DA:260,0
DA:262,0
DA:263,0
DA:264,0
DA:267,0
DA:271,0
DA:272,0
DA:273,0
DA:274,0
DA:277,0
DA:280,0
DA:281,0
DA:282,0
DA:285,0
DA:286,0
DA:288,0
DA:289,0
DA:292,0
DA:293,0
DA:295,0
DA:296,0
DA:297,0
DA:301,0
DA:302,0
DA:303,0
DA:304,0
DA:306,0
DA:307,0
DA:310,0
DA:314,0
DA:315,0
DA:318,0
DA:321,0
DA:323,0
DA:326,0
DA:329,0
DA:334,0
DA:339,0
DA:340,0
DA:342,0
DA:343,0
DA:352,0
DA:354,0
DA:355,0
DA:356,0
DA:359,0
DA:362,0
DA:364,0
DA:365,0
DA:369,0
DA:375,0
DA:376,0
DA:380,0
DA:382,0
DA:383,0
DA:385,0
DA:386,0
DA:390,0
DA:391,0
DA:392,0
DA:393,0
DA:397,0
DA:401,0
DA:407,0
DA:418,0
DA:420,0
DA:421,0
DA:424,0
DA:426,0
DA:431,0
DA:432,0
DA:435,0
DA:446,0
DA:447,0
DA:450,0
DA:451,0
DA:453,0
DA:454,0
DA:467,0
DA:469,0
DA:485,0
DA:500,0
DA:501,0
DA:502,0
DA:508,0
DA:511,0
DA:512,0
DA:513,0
DA:520,0
DA:521,0
DA:523,0
DA:524,0
DA:525,0
DA:531,0
DA:532,0
DA:533,0
DA:549,0
DA:551,0
DA:553,0
DA:564,0
DA:571,0
DA:580,0
DA:581,0
DA:594,0
DA:595,0
DA:596,0
DA:601,0
DA:604,0
DA:605,0
DA:606,0
DA:607,0
DA:613,0
DA:621,0
DA:623,0
DA:624,0
DA:625,0
DA:626,0
DA:632,0
DA:640,0
DA:648,0
DA:654,0
DA:655,0
DA:668,0
DA:669,0
DA:671,0
DA:672,0
DA:674,0
DA:675,0
DA:684,0
DA:685,0
DA:687,0
DA:688,0
DA:690,0
DA:691,0
DA:702,0
DA:703,0
DA:704,0
DA:705,0
DA:706,0
DA:709,0
DA:710,0
DA:711,0
DA:715,0
DA:716,0
DA:717,0
DA:718,0
DA:721,0
DA:722,0
DA:723,0
DA:724,0
DA:725,0
DA:726,0
DA:727,0
DA:731,0
DA:732,0
DA:733,0
DA:734,0
DA:735,0
DA:736,0
DA:737,0
DA:740,0
DA:741,0
DA:742,0
DA:744,0
DA:745,0
DA:746,0
DA:755,0
DA:756,0
DA:758,0
DA:759,0
DA:762,0
DA:764,0
DA:767,0
DA:769,0
DA:770,0
DA:773,0
DA:776,0
DA:777,0
DA:780,0
DA:782,0
DA:783,0
DA:784,0
DA:785,0
DA:786,0
DA:787,0
DA:789,0
DA:793,0
DA:794,0
DA:798,0
DA:801,0
DA:806,0
DA:807,0
DA:816,0
DA:817,0
DA:818,0
DA:823,0
DA:826,0
DA:827,0
DA:828,0
DA:829,0
DA:834,0
DA:835,0
DA:836,0
DA:837,0
DA:838,0
DA:843,0
DA:846,0
DA:847,0
DA:854,0
DA:862,0
DA:863,0
DA:866,0
DA:875,0
DA:877,0
DA:882,0
DA:896,0
DA:911,0
DA:914,0
DA:925,0
DA:953,0
LF:304
LH:0
BRDA:33,0,0,0
BRDA:33,0,1,0
BRDA:33,1,0,0
BRDA:33,1,1,0
BRDA:38,2,0,0
BRDA:38,2,1,0
BRDA:40,3,0,0
BRDA:40,3,1,0
BRDA:42,4,0,0
BRDA:42,4,1,0
BRDA:87,5,0,0
BRDA:87,5,1,0
BRDA:93,6,0,0
BRDA:93,6,1,0
BRDA:95,7,0,0
BRDA:95,7,1,0
BRDA:97,8,0,0
BRDA:97,8,1,0
BRDA:97,9,0,0
BRDA:97,9,1,0
BRDA:97,9,2,0
BRDA:100,10,0,0
BRDA:100,10,1,0
BRDA:110,11,0,0
BRDA:110,11,1,0
BRDA:128,12,0,0
BRDA:128,12,1,0
BRDA:128,13,0,0
BRDA:128,13,1,0
BRDA:133,14,0,0
BRDA:133,14,1,0
BRDA:139,15,0,0
BRDA:139,15,1,0
BRDA:150,16,0,0
BRDA:150,16,1,0
BRDA:175,17,0,0
BRDA:175,17,1,0
BRDA:182,18,0,0
BRDA:182,18,1,0
BRDA:182,19,0,0
BRDA:182,19,1,0
BRDA:190,20,0,0
BRDA:190,20,1,0
BRDA:191,21,0,0
BRDA:191,21,1,0
BRDA:191,22,0,0
BRDA:191,22,1,0
BRDA:199,23,0,0
BRDA:199,23,1,0
BRDA:200,24,0,0
BRDA:200,24,1,0
BRDA:200,25,0,0
BRDA:200,25,1,0
BRDA:207,26,0,0
BRDA:207,26,1,0
BRDA:209,27,0,0
BRDA:209,27,1,0
BRDA:211,28,0,0
BRDA:211,28,1,0
BRDA:211,29,0,0
BRDA:211,29,1,0
BRDA:211,29,2,0
BRDA:214,30,0,0
BRDA:214,30,1,0
BRDA:224,31,0,0
BRDA:224,31,1,0
BRDA:231,32,0,0
BRDA:231,32,1,0
BRDA:231,33,0,0
BRDA:231,33,1,0
BRDA:235,34,0,0
BRDA:235,34,1,0
BRDA:235,35,0,0
BRDA:235,35,1,0
BRDA:239,36,0,0
BRDA:239,36,1,0
BRDA:239,37,0,0
BRDA:239,37,1,0
BRDA:243,38,0,0
BRDA:243,38,1,0
BRDA:243,39,0,0
BRDA:243,39,1,0
BRDA:263,40,0,0
BRDA:263,40,1,0
BRDA:271,41,0,0
BRDA:271,41,1,0
BRDA:273,42,0,0
BRDA:273,42,1,0
BRDA:288,43,0,0
BRDA:288,43,1,0
BRDA:292,44,0,0
BRDA:292,44,1,0
BRDA:296,45,0,0
BRDA:296,45,1,0
BRDA:303,46,0,0
BRDA:303,46,1,0
BRDA:314,47,0,0
BRDA:314,47,1,0
BRDA:314,48,0,0
BRDA:314,48,1,0
BRDA:321,49,0,0
BRDA:321,49,1,0
BRDA:321,50,0,0
BRDA:321,50,1,0
BRDA:339,51,0,0
BRDA:339,51,1,0
BRDA:355,52,0,0
BRDA:355,52,1,0
BRDA:364,53,0,0
BRDA:364,53,1,0
BRDA:375,54,0,0
BRDA:375,54,1,0
BRDA:380,55,0,0
BRDA:380,55,1,0
BRDA:385,56,0,0
BRDA:385,56,1,0
BRDA:385,57,0,0
BRDA:385,57,1,0
BRDA:392,58,0,0
BRDA:392,58,1,0
BRDA:420,59,0,0
BRDA:420,59,1,0
BRDA:431,60,0,0
BRDA:431,60,1,0
BRDA:450,61,0,0
BRDA:450,61,1,0
BRDA:453,62,0,0
BRDA:453,62,1,0
BRDA:453,63,0,0
BRDA:453,63,1,0
BRDA:460,64,0,0
BRDA:461,65,0,0
BRDA:462,66,0,0
BRDA:463,67,0,0
BRDA:511,68,0,0
BRDA:511,68,1,0
BRDA:520,69,0,0
BRDA:520,69,1,0
BRDA:523,70,0,0
BRDA:523,70,1,0
BRDA:531,71,0,0
BRDA:531,71,1,0
BRDA:542,72,0,0
BRDA:543,73,0,0
BRDA:544,74,0,0
BRDA:545,75,0,0
BRDA:564,76,0,0
BRDA:564,76,1,0
BRDA:573,77,0,0
BRDA:573,77,1,0
BRDA:574,78,0,0
BRDA:574,78,1,0
BRDA:575,79,0,0
BRDA:575,79,1,0
BRDA:576,80,0,0
BRDA:576,80,1,0
BRDA:577,81,0,0
BRDA:577,81,1,0
BRDA:584,82,0,0
BRDA:584,82,1,0
BRDA:604,83,0,0
BRDA:604,83,1,0
BRDA:606,84,0,0
BRDA:606,84,1,0
BRDA:621,85,0,0
BRDA:621,85,1,0
BRDA:623,86,0,0
BRDA:623,86,1,0
BRDA:625,87,0,0
BRDA:625,87,1,0
BRDA:640,88,0,0
BRDA:640,88,1,0
BRDA:658,89,0,0
BRDA:658,89,1,0
BRDA:709,90,0,0
BRDA:709,90,1,0
BRDA:709,91,0,0
BRDA:709,91,1,0
BRDA:721,92,0,0
BRDA:721,92,1,0
BRDA:724,93,0,0
BRDA:724,93,1,0
BRDA:731,94,0,0
BRDA:731,94,1,0
BRDA:734,95,0,0
BRDA:734,95,1,0
BRDA:758,96,0,0
BRDA:758,96,1,0
BRDA:758,97,0,0
BRDA:758,97,1,0
BRDA:769,98,0,0
BRDA:769,98,1,0
BRDA:776,99,0,0
BRDA:776,99,1,0
BRDA:776,100,0,0
BRDA:776,100,1,0
BRDA:780,101,0,0
BRDA:780,101,1,0
BRDA:780,102,0,0
BRDA:780,102,1,0
BRDA:780,102,2,0
BRDA:783,103,0,0
BRDA:783,103,1,0
BRDA:793,104,0,0
BRDA:793,104,1,0
BRDA:826,105,0,0
BRDA:826,105,1,0
BRDA:828,106,0,0
BRDA:828,106,1,0
BRDA:835,107,0,0
BRDA:835,107,1,0
BRDA:837,108,0,0
BRDA:837,108,1,0
BRDA:846,109,0,0
BRDA:846,109,1,0
BRDA:855,110,0,0
BRDA:855,110,1,0
BRDA:856,111,0,0
BRDA:856,111,1,0
BRDA:857,112,0,0
BRDA:857,112,1,0
BRDA:858,113,0,0
BRDA:858,113,1,0
BRDA:859,114,0,0
BRDA:859,114,1,0
BRF:225
BRH:0
end_of_record
TN:
SF:src/controllers/assessmentController.mjs
FN:17,(anonymous_0)
FN:65,(anonymous_1)
FN:103,(anonymous_2)
FN:133,(anonymous_3)
FN:160,(anonymous_4)
FN:194,(anonymous_5)
FN:229,(anonymous_6)
FNF:7
FNH:0
FNDA:0,(anonymous_0)
FNDA:0,(anonymous_1)
FNDA:0,(anonymous_2)
FNDA:0,(anonymous_3)
FNDA:0,(anonymous_4)
FNDA:0,(anonymous_5)
FNDA:0,(anonymous_6)
DA:18,0
DA:19,0
DA:20,0
DA:21,0
DA:24,0
DA:26,0
DA:27,0
DA:29,0
DA:30,0
DA:32,0
DA:33,0
DA:35,0
DA:36,0
DA:38,0
DA:39,0
DA:43,0
DA:50,0
DA:54,0
DA:55,0
DA:66,0
DA:67,0
DA:68,0
DA:69,0
DA:71,0
DA:72,0
DA:74,0
DA:75,0
DA:77,0
DA:78,0
DA:82,0
DA:88,0
DA:92,0
DA:93,0
DA:104,0
DA:105,0
DA:106,0
DA:107,0
DA:109,0
DA:110,0
DA:112,0
DA:113,0
DA:116,0
DA:118,0
DA:122,0
DA:123,0
DA:134,0
DA:135,0
DA:137,0
DA:138,0
DA:143,0
DA:145,0
DA:149,0
DA:150,0
DA:161,0
DA:162,0
DA:164,0
DA:165,0
DA:170,0
DA:172,0
DA:174,0
DA:179,0
DA:183,0
DA:184,0
DA:195,0
DA:196,0
DA:197,0
DA:199,0
DA:200,0
DA:205,0
DA:212,0
DA:214,0
DA:218,0
DA:219,0
DA:230,0
DA:231,0
DA:233,0
DA:234,0
DA:238,0
DA:240,0
DA:247,0
DA:248,0
LF:81
LH:0
BRDA:26,0,0,0
BRDA:26,0,1,0
BRDA:29,1,0,0
BRDA:29,1,1,0
BRDA:32,2,0,0
BRDA:32,2,1,0
BRDA:35,3,0,0
BRDA:35,3,1,0
BRDA:38,4,0,0
BRDA:38,4,1,0
BRDA:38,5,0,0
BRDA:38,5,1,0
BRDA:38,5,2,0
BRDA:55,6,0,0
BRDA:55,6,1,0
BRDA:71,7,0,0
BRDA:71,7,1,0
BRDA:74,8,0,0
BRDA:74,8,1,0
BRDA:77,9,0,0
BRDA:77,9,1,0
BRDA:77,10,0,0
BRDA:77,10,1,0
BRDA:93,11,0,0
BRDA:93,11,1,0
BRDA:109,12,0,0
BRDA:109,12,1,0
BRDA:112,13,0,0
BRDA:112,13,1,0
BRDA:123,14,0,0
BRDA:123,14,1,0
BRDA:137,15,0,0
BRDA:137,15,1,0
BRDA:150,16,0,0
BRDA:150,16,1,0
BRDA:164,17,0,0
BRDA:164,17,1,0
BRDA:172,18,0,0
BRDA:172,18,1,0
BRDA:184,19,0,0
BRDA:184,19,1,0
BRDA:199,20,0,0
BRDA:199,20,1,0
BRDA:206,21,0,0
BRDA:206,21,1,0
BRDA:207,22,0,0
BRDA:207,22,1,0
BRDA:208,23,0,0
BRDA:208,23,1,0
BRDA:209,24,0,0
BRDA:209,24,1,0
BRDA:219,25,0,0
BRDA:219,25,1,0
BRDA:233,26,0,0
BRDA:233,26,1,0
BRDA:248,27,0,0
BRDA:248,27,1,0
BRF:57
BRH:0
end_of_record
TN:
SF:src/controllers/authController.mjs
FN:19,(anonymous_0)
FN:45,(anonymous_1)
FN:101,(anonymous_2)
FN:121,(anonymous_3)
FN:142,(anonymous_4)
FN:203,(anonymous_5)
FN:219,(anonymous_6)
FN:241,(anonymous_7)
FN:262,(anonymous_8)
FN:284,(anonymous_9)
FN:307,(anonymous_10)
FN:330,(anonymous_11)
FN:355,(anonymous_12)
FN:374,(anonymous_13)
FNF:14
FNH:0
FNDA:0,(anonymous_0)
FNDA:0,(anonymous_1)
FNDA:0,(anonymous_2)
FNDA:0,(anonymous_3)
FNDA:0,(anonymous_4)
FNDA:0,(anonymous_5)
FNDA:0,(anonymous_6)
FNDA:0,(anonymous_7)
FNDA:0,(anonymous_8)
FNDA:0,(anonymous_9)
FNDA:0,(anonymous_10)
FNDA:0,(anonymous_11)
FNDA:0,(anonymous_12)
FNDA:0,(anonymous_13)
DA:12,0
DA:19,0
DA:21,0
DA:22,0
DA:23,0
DA:26,0
DA:32,0
DA:45,0
DA:46,0
DA:48,0
DA:49,0
DA:56,0
DA:57,0
DA:58,0
DA:61,0
DA:64,0
DA:65,0
DA:68,0
DA:69,0
DA:77,0
DA:80,0
DA:81,0
DA:87,0
DA:90,0
DA:101,0
DA:103,0
DA:104,0
DA:105,0
DA:108,0
DA:110,0
DA:113,0
DA:121,0
DA:122,0
DA:124,0
DA:125,0
DA:128,0
DA:134,0
DA:142,0
DA:143,0
DA:145,0
DA:151,0
DA:153,0
DA:154,0
DA:158,0
DA:165,0
DA:177,0
DA:184,0
DA:189,0
DA:191,0
DA:203,0
DA:204,0
DA:206,0
DA:219,0
DA:221,0
DA:222,0
DA:223,0
DA:226,0
DA:228,0
DA:230,0
DA:241,0
DA:243,0
DA:244,0
DA:245,0
DA:248,0
DA:249,0
DA:251,0
DA:254,0
DA:262,0
DA:264,0
DA:265,0
DA:266,0
DA:269,0
DA:271,0
DA:273,0
DA:284,0
DA:286,0
DA:287,0
DA:288,0
DA:291,0
DA:293,0
DA:295,0
DA:307,0
DA:308,0
DA:310,0
DA:311,0
DA:314,0
DA:317,0
DA:319,0
DA:330,0
DA:332,0
DA:333,0
DA:334,0
DA:337,0
DA:339,0
DA:341,0
DA:355,0
DA:357,0
DA:360,0
DA:374,0
DA:375,0
DA:382,0
DA:386,0
DA:402,0
DA:418,0
DA:421,0
DA:440,0
DA:445,0
DA:450,0
DA:454,0
DA:468,0
DA:483,0
DA:488,0
DA:507,0
LF:113
LH:0
BRDA:22,0,0,0
BRDA:22,0,1,0
BRDA:48,1,0,0
BRDA:48,1,1,0
BRDA:57,2,0,0
BRDA:57,2,1,0
BRDA:68,3,0,0
BRDA:68,3,1,0
BRDA:83,4,0,0
BRDA:83,4,1,0
BRDA:104,5,0,0
BRDA:104,5,1,0
BRDA:124,6,0,0
BRDA:124,6,1,0
BRDA:124,7,0,0
BRDA:124,7,1,0
BRDA:145,8,0,0
BRDA:145,8,1,0
BRDA:146,9,0,0
BRDA:146,9,1,0
BRDA:146,10,0,0
BRDA:146,10,1,0
BRDA:151,11,0,0
BRDA:151,11,1,0
BRDA:154,12,0,0
BRDA:154,12,1,0
BRDA:154,13,0,0
BRDA:154,13,1,0
BRDA:222,14,0,0
BRDA:222,14,1,0
BRDA:244,15,0,0
BRDA:244,15,1,0
BRDA:265,16,0,0
BRDA:265,16,1,0
BRDA:287,17,0,0
BRDA:287,17,1,0
BRDA:297,18,0,0
BRDA:297,18,1,0
BRDA:310,19,0,0
BRDA:310,19,1,0
BRDA:333,20,0,0
BRDA:333,20,1,0
BRDA:355,21,0,0
BRF:43
BRH:0
end_of_record
TN:
SF:src/controllers/availabilityController.mjs
FN:13,(anonymous_0)
FN:58,(anonymous_1)
FN:154,(anonymous_2)
FN:162,(anonymous_3)
FN:224,(anonymous_4)
FN:235,(anonymous_5)
FN:295,(anonymous_6)
FN:351,(anonymous_7)
FN:381,(anonymous_8)
FN:437,(anonymous_9)
FN:493,(anonymous_10)
FN:549,(anonymous_11)
FNF:12
FNH:0
FNDA:0,(anonymous_0)
FNDA:0,(anonymous_1)
FNDA:0,(anonymous_2)
FNDA:0,(anonymous_3)
FNDA:0,(anonymous_4)
FNDA:0,(anonymous_5)
FNDA:0,(anonymous_6)
FNDA:0,(anonymous_7)
FNDA:0,(anonymous_8)
FNDA:0,(anonymous_9)
FNDA:0,(anonymous_10)
FNDA:0,(anonymous_11)
DA:13,0
DA:14,0
DA:15,0
DA:18,0
DA:19,0
DA:22,0
DA:24,0
DA:25,0
DA:27,0
DA:28,0
DA:32,0
DA:33,0
DA:36,0
DA:37,0
DA:40,0
DA:42,0
DA:48,0
DA:49,0
DA:58,0
DA:59,0
DA:60,0
DA:62,0
DA:65,0
DA:66,0
DA:69,0
DA:70,0
DA:71,0
DA:72,0
DA:75,0
DA:76,0
DA:78,0
DA:79,0
DA:80,0
DA:82,0
DA:85,0
DA:86,0
DA:88,0
DA:89,0
DA:91,0
DA:92,0
DA:96,0
DA:97,0
DA:100,0
DA:101,0
DA:105,0
DA:108,0
DA:110,0
DA:111,0
DA:112,0
DA:116,0
DA:117,0
DA:120,0
DA:121,0
DA:122,0
DA:124,0
DA:130,0
DA:131,0
DA:140,0
DA:156,0
DA:157,0
DA:159,0
DA:164,0
DA:165,0
DA:166,0
DA:170,0
DA:173,0
DA:175,0
DA:176,0
DA:177,0
DA:179,0
DA:180,0
DA:182,0
DA:183,0
DA:187,0
DA:188,0
DA:191,0
DA:192,0
DA:194,0
DA:200,0
DA:201,0
DA:203,0
DA:213,0
DA:226,0
DA:227,0
DA:229,0
DA:237,0
DA:238,0
DA:239,0
DA:242,0
DA:246,0
DA:248,0
DA:249,0
DA:253,0
DA:255,0
DA:256,0
DA:257,0
DA:259,0
DA:260,0
DA:262,0
DA:263,0
DA:267,0
DA:268,0
DA:271,0
DA:272,0
DA:274,0
DA:280,0
DA:281,0
DA:282,0
DA:283,0
DA:285,0
DA:295,0
DA:296,0
DA:300,0
DA:302,0
DA:303,0
DA:307,0
DA:308,0
DA:312,0
DA:314,0
DA:315,0
DA:316,0
DA:318,0
DA:319,0
DA:321,0
DA:322,0
DA:326,0
DA:327,0
DA:330,0
DA:331,0
DA:333,0
DA:339,0
DA:340,0
DA:342,0
DA:351,0
DA:352,0
DA:354,0
DA:355,0
DA:358,0
DA:360,0
DA:362,0
DA:363,0
DA:366,0
DA:371,0
DA:372,0
DA:381,0
DA:382,0
DA:383,0
DA:386,0
DA:387,0
DA:390,0
DA:391,0
DA:395,0
DA:397,0
DA:398,0
DA:399,0
DA:401,0
DA:402,0
DA:404,0
DA:405,0
DA:409,0
DA:410,0
DA:413,0
DA:414,0
DA:421,0
DA:427,0
DA:428,0
DA:437,0
DA:438,0
DA:439,0
DA:442,0
DA:443,0
DA:447,0
DA:448,0
DA:451,0
DA:452,0
DA:456,0
DA:458,0
DA:459,0
DA:460,0
DA:462,0
DA:463,0
DA:465,0
DA:466,0
DA:470,0
DA:471,0
DA:474,0
DA:482,0
DA:493,0
DA:494,0
DA:495,0
DA:498,0
DA:499,0
DA:503,0
DA:504,0
DA:507,0
DA:508,0
DA:512,0
DA:514,0
DA:515,0
DA:516,0
DA:518,0
DA:519,0
DA:521,0
DA:522,0
DA:526,0
DA:527,0
DA:530,0
DA:538,0
DA:549,0
DA:550,0
DA:551,0
DA:554,0
DA:555,0
DA:559,0
DA:560,0
DA:563,0
DA:564,0
DA:568,0
DA:570,0
DA:571,0
DA:572,0
DA:574,0
DA:575,0
DA:577,0
DA:578,0
DA:582,0
DA:583,0
DA:586,0
DA:594,0
DA:601,0
DA:611,0
LF:231
LH:0
BRDA:18,0,0,0
BRDA:18,0,1,0
BRDA:18,1,0,0
BRDA:18,1,1,0
BRDA:18,1,2,0
BRDA:25,2,0,0
BRDA:25,2,1,0
BRDA:27,3,0,0
BRDA:27,3,1,0
BRDA:32,4,0,0
BRDA:32,4,1,0
BRDA:33,5,0,0
BRDA:33,5,1,0
BRDA:36,6,0,0
BRDA:36,6,1,0
BRDA:36,7,0,0
BRDA:36,7,1,0
BRDA:36,7,2,0
BRDA:36,7,3,0
BRDA:65,8,0,0
BRDA:65,8,1,0
BRDA:65,9,0,0
BRDA:65,9,1,0
BRDA:65,9,2,0
BRDA:75,10,0,0
BRDA:75,10,1,0
BRDA:79,11,0,0
BRDA:79,11,1,0
BRDA:88,12,0,0
BRDA:88,12,1,0
BRDA:96,13,0,0
BRDA:96,13,1,0
BRDA:97,14,0,0
BRDA:97,14,1,0
BRDA:100,15,0,0
BRDA:100,15,1,0
BRDA:100,16,0,0
BRDA:100,16,1,0
BRDA:100,16,2,0
BRDA:100,16,3,0
BRDA:111,17,0,0
BRDA:111,17,1,0
BRDA:116,18,0,0
BRDA:116,18,1,0
BRDA:116,19,0,0
BRDA:116,19,1,0
BRDA:156,20,0,0
BRDA:156,20,1,0
BRDA:165,21,0,0
BRDA:165,21,1,0
BRDA:175,22,0,0
BRDA:175,22,1,0
BRDA:175,23,0,0
BRDA:175,23,1,0
BRDA:177,24,0,0
BRDA:177,24,1,0
BRDA:182,25,0,0
BRDA:182,25,1,0
BRDA:182,26,0,0
BRDA:182,26,1,0
BRDA:187,27,0,0
BRDA:187,27,1,0
BRDA:200,28,0,0
BRDA:200,28,1,0
BRDA:226,29,0,0
BRDA:226,29,1,0
BRDA:226,30,0,0
BRDA:226,30,1,0
BRDA:238,31,0,0
BRDA:238,31,1,0
BRDA:248,32,0,0
BRDA:248,32,1,0
BRDA:255,33,0,0
BRDA:255,33,1,0
BRDA:255,34,0,0
BRDA:255,34,1,0
BRDA:257,35,0,0
BRDA:257,35,1,0
BRDA:262,36,0,0
BRDA:262,36,1,0
BRDA:262,37,0,0
BRDA:262,37,1,0
BRDA:267,38,0,0
BRDA:267,38,1,0
BRDA:280,39,0,0
BRDA:280,39,1,0
BRDA:282,40,0,0
BRDA:282,40,1,0
BRDA:302,41,0,0
BRDA:302,41,1,0
BRDA:307,42,0,0
BRDA:307,42,1,0
BRDA:314,43,0,0
BRDA:314,43,1,0
BRDA:314,44,0,0
BRDA:314,44,1,0
BRDA:316,45,0,0
BRDA:316,45,1,0
BRDA:321,46,0,0
BRDA:321,46,1,0
BRDA:321,47,0,0
BRDA:321,47,1,0
BRDA:326,48,0,0
BRDA:326,48,1,0
BRDA:339,49,0,0
BRDA:339,49,1,0
BRDA:354,50,0,0
BRDA:354,50,1,0
BRDA:354,51,0,0
BRDA:354,51,1,0
BRDA:362,52,0,0
BRDA:362,52,1,0
BRDA:386,53,0,0
BRDA:386,53,1,0
BRDA:387,54,0,0
BRDA:387,54,1,0
BRDA:390,55,0,0
BRDA:390,55,1,0
BRDA:390,56,0,0
BRDA:390,56,1,0
BRDA:390,56,2,0
BRDA:390,56,3,0
BRDA:397,57,0,0
BRDA:397,57,1,0
BRDA:397,58,0,0
BRDA:397,58,1,0
BRDA:399,59,0,0
BRDA:399,59,1,0
BRDA:404,60,0,0
BRDA:404,60,1,0
BRDA:404,61,0,0
BRDA:404,61,1,0
BRDA:409,62,0,0
BRDA:409,62,1,0
BRDA:442,63,0,0
BRDA:442,63,1,0
BRDA:447,64,0,0
BRDA:447,64,1,0
BRDA:448,65,0,0
BRDA:448,65,1,0
BRDA:451,66,0,0
BRDA:451,66,1,0
BRDA:451,67,0,0
BRDA:451,67,1,0
BRDA:451,67,2,0
BRDA:451,67,3,0
BRDA:458,68,0,0
BRDA:458,68,1,0
BRDA:458,69,0,0
BRDA:458,69,1,0
BRDA:460,70,0,0
BRDA:460,70,1,0
BRDA:465,71,0,0
BRDA:465,71,1,0
BRDA:465,72,0,0
BRDA:465,72,1,0
BRDA:470,73,0,0
BRDA:470,73,1,0
BRDA:498,74,0,0
BRDA:498,74,1,0
BRDA:503,75,0,0
BRDA:503,75,1,0
BRDA:504,76,0,0
BRDA:504,76,1,0
BRDA:507,77,0,0
BRDA:507,77,1,0
BRDA:507,78,0,0
BRDA:507,78,1,0
BRDA:507,78,2,0
BRDA:507,78,3,0
BRDA:514,79,0,0
BRDA:514,79,1,0
BRDA:514,80,0,0
BRDA:514,80,1,0
BRDA:516,81,0,0
BRDA:516,81,1,0
BRDA:521,82,0,0
BRDA:521,82,1,0
BRDA:521,83,0,0
BRDA:521,83,1,0
BRDA:526,84,0,0
BRDA:526,84,1,0
BRDA:554,85,0,0
BRDA:554,85,1,0
BRDA:559,86,0,0
BRDA:559,86,1,0
BRDA:560,87,0,0
BRDA:560,87,1,0
BRDA:563,88,0,0
BRDA:563,88,1,0
BRDA:563,89,0,0
BRDA:563,89,1,0
BRDA:563,89,2,0
BRDA:563,89,3,0
BRDA:570,90,0,0
BRDA:570,90,1,0
BRDA:570,91,0,0
BRDA:570,91,1,0
BRDA:572,92,0,0
BRDA:572,92,1,0
BRDA:577,93,0,0
BRDA:577,93,1,0
BRDA:577,94,0,0
BRDA:577,94,1,0
BRDA:582,95,0,0
BRDA:582,95,1,0
BRF:206
BRH:0
end_of_record
TN:
SF:src/controllers/clinicAuthController.mjs
FN:16,(anonymous_0)
FN:61,(anonymous_1)
FN:108,(anonymous_2)
FN:140,(anonymous_3)
FN:181,(anonymous_4)
FN:212,(anonymous_5)
FN:245,(anonymous_6)
FN:282,(anonymous_7)
FN:339,(anonymous_8)
FN:380,(anonymous_9)
FN:397,(anonymous_10)
FNF:11
FNH:0
FNDA:0,(anonymous_0)
FNDA:0,(anonymous_1)
FNDA:0,(anonymous_2)
FNDA:0,(anonymous_3)
FNDA:0,(anonymous_4)
FNDA:0,(anonymous_5)
FNDA:0,(anonymous_6)
FNDA:0,(anonymous_7)
FNDA:0,(anonymous_8)
FNDA:0,(anonymous_9)
FNDA:0,(anonymous_10)
DA:9,0
DA:16,0
DA:17,0
DA:18,0
DA:19,0
DA:20,0
DA:26,0
DA:29,0
DA:34,0
DA:35,0
DA:38,0
DA:48,0
DA:49,0
DA:61,0
DA:62,0
DA:63,0
DA:64,0
DA:65,0
DA:71,0
DA:73,0
DA:76,0
DA:81,0
DA:82,0
DA:85,0
DA:95,0
DA:96,0
DA:108,0
DA:109,0
DA:110,0
DA:111,0
DA:112,0
DA:118,0
DA:120,0
DA:122,0
DA:127,0
DA:128,0
DA:140,0
DA:141,0
DA:142,0
DA:143,0
DA:149,0
DA:151,0
DA:152,0
DA:158,0
DA:163,0
DA:168,0
DA:169,0
DA:181,0
DA:182,0
DA:184,0
DA:185,0
DA:187,0
DA:189,0
DA:192,0
DA:199,0
DA:200,0
DA:212,0
DA:213,0
DA:214,0
DA:215,0
DA:216,0
DA:222,0
DA:224,0
DA:227,0
DA:232,0
DA:233,0
DA:245,0
DA:246,0
DA:247,0
DA:248,0
DA:249,0
DA:255,0
DA:257,0
DA:258,0
DA:263,0
DA:269,0
DA:270,0
DA:282,0
DA:283,0
DA:284,0
DA:285,0
DA:286,0
DA:292,0
DA:293,0
DA:299,0
DA:301,0
DA:302,0
DA:309,0
DA:310,0
DA:311,0
DA:318,0
DA:319,0
DA:321,0
DA:326,0
DA:327,0
DA:339,0
DA:340,0
DA:341,0
DA:342,0
DA:348,0
DA:351,0
DA:356,0
DA:357,0
DA:360,0
DA:367,0
DA:368,0
DA:380,0
DA:381,0
DA:382,0
DA:383,0
DA:385,0
DA:388,0
DA:397,0
DA:398,0
DA:399,0
DA:402,0
DA:403,0
DA:405,0
DA:418,0
DA:419,0
DA:421,0
DA:424,0
DA:425,0
DA:426,0
DA:429,0
DA:430,0
DA:433,0
DA:434,0
DA:436,0
DA:437,0
DA:438,0
DA:441,0
DA:449,0
DA:458,0
DA:461,0
DA:466,0
DA:469,0
DA:470,0
DA:473,0
DA:474,0
DA:477,0
DA:478,0
DA:481,0
DA:482,0
DA:486,0
DA:490,0
DA:491,0
DA:492,0
DA:497,0
DA:512,0
DA:527,0
DA:530,0
DA:554,0
DA:559,0
DA:564,0
DA:568,0
DA:582,0
DA:610,0
LF:158
LH:0
BRDA:19,0,0,0
BRDA:19,0,1,0
BRDA:34,1,0,0
BRDA:34,1,1,0
BRDA:51,2,0,0
BRDA:51,2,1,0
BRDA:64,3,0,0
BRDA:64,3,1,0
BRDA:81,4,0,0
BRDA:81,4,1,0
BRDA:98,5,0,0
BRDA:98,5,1,0
BRDA:111,6,0,0
BRDA:111,6,1,0
BRDA:130,7,0,0
BRDA:130,7,1,0
BRDA:142,8,0,0
BRDA:142,8,1,0
BRDA:151,9,0,0
BRDA:151,9,1,0
BRDA:151,10,0,0
BRDA:151,10,1,0
BRDA:151,10,2,0
BRDA:171,11,0,0
BRDA:171,11,1,0
BRDA:184,12,0,0
BRDA:184,12,1,0
BRDA:185,13,0,0
BRDA:185,13,1,0
BRDA:187,14,0,0
BRDA:187,14,1,0
BRDA:196,15,0,0
BRDA:196,15,1,0
BRDA:215,16,0,0
BRDA:215,16,1,0
BRDA:248,17,0,0
BRDA:248,17,1,0
BRDA:257,18,0,0
BRDA:257,18,1,0
BRDA:272,19,0,0
BRDA:272,19,1,0
BRDA:285,20,0,0
BRDA:285,20,1,0
BRDA:292,21,0,0
BRDA:292,21,1,0
BRDA:301,22,0,0
BRDA:301,22,1,0
BRDA:310,23,0,0
BRDA:310,23,1,0
BRDA:341,24,0,0
BRDA:341,24,1,0
BRDA:356,25,0,0
BRDA:356,25,1,0
BRDA:388,26,0,0
BRDA:388,26,1,0
BRDA:407,27,0,0
BRDA:407,27,1,0
BRDA:409,28,0,0
BRDA:409,28,1,0
BRDA:418,29,0,0
BRDA:418,29,1,0
BRDA:421,30,0,0
BRDA:421,30,1,0
BRDA:424,31,0,0
BRDA:424,31,1,0
BRDA:436,32,0,0
BRDA:436,32,1,0
BRDA:481,33,0,0
BRDA:481,33,1,0
BRDA:481,34,0,0
BRDA:481,34,1,0
BRDA:490,35,0,0
BRDA:490,35,1,0
BRF:73
BRH:0
end_of_record
TN:
SF:src/controllers/clinicController.mjs
FN:10,(anonymous_0)
FNF:1
FNH:0
FNDA:0,(anonymous_0)
DA:10,0
DA:12,0
DA:16,0
DA:17,0
DA:19,0
DA:21,0
DA:23,0
DA:30,0
DA:32,0
DA:41,0
DA:53,0
DA:59,0
DA:64,0
DA:69,0
LF:14
LH:0
BRDA:32,0,0,0
BRDA:32,0,1,0
BRDA:34,1,0,0
BRDA:34,1,1,0
BRF:4
BRH:0
end_of_record
TN:
SF:src/controllers/doctorController.mjs
FN:12,(anonymous_0)
FN:35,(anonymous_1)
FN:62,(anonymous_2)
FN:81,(anonymous_3)
FN:105,(anonymous_4)
FN:132,(anonymous_5)
FN:155,(anonymous_6)
FN:178,(anonymous_7)
FN:191,(anonymous_8)
FN:214,(anonymous_9)
FNF:10
FNH:0
FNDA:0,(anonymous_0)
FNDA:0,(anonymous_1)
FNDA:0,(anonymous_2)
FNDA:0,(anonymous_3)
FNDA:0,(anonymous_4)
FNDA:0,(anonymous_5)
FNDA:0,(anonymous_6)
FNDA:0,(anonymous_7)
FNDA:0,(anonymous_8)
FNDA:0,(anonymous_9)
DA:12,0
DA:14,0
DA:15,0
DA:18,0
DA:20,0
DA:35,0
DA:36,0
DA:39,0
DA:40,0
DA:45,0
DA:47,0
DA:48,0
DA:51,0
DA:62,0
DA:64,0
DA:65,0
DA:68,0
DA:70,0
DA:81,0
DA:82,0
DA:85,0
DA:86,0
DA:90,0
DA:93,0
DA:94,0
DA:98,0
DA:99,0
DA:104,0
DA:105,0
DA:106,0
DA:107,0
DA:112,0
DA:115,0
DA:117,0
DA:118,0
DA:121,0
DA:132,0
DA:134,0
DA:135,0
DA:138,0
DA:140,0
DA:141,0
DA:144,0
DA:155,0
DA:157,0
DA:158,0
DA:161,0
DA:163,0
DA:164,0
DA:167,0
DA:178,0
DA:180,0
DA:181,0
DA:185,0
DA:190,0
DA:191,0
DA:192,0
DA:193,0
DA:197,0
DA:199,0
DA:200,0
DA:203,0
DA:214,0
DA:215,0
DA:216,0
DA:218,0
DA:224,0
DA:231,0
DA:238,0
DA:246,0
DA:258,0
DA:270,0
DA:282,0
LF:73
LH:0
BRDA:14,0,0,0
BRDA:14,0,1,0
BRDA:14,1,0,0
BRDA:14,1,1,0
BRDA:40,2,0,0
BRDA:40,2,1,0
BRDA:40,2,2,0
BRDA:47,3,0,0
BRDA:47,3,1,0
BRDA:64,4,0,0
BRDA:64,4,1,0
BRDA:86,5,0,0
BRDA:86,5,1,0
BRDA:90,6,0,0
BRDA:90,6,1,0
BRDA:93,7,0,0
BRDA:93,7,1,0
BRDA:98,8,0,0
BRDA:98,8,1,0
BRDA:98,9,0,0
BRDA:98,9,1,0
BRDA:106,10,0,0
BRDA:106,10,1,0
BRDA:117,11,0,0
BRDA:117,11,1,0
BRDA:134,12,0,0
BRDA:134,12,1,0
BRDA:140,13,0,0
BRDA:140,13,1,0
BRDA:157,14,0,0
BRDA:157,14,1,0
BRDA:163,15,0,0
BRDA:163,15,1,0
BRDA:180,16,0,0
BRDA:180,16,1,0
BRDA:192,17,0,0
BRDA:192,17,1,0
BRDA:199,18,0,0
BRDA:199,18,1,0
BRDA:220,19,0,0
BRDA:220,19,1,0
BRDA:221,20,0,0
BRDA:221,20,1,0
BRF:43
BRH:0
end_of_record
TN:
SF:src/controllers/googleAuthController.mjs
FN:42,(anonymous_0)
FN:101,(anonymous_1)
FN:104,(anonymous_2)
FN:106,(anonymous_3)
FN:212,(anonymous_4)
FN:290,(anonymous_5)
FNF:6
FNH:0
FNDA:0,(anonymous_0)
FNDA:0,(anonymous_1)
FNDA:0,(anonymous_2)
FNDA:0,(anonymous_3)
FNDA:0,(anonymous_4)
FNDA:0,(anonymous_5)
DA:5,0
DA:14,0
DA:15,0
DA:16,0
DA:18,0
DA:24,0
DA:25,0
DA:29,0
DA:42,0
DA:43,0
DA:44,0
DA:46,0
DA:49,0
DA:52,0
DA:58,0
DA:60,0
DA:63,0
DA:64,0
DA:66,0
DA:67,0
DA:69,0
DA:74,0
DA:80,0
DA:90,0
DA:101,0
DA:102,0
DA:103,0
DA:104,0
DA:105,0
DA:106,0
DA:107,0
DA:111,0
DA:112,0
DA:113,0
DA:116,0
DA:117,0
DA:118,0
DA:121,0
DA:122,0
DA:123,0
DA:125,0
DA:129,0
DA:130,0
DA:131,0
DA:132,0
DA:134,0
DA:135,0
DA:137,0
DA:138,0
DA:139,0
DA:140,0
DA:141,0
DA:146,0
DA:147,0
DA:148,0
DA:149,0
DA:151,0
DA:152,0
DA:155,0
DA:158,0
DA:159,0
DA:160,0
DA:162,0
DA:166,0
DA:167,0
DA:171,0
DA:175,0
DA:176,0
DA:177,0
DA:178,0
DA:179,0
DA:181,0
DA:182,0
DA:184,0
DA:185,0
DA:188,0
DA:190,0
DA:191,0
DA:192,0
DA:195,0
DA:199,0
DA:200,0
DA:201,0
DA:203,0
DA:212,0
DA:213,0
DA:216,0
DA:217,0
DA:219,0
DA:221,0
DA:223,0
DA:224,0
DA:225,0
DA:229,0
DA:230,0
DA:234,0
DA:235,0
DA:243,0
DA:244,0
DA:245,0
DA:247,0
DA:248,0
DA:252,0
DA:262,0
DA:265,0
DA:266,0
DA:267,0
DA:269,0
DA:272,0
DA:279,0
DA:281,0
DA:290,0
DA:291,0
DA:292,0
DA:293,0
DA:294,0
DA:296,0
DA:297,0
DA:303,0
DA:306,0
DA:309,0
DA:315,0
DA:321,0
DA:330,0
DA:331,0
LF:125
LH:0
BRDA:19,0,0,0
BRDA:19,0,1,0
BRDA:20,1,0,0
BRDA:20,1,1,0
BRDA:24,2,0,0
BRDA:24,2,1,0
BRDA:24,3,0,0
BRDA:24,3,1,0
BRDA:24,3,2,0
BRDA:43,4,0,0
BRDA:43,4,1,0
BRDA:43,5,0,0
BRDA:43,5,1,0
BRDA:66,6,0,0
BRDA:66,6,1,0
BRDA:66,7,0,0
BRDA:66,7,1,0
BRDA:103,8,0,0
BRDA:103,8,1,0
BRDA:104,9,0,0
BRDA:111,10,0,0
BRDA:111,10,1,0
BRDA:116,11,0,0
BRDA:116,11,1,0
BRDA:121,12,0,0
BRDA:121,12,1,0
BRDA:131,13,0,0
BRDA:131,13,1,0
BRDA:131,14,0,0
BRDA:131,14,1,0
BRDA:139,15,0,0
BRDA:139,15,1,0
BRDA:140,16,0,0
BRDA:140,16,1,0
BRDA:151,17,0,0
BRDA:151,17,1,0
BRDA:151,18,0,0
BRDA:151,18,1,0
BRDA:151,18,2,0
BRDA:158,19,0,0
BRDA:158,19,1,0
BRDA:159,20,0,0
BRDA:159,20,1,0
BRDA:160,21,0,0
BRDA:160,21,1,0
BRDA:166,22,0,0
BRDA:166,22,1,0
BRDA:178,23,0,0
BRDA:178,23,1,0
BRDA:181,24,0,0
BRDA:181,24,1,0
BRDA:190,25,0,0
BRDA:190,25,1,0
BRDA:200,26,0,0
BRDA:200,26,1,0
BRDA:201,27,0,0
BRDA:201,27,1,0
BRDA:216,28,0,0
BRDA:216,28,1,0
BRDA:216,29,0,0
BRDA:216,29,1,0
BRDA:224,30,0,0
BRDA:224,30,1,0
BRDA:229,31,0,0
BRDA:229,31,1,0
BRDA:234,32,0,0
BRDA:234,32,1,0
BRDA:244,33,0,0
BRDA:244,33,1,0
BRDA:247,34,0,0
BRDA:247,34,1,0
BRDA:253,35,0,0
BRDA:253,35,1,0
BRDA:253,36,0,0
BRDA:253,36,1,0
BRDA:254,37,0,0
BRDA:254,37,1,0
BRDA:296,38,0,0
BRDA:296,38,1,0
BRDA:333,39,0,0
BRDA:333,39,1,0
BRF:81
BRH:0
end_of_record
TN:
SF:src/controllers/index.mjs
FNF:0
FNH:0
LF:0
LH:0
BRF:0
BRH:0
end_of_record
TN:
SF:src/controllers/patientController.mjs
FN:12,(anonymous_0)
FN:55,(anonymous_1)
FN:92,(anonymous_2)
FN:121,(anonymous_3)
FN:152,(anonymous_4)
FN:182,(anonymous_5)
FN:209,(anonymous_6)
FN:236,(anonymous_7)
FN:256,(anonymous_8)
FN:282,(anonymous_9)
FNF:10
FNH:0
FNDA:0,(anonymous_0)
FNDA:0,(anonymous_1)
FNDA:0,(anonymous_2)
FNDA:0,(anonymous_3)
FNDA:0,(anonymous_4)
FNDA:0,(anonymous_5)
FNDA:0,(anonymous_6)
FNDA:0,(anonymous_7)
FNDA:0,(anonymous_8)
FNDA:0,(anonymous_9)
DA:12,0
DA:13,0
DA:15,0
DA:16,0
DA:19,0
DA:22,0
DA:23,0
DA:27,0
DA:31,0
DA:35,0
DA:37,0
DA:46,0
DA:55,0
DA:56,0
DA:57,0
DA:60,0
DA:61,0
DA:65,0
DA:68,0
DA:69,0
DA:72,0
DA:74,0
DA:75,0
DA:78,0
DA:83,0
DA:92,0
DA:93,0
DA:95,0
DA:96,0
DA:97,0
DA:101,0
DA:102,0
DA:105,0
DA:107,0
DA:112,0
DA:121,0
DA:122,0
DA:124,0
DA:125,0
DA:126,0
DA:129,0
DA:132,0
DA:133,0
DA:137,0
DA:140,0
DA:141,0
DA:145,0
DA:146,0
DA:151,0
DA:152,0
DA:153,0
DA:154,0
DA:159,0
DA:162,0
DA:164,0
DA:165,0
DA:168,0
DA:173,0
DA:182,0
DA:183,0
DA:185,0
DA:186,0
DA:189,0
DA:191,0
DA:192,0
DA:195,0
DA:200,0
DA:209,0
DA:210,0
DA:212,0
DA:213,0
DA:216,0
DA:218,0
DA:219,0
DA:222,0
DA:227,0
DA:236,0
DA:237,0
DA:239,0
DA:240,0
DA:241,0
DA:245,0
DA:246,0
DA:250,0
DA:255,0
DA:256,0
DA:257,0
DA:258,0
DA:262,0
DA:264,0
DA:265,0
DA:268,0
DA:273,0
DA:282,0
DA:283,0
DA:284,0
DA:287,0
DA:288,0
DA:292,0
DA:295,0
DA:296,0
DA:299,0
DA:301,0
DA:306,0
DA:311,0
DA:323,0
DA:335,0
DA:338,0
DA:344,0
DA:359,0
LF:110
LH:0
BRDA:15,0,0,0
BRDA:15,0,1,0
BRDA:22,1,0,0
BRDA:22,1,1,0
BRDA:22,2,0,0
BRDA:22,2,1,0
BRDA:27,3,0,0
BRDA:27,3,1,0
BRDA:61,4,0,0
BRDA:61,4,1,0
BRDA:65,5,0,0
BRDA:65,5,1,0
BRDA:68,6,0,0
BRDA:68,6,1,0
BRDA:74,7,0,0
BRDA:74,7,1,0
BRDA:96,8,0,0
BRDA:96,8,1,0
BRDA:101,9,0,0
BRDA:101,9,1,0
BRDA:125,10,0,0
BRDA:125,10,1,0
BRDA:133,11,0,0
BRDA:133,11,1,0
BRDA:137,12,0,0
BRDA:137,12,1,0
BRDA:140,13,0,0
BRDA:140,13,1,0
BRDA:145,14,0,0
BRDA:145,14,1,0
BRDA:145,15,0,0
BRDA:145,15,1,0
BRDA:153,16,0,0
BRDA:153,16,1,0
BRDA:164,17,0,0
BRDA:164,17,1,0
BRDA:185,18,0,0
BRDA:185,18,1,0
BRDA:191,19,0,0
BRDA:191,19,1,0
BRDA:212,20,0,0
BRDA:212,20,1,0
BRDA:218,21,0,0
BRDA:218,21,1,0
BRDA:240,22,0,0
BRDA:240,22,1,0
BRDA:245,23,0,0
BRDA:245,23,1,0
BRDA:257,24,0,0
BRDA:257,24,1,0
BRDA:264,25,0,0
BRDA:264,25,1,0
BRDA:288,26,0,0
BRDA:288,26,1,0
BRDA:292,27,0,0
BRDA:292,27,1,0
BRDA:295,28,0,0
BRDA:295,28,1,0
BRF:58
BRH:0
end_of_record
TN:
SF:src/controllers/prescriptionController.mjs
FN:13,(anonymous_0)
FN:46,(anonymous_1)
FN:65,(anonymous_2)
FN:87,(anonymous_3)
FN:114,(anonymous_4)
FNF:5
FNH:0
FNDA:0,(anonymous_0)
FNDA:0,(anonymous_1)
FNDA:0,(anonymous_2)
FNDA:0,(anonymous_3)
FNDA:0,(anonymous_4)
DA:13,0
DA:20,0
DA:21,0
DA:29,0
DA:35,0
DA:46,0
DA:47,0
DA:51,0
DA:53,0
DA:65,0
DA:66,0
DA:68,0
DA:70,0
DA:71,0
DA:76,0
DA:87,0
DA:88,0
DA:89,0
DA:93,0
DA:99,0
DA:100,0
DA:103,0
DA:114,0
DA:115,0
DA:117,0
DA:118,0
DA:120,0
DA:123,0
DA:124,0
DA:125,0
DA:127,0
DA:133,0
DA:134,0
DA:141,0
DA:142,0
DA:143,0
DA:144,0
DA:146,0
LF:38
LH:0
BRDA:70,0,0,0
BRDA:70,0,1,0
BRDA:99,1,0,0
BRDA:99,1,1,0
BRDA:118,2,0,0
BRDA:118,2,1,0
BRF:6
BRH:0
end_of_record
TN:
SF:src/controllers/staffController.mjs
FN:12,(anonymous_0)
FN:62,(anonymous_1)
FN:96,(anonymous_2)
FN:126,(anonymous_3)
FN:155,(anonymous_4)
FN:182,(anonymous_5)
FN:222,(anonymous_6)
FN:245,(anonymous_7)
FN:262,(anonymous_8)
FNF:9
FNH:0
FNDA:0,(anonymous_0)
FNDA:0,(anonymous_1)
FNDA:0,(anonymous_2)
FNDA:0,(anonymous_3)
FNDA:0,(anonymous_4)
FNDA:0,(anonymous_5)
FNDA:0,(anonymous_6)
FNDA:0,(anonymous_7)
FNDA:0,(anonymous_8)
DA:12,0
DA:23,0
DA:26,0
DA:27,0
DA:28,0
DA:32,0
DA:33,0
DA:36,0
DA:47,0
DA:62,0
DA:63,0
DA:66,0
DA:67,0
DA:71,0
DA:75,0
DA:76,0
DA:79,0
DA:81,0
DA:82,0
DA:85,0
DA:96,0
DA:98,0
DA:99,0
DA:100,0
DA:104,0
DA:105,0
DA:109,0
DA:110,0
DA:113,0
DA:115,0
DA:126,0
DA:128,0
DA:129,0
DA:130,0
DA:133,0
DA:136,0
DA:137,0
DA:141,0
DA:145,0
DA:146,0
DA:150,0
DA:151,0
DA:154,0
DA:155,0
DA:156,0
DA:157,0
DA:162,0
DA:165,0
DA:167,0
DA:168,0
DA:171,0
DA:182,0
DA:183,0
DA:186,0
DA:187,0
DA:191,0
DA:192,0
DA:194,0
DA:195,0
DA:199,0
DA:201,0
DA:205,0
DA:207,0
DA:208,0
DA:211,0
DA:222,0
DA:224,0
DA:225,0
DA:228,0
DA:230,0
DA:231,0
DA:234,0
DA:245,0
DA:247,0
DA:248,0
DA:249,0
DA:253,0
DA:254,0
DA:258,0
DA:261,0
DA:262,0
DA:263,0
DA:264,0
DA:268,0
DA:270,0
DA:271,0
DA:274,0
DA:281,0
DA:289,0
LF:89
LH:0
BRDA:15,0,0,0
BRDA:16,1,0,0
BRDA:18,2,0,0
BRDA:19,3,0,0
BRDA:27,4,0,0
BRDA:27,4,1,0
BRDA:27,5,0,0
BRDA:27,5,1,0
BRDA:32,6,0,0
BRDA:32,6,1,0
BRDA:32,7,0,0
BRDA:32,7,1,0
BRDA:32,8,0,0
BRDA:32,8,1,0
BRDA:67,9,0,0
BRDA:67,9,1,0
BRDA:71,10,0,0
BRDA:71,10,1,0
BRDA:71,10,2,0
BRDA:71,10,3,0
BRDA:75,11,0,0
BRDA:75,11,1,0
BRDA:81,12,0,0
BRDA:81,12,1,0
BRDA:99,13,0,0
BRDA:99,13,1,0
BRDA:104,14,0,0
BRDA:104,14,1,0
BRDA:104,15,0,0
BRDA:104,15,1,0
BRDA:104,16,0,0
BRDA:104,16,1,0
BRDA:109,17,0,0
BRDA:109,17,1,0
BRDA:129,18,0,0
BRDA:129,18,1,0
BRDA:137,19,0,0
BRDA:137,19,1,0
BRDA:141,20,0,0
BRDA:141,20,1,0
BRDA:141,20,2,0
BRDA:141,20,3,0
BRDA:145,21,0,0
BRDA:145,21,1,0
BRDA:150,22,0,0
BRDA:150,22,1,0
BRDA:150,23,0,0
BRDA:150,23,1,0
BRDA:150,23,2,0
BRDA:156,24,0,0
BRDA:156,24,1,0
BRDA:167,25,0,0
BRDA:167,25,1,0
BRDA:186,26,0,0
BRDA:186,26,1,0
BRDA:186,27,0,0
BRDA:186,27,1,0
BRDA:186,28,0,0
BRDA:186,28,1,0
BRDA:191,29,0,0
BRDA:191,29,1,0
BRDA:191,30,0,0
BRDA:191,30,1,0
BRDA:194,31,0,0
BRDA:194,31,1,0
BRDA:199,32,0,0
BRDA:199,32,1,0
BRDA:199,33,0,0
BRDA:199,33,1,0
BRDA:199,33,2,0
BRDA:207,34,0,0
BRDA:207,34,1,0
BRDA:224,35,0,0
BRDA:224,35,1,0
BRDA:230,36,0,0
BRDA:230,36,1,0
BRDA:248,37,0,0
BRDA:248,37,1,0
BRDA:253,38,0,0
BRDA:253,38,1,0
BRDA:263,39,0,0
BRDA:263,39,1,0
BRDA:270,40,0,0
BRDA:270,40,1,0
BRF:84
BRH:0
end_of_record
TN:
SF:src/controllers/userController.mjs
FN:10,(anonymous_0)
FN:58,(anonymous_1)
FN:97,(anonymous_2)
FN:125,(anonymous_3)
FN:150,(anonymous_4)
FN:178,(anonymous_5)
FN:224,(anonymous_6)
FN:240,(anonymous_7)
FN:249,(anonymous_8)
FN:269,(anonymous_9)
FNF:10
FNH:0
FNDA:0,(anonymous_0)
FNDA:0,(anonymous_1)
FNDA:0,(anonymous_2)
FNDA:0,(anonymous_3)
FNDA:0,(anonymous_4)
FNDA:0,(anonymous_5)
FNDA:0,(anonymous_6)
FNDA:0,(anonymous_7)
FNDA:0,(anonymous_8)
FNDA:0,(anonymous_9)
DA:9,0
DA:11,0
DA:13,0
DA:24,0
DA:25,0
DA:28,0
DA:29,0
DA:30,0
DA:31,0
DA:33,0
DA:37,0
DA:39,0
DA:48,0
DA:57,0
DA:59,0
DA:60,0
DA:63,0
DA:67,0
DA:71,0
DA:72,0
DA:75,0
DA:77,0
DA:78,0
DA:81,0
DA:86,0
DA:93,0
DA:98,0
DA:100,0
DA:102,0
DA:103,0
DA:104,0
DA:108,0
DA:111,0
DA:113,0
DA:118,0
DA:126,0
DA:127,0
DA:130,0
DA:134,0
DA:138,0
DA:139,0
DA:143,0
DA:144,0
DA:149,0
DA:150,0
DA:151,0
DA:152,0
DA:157,0
DA:160,0
DA:162,0
DA:163,0
DA:166,0
DA:171,0
DA:179,0
DA:180,0
DA:183,0
DA:184,0
DA:188,0
DA:189,0
DA:193,0
DA:194,0
DA:196,0
DA:197,0
DA:201,0
DA:202,0
DA:206,0
DA:208,0
DA:209,0
DA:212,0
DA:217,0
DA:225,0
DA:226,0
DA:228,0
DA:233,0
DA:241,0
DA:243,0
DA:248,0
DA:249,0
DA:250,0
DA:251,0
DA:255,0
DA:257,0
DA:262,0
DA:270,0
DA:271,0
DA:273,0
DA:279,0
DA:281,0
DA:287,0
DA:293,0
DA:310,0
DA:313,0
DA:317,0
DA:321,0
LF:94
LH:0
BRDA:14,0,0,0
BRDA:14,0,1,0
BRDA:15,1,0,0
BRDA:15,1,1,0
BRDA:17,2,0,0
BRDA:17,2,1,0
BRDA:18,3,0,0
BRDA:18,3,1,0
BRDA:29,4,0,0
BRDA:29,4,1,0
BRDA:29,5,0,0
BRDA:29,5,1,0
BRDA:30,6,0,0
BRDA:30,6,1,0
BRDA:67,7,0,0
BRDA:67,7,1,0
BRDA:67,7,2,0
BRDA:67,7,3,0
BRDA:71,8,0,0
BRDA:71,8,1,0
BRDA:77,9,0,0
BRDA:77,9,1,0
BRDA:100,10,0,0
BRDA:100,10,1,0
BRDA:103,11,0,0
BRDA:103,11,1,0
BRDA:134,12,0,0
BRDA:134,12,1,0
BRDA:134,12,2,0
BRDA:134,12,3,0
BRDA:138,13,0,0
BRDA:138,13,1,0
BRDA:143,14,0,0
BRDA:143,14,1,0
BRDA:143,15,0,0
BRDA:143,15,1,0
BRDA:151,16,0,0
BRDA:151,16,1,0
BRDA:162,17,0,0
BRDA:162,17,1,0
BRDA:183,18,0,0
BRDA:183,18,1,0
BRDA:183,19,0,0
BRDA:183,19,1,0
BRDA:183,20,0,0
BRDA:183,20,1,0
BRDA:188,21,0,0
BRDA:188,21,1,0
BRDA:193,22,0,0
BRDA:193,22,1,0
BRDA:193,23,0,0
BRDA:193,23,1,0
BRDA:196,24,0,0
BRDA:196,24,1,0
BRDA:201,25,0,0
BRDA:201,25,1,0
BRDA:201,26,0,0
BRDA:201,26,1,0
BRDA:208,27,0,0
BRDA:208,27,1,0
BRDA:250,28,0,0
BRDA:250,28,1,0
BRDA:275,29,0,0
BRDA:275,29,1,0
BRDA:276,30,0,0
BRDA:276,30,1,0
BRF:66
BRH:0
end_of_record
TN:
SF:src/controllers/base/baseController.mjs
FN:16,(anonymous_0)
FN:41,(anonymous_1)
FN:79,(anonymous_2)
FN:100,(anonymous_3)
FN:120,(anonymous_4)
FN:141,(anonymous_5)
FN:162,(anonymous_6)
FN:163,(anonymous_7)
FN:182,(anonymous_8)
FN:205,(anonymous_9)
FNF:10
FNH:0
FNDA:0,(anonymous_0)
FNDA:0,(anonymous_1)
FNDA:0,(anonymous_2)
FNDA:0,(anonymous_3)
FNDA:0,(anonymous_4)
FNDA:0,(anonymous_5)
FNDA:0,(anonymous_6)
FNDA:0,(anonymous_7)
FNDA:0,(anonymous_8)
FNDA:0,(anonymous_9)
DA:17,0
DA:18,0
DA:21,0
DA:22,0
DA:23,0
DA:24,0
DA:25,0
DA:28,0
DA:29,0
DA:30,0
DA:31,0
DA:32,0
DA:50,0
DA:53,0
DA:63,0
DA:80,0
DA:82,0
DA:84,0
DA:85,0
DA:88,0
DA:102,0
DA:103,0
DA:106,0
DA:108,0
DA:121,0
DA:123,0
DA:125,0
DA:126,0
DA:129,0
DA:142,0
DA:144,0
DA:146,0
DA:147,0
DA:150,0
DA:163,0
DA:165,0
DA:167,0
DA:168,0
DA:172,0
DA:182,0
DA:183,0
DA:184,0
DA:187,0
DA:189,0
DA:190,0
DA:193,0
DA:205,0
DA:206,0
DA:207,0
DA:210,0
DA:212,0
DA:213,0
DA:216,0
LF:53
LH:0
BRDA:44,0,0,0
BRDA:45,1,0,0
BRDA:47,2,0,0
BRDA:48,3,0,0
BRDA:84,4,0,0
BRDA:84,4,1,0
BRDA:102,5,0,0
BRDA:102,5,1,0
BRDA:102,6,0,0
BRDA:102,6,1,0
BRDA:125,7,0,0
BRDA:125,7,1,0
BRDA:146,8,0,0
BRDA:146,8,1,0
BRDA:167,9,0,0
BRDA:167,9,1,0
BRDA:183,10,0,0
BRDA:183,10,1,0
BRDA:189,11,0,0
BRDA:189,11,1,0
BRDA:206,12,0,0
BRDA:206,12,1,0
BRDA:212,13,0,0
BRDA:212,13,1,0
BRF:24
BRH:0
end_of_record
TN:
SF:src/middleware/index.mjs
FNF:0
FNH:0
LF:0
LH:0
BRF:0
BRH:0
end_of_record
TN:
SF:src/middleware/audit/auditMiddleware.mjs
FN:14,(anonymous_0)
FN:29,(anonymous_1)
FN:30,(anonymous_2)
FN:49,(anonymous_3)
FN:65,(anonymous_4)
FN:66,(anonymous_5)
FN:71,(anonymous_6)
FN:96,(anonymous_7)
FN:107,(anonymous_8)
FN:112,(anonymous_9)
FN:127,(anonymous_10)
FN:128,(anonymous_11)
FN:133,(anonymous_12)
FN:153,(anonymous_13)
FN:166,(anonymous_14)
FN:167,(anonymous_15)
FN:172,(anonymous_16)
FN:193,(anonymous_17)
FN:206,(anonymous_18)
FN:207,(anonymous_19)
FN:212,(anonymous_20)
FN:238,(anonymous_21)
FN:248,(anonymous_22)
FN:253,(anonymous_23)
FNF:24
FNH:0
FNDA:0,(anonymous_0)
FNDA:0,(anonymous_1)
FNDA:0,(anonymous_2)
FNDA:0,(anonymous_3)
FNDA:0,(anonymous_4)
FNDA:0,(anonymous_5)
FNDA:0,(anonymous_6)
FNDA:0,(anonymous_7)
FNDA:0,(anonymous_8)
FNDA:0,(anonymous_9)
FNDA:0,(anonymous_10)
FNDA:0,(anonymous_11)
FNDA:0,(anonymous_12)
FNDA:0,(anonymous_13)
FNDA:0,(anonymous_14)
FNDA:0,(anonymous_15)
FNDA:0,(anonymous_16)
FNDA:0,(anonymous_17)
FNDA:0,(anonymous_18)
FNDA:0,(anonymous_19)
FNDA:0,(anonymous_20)
FNDA:0,(anonymous_21)
FNDA:0,(anonymous_22)
FNDA:0,(anonymous_23)
DA:8,0
DA:15,0
DA:16,0
DA:18,0
DA:20,0
DA:30,0
DA:31,0
DA:32,0
DA:33,0
DA:36,0
DA:39,0
DA:49,0
DA:51,0
DA:54,0
DA:55,0
DA:66,0
DA:68,0
DA:71,0
DA:73,0
DA:76,0
DA:79,0
DA:81,0
DA:83,0
DA:84,0
DA:85,0
DA:88,0
DA:96,0
DA:98,0
DA:104,0
DA:105,0
DA:107,0
DA:108,0
DA:109,0
DA:112,0
DA:113,0
DA:114,0
DA:118,0
DA:128,0
DA:130,0
DA:133,0
DA:135,0
DA:138,0
DA:141,0
DA:142,0
DA:145,0
DA:153,0
DA:157,0
DA:167,0
DA:169,0
DA:172,0
DA:174,0
DA:177,0
DA:180,0
DA:181,0
DA:184,0
DA:193,0
DA:197,0
DA:207,0
DA:209,0
DA:212,0
DA:214,0
DA:217,0
DA:220,0
DA:221,0
DA:228,0
DA:230,0
DA:238,0
DA:244,0
DA:245,0
DA:246,0
DA:248,0
DA:249,0
DA:250,0
DA:253,0
DA:254,0
DA:255,0
DA:260,0
LF:77
LH:0
BRDA:32,0,0,0
BRDA:32,0,1,0
BRDA:43,1,0,0
BRDA:43,1,1,0
BRDA:79,2,0,0
BRDA:79,2,1,0
BRDA:79,3,0,0
BRDA:79,3,1,0
BRDA:79,3,2,0
BRDA:84,4,0,0
BRDA:84,4,1,0
BRDA:85,5,0,0
BRDA:85,5,1,0
BRDA:108,6,0,0
BRDA:108,6,1,0
BRDA:113,7,0,0
BRDA:113,7,1,0
BRDA:141,8,0,0
BRDA:141,8,1,0
BRDA:141,9,0,0
BRDA:141,9,1,0
BRDA:141,9,2,0
BRDA:180,10,0,0
BRDA:180,10,1,0
BRDA:180,11,0,0
BRDA:180,11,1,0
BRDA:180,11,2,0
BRDA:220,12,0,0
BRDA:220,12,1,0
BRDA:220,13,0,0
BRDA:220,13,1,0
BRDA:221,14,0,0
BRDA:221,14,1,0
BRDA:223,15,0,0
BRDA:223,15,1,0
BRDA:223,16,0,0
BRDA:223,16,1,0
BRDA:228,17,0,0
BRDA:228,17,1,0
BRDA:244,18,0,0
BRDA:244,18,1,0
BRDA:249,19,0,0
BRDA:249,19,1,0
BRDA:254,20,0,0
BRDA:254,20,1,0
BRF:45
BRH:0
end_of_record
TN:
SF:src/middleware/auth/authMiddleware.mjs
FN:22,(anonymous_0)
FN:43,(anonymous_1)
FN:226,(anonymous_2)
FN:233,(anonymous_3)
FN:234,(anonymous_4)
FN:259,(anonymous_5)
FN:285,(anonymous_6)
FN:311,(anonymous_7)
FN:335,(anonymous_8)
FN:361,(anonymous_9)
FN:444,(anonymous_10)
FN:477,(anonymous_11)
FN:494,(anonymous_12)
FN:532,(anonymous_13)
FN:570,(anonymous_14)
FN:589,(anonymous_15)
FN:597,(anonymous_16)
FNF:17
FNH:0
FNDA:0,(anonymous_0)
FNDA:0,(anonymous_1)
FNDA:0,(anonymous_2)
FNDA:0,(anonymous_3)
FNDA:0,(anonymous_4)
FNDA:0,(anonymous_5)
FNDA:0,(anonymous_6)
FNDA:0,(anonymous_7)
FNDA:0,(anonymous_8)
FNDA:0,(anonymous_9)
FNDA:0,(anonymous_10)
FNDA:0,(anonymous_11)
FNDA:0,(anonymous_12)
FNDA:0,(anonymous_13)
FNDA:0,(anonymous_14)
FNDA:0,(anonymous_15)
FNDA:0,(anonymous_16)
DA:10,0
DA:15,0
DA:24,0
DA:25,0
DA:26,0
DA:30,0
DA:31,0
DA:34,0
DA:44,0
DA:46,0
DA:47,0
DA:49,0
DA:50,0
DA:57,0
DA:58,0
DA:59,0
DA:60,0
DA:67,0
DA:68,0
DA:71,0
DA:73,0
DA:75,0
DA:76,0
DA:83,0
DA:84,0
DA:91,0
DA:94,0
DA:95,0
DA:96,0
DA:97,0
DA:100,0
DA:108,0
DA:109,0
DA:111,0
DA:112,0
DA:119,0
DA:120,0
DA:121,0
DA:127,0
DA:130,0
DA:131,0
DA:132,0
DA:138,0
DA:141,0
DA:142,0
DA:143,0
DA:149,0
DA:152,0
DA:153,0
DA:154,0
DA:157,0
DA:158,0
DA:159,0
DA:162,0
DA:163,0
DA:164,0
DA:165,0
DA:167,0
DA:168,0
DA:171,0
DA:172,0
DA:176,0
DA:177,0
DA:178,0
DA:182,0
DA:190,0
DA:192,0
DA:194,0
DA:195,0
DA:201,0
DA:202,0
DA:208,0
DA:209,0
DA:215,0
DA:216,0
DA:226,0
DA:234,0
DA:235,0
DA:236,0
DA:242,0
DA:243,0
DA:249,0
DA:260,0
DA:261,0
DA:267,0
DA:268,0
DA:274,0
DA:287,0
DA:294,0
DA:295,0
DA:298,0
DA:299,0
DA:302,0
DA:312,0
DA:313,0
DA:319,0
DA:320,0
DA:326,0
DA:337,0
DA:340,0
DA:343,0
DA:344,0
DA:345,0
DA:351,0
DA:362,0
DA:364,0
DA:366,0
DA:367,0
DA:373,0
DA:375,0
DA:376,0
DA:383,0
DA:386,0
DA:387,0
DA:393,0
DA:394,0
DA:398,0
DA:400,0
DA:402,0
DA:403,0
DA:410,0
DA:411,0
DA:412,0
DA:413,0
DA:416,0
DA:418,0
DA:420,0
DA:422,0
DA:423,0
DA:430,0
DA:431,0
DA:446,0
DA:447,0
DA:451,0
DA:453,0
DA:454,0
DA:461,0
DA:462,0
DA:469,0
DA:471,0
DA:477,0
DA:478,0
DA:485,0
DA:495,0
DA:497,0
DA:498,0
DA:502,0
DA:504,0
DA:506,0
DA:508,0
DA:510,0
DA:512,0
DA:518,0
DA:520,0
DA:522,0
DA:533,0
DA:535,0
DA:536,0
DA:539,0
DA:540,0
DA:542,0
DA:543,0
DA:546,0
DA:547,0
DA:549,0
DA:557,0
DA:559,0
DA:560,0
DA:571,0
DA:572,0
DA:573,0
DA:575,0
DA:580,0
DA:590,0
DA:599,0
DA:601,0
DA:604,0
DA:606,0
DA:608,0
DA:611,0
DA:612,0
DA:613,0
DA:615,0
DA:616,0
DA:618,0
LF:185
LH:0
BRDA:25,0,0,0
BRDA:25,0,1,0
BRDA:25,1,0,0
BRDA:25,1,1,0
BRDA:30,2,0,0
BRDA:30,2,1,0
BRDA:30,3,0,0
BRDA:30,3,1,0
BRDA:47,4,0,0
BRDA:47,4,1,0
BRDA:49,5,0,0
BRDA:49,5,1,0
BRDA:59,6,0,0
BRDA:59,6,1,0
BRDA:71,7,0,0
BRDA:71,7,1,0
BRDA:75,8,0,0
BRDA:75,8,1,0
BRDA:83,9,0,0
BRDA:83,9,1,0
BRDA:102,10,0,0
BRDA:102,10,1,0
BRDA:109,11,0,0
BRDA:109,11,1,0
BRDA:111,12,0,0
BRDA:111,12,1,0
BRDA:119,13,0,0
BRDA:119,13,1,0
BRDA:130,14,0,0
BRDA:130,14,1,0
BRDA:130,15,0,0
BRDA:130,15,1,0
BRDA:141,16,0,0
BRDA:141,16,1,0
BRDA:141,17,0,0
BRDA:141,17,1,0
BRDA:157,18,0,0
BRDA:157,18,1,0
BRDA:157,19,0,0
BRDA:157,19,1,0
BRDA:164,20,0,0
BRDA:164,20,1,0
BRDA:164,21,0,0
BRDA:164,21,1,0
BRDA:194,22,0,0
BRDA:194,22,1,0
BRDA:201,23,0,0
BRDA:201,23,1,0
BRDA:208,24,0,0
BRDA:208,24,1,0
BRDA:235,25,0,0
BRDA:235,25,1,0
BRDA:235,26,0,0
BRDA:235,26,1,0
BRDA:242,27,0,0
BRDA:242,27,1,0
BRDA:260,28,0,0
BRDA:260,28,1,0
BRDA:267,29,0,0
BRDA:267,29,1,0
BRDA:298,30,0,0
BRDA:298,30,1,0
BRDA:312,31,0,0
BRDA:312,31,1,0
BRDA:319,32,0,0
BRDA:319,32,1,0
BRDA:319,33,0,0
BRDA:319,33,1,0
BRDA:344,34,0,0
BRDA:344,34,1,0
BRDA:344,35,0,0
BRDA:344,35,1,0
BRDA:344,35,2,0
BRDA:344,35,3,0
BRDA:366,36,0,0
BRDA:366,36,1,0
BRDA:366,37,0,0
BRDA:366,37,1,0
BRDA:375,38,0,0
BRDA:375,38,1,0
BRDA:383,39,0,0
BRDA:383,39,1,0
BRDA:393,40,0,0
BRDA:393,40,1,0
BRDA:393,41,0,0
BRDA:393,41,1,0
BRDA:412,42,0,0
BRDA:412,42,1,0
BRDA:412,43,0,0
BRDA:412,43,1,0
BRDA:446,44,0,0
BRDA:446,44,1,0
BRDA:446,45,0,0
BRDA:446,45,1,0
BRDA:453,46,0,0
BRDA:453,46,1,0
BRDA:461,47,0,0
BRDA:461,47,1,0
BRDA:469,48,0,0
BRDA:469,48,1,0
BRDA:469,49,0,0
BRDA:469,49,1,0
BRDA:469,49,2,0
BRDA:471,50,0,0
BRDA:471,50,1,0
BRDA:477,51,0,0
BRDA:477,51,1,0
BRDA:497,52,0,0
BRDA:497,52,1,0
BRDA:508,53,0,0
BRDA:508,53,1,0
BRDA:508,54,0,0
BRDA:508,54,1,0
BRDA:508,54,2,0
BRDA:535,55,0,0
BRDA:535,55,1,0
BRDA:542,56,0,0
BRDA:542,56,1,0
BRDA:542,57,0,0
BRDA:542,57,1,0
BRDA:546,58,0,0
BRDA:546,58,1,0
BRDA:571,59,0,0
BRDA:571,59,1,0
BRDA:571,60,0,0
BRDA:571,60,1,0
BRDA:599,61,0,0
BRDA:599,61,1,0
BRDA:606,62,0,0
BRDA:606,62,1,0
BRDA:606,63,0,0
BRDA:606,63,1,0
BRDA:612,64,0,0
BRDA:612,64,1,0
BRDA:615,65,0,0
BRDA:615,65,1,0
BRF:136
BRH:0
end_of_record
TN:
SF:src/middleware/cache/cacheMiddleware.mjs
FN:22,(anonymous_0)
FN:23,(anonymous_1)
FN:44,(anonymous_2)
FN:73,(anonymous_3)
FN:93,(anonymous_4)
FN:104,(anonymous_5)
FN:107,(anonymous_6)
FN:117,(anonymous_7)
FN:118,(anonymous_8)
FN:125,(anonymous_9)
FN:132,(anonymous_10)
FN:148,(anonymous_11)
FN:156,(anonymous_12)
FNF:13
FNH:0
FNDA:0,(anonymous_0)
FNDA:0,(anonymous_1)
FNDA:0,(anonymous_2)
FNDA:0,(anonymous_3)
FNDA:0,(anonymous_4)
FNDA:0,(anonymous_5)
FNDA:0,(anonymous_6)
FNDA:0,(anonymous_7)
FNDA:0,(anonymous_8)
FNDA:0,(anonymous_9)
FNDA:0,(anonymous_10)
FNDA:0,(anonymous_11)
FNDA:0,(anonymous_12)
DA:6,0
DA:11,0
DA:23,0
DA:25,0
DA:26,0
DA:30,0
DA:32,0
DA:33,0
DA:35,0
DA:37,0
DA:41,0
DA:44,0
DA:46,0
DA:49,0
DA:52,0
DA:56,0
DA:57,0
DA:59,0
DA:61,0
DA:63,0
DA:67,0
DA:70,0
DA:73,0
DA:75,0
DA:77,0
DA:81,0
DA:84,0
DA:94,0
DA:96,0
DA:97,0
DA:101,0
DA:104,0
DA:107,0
DA:109,0
DA:118,0
DA:120,0
DA:122,0
DA:125,0
DA:127,0
DA:130,0
DA:132,0
DA:133,0
DA:139,0
DA:154,0
DA:156,0
DA:158,0
DA:161,0
DA:162,0
DA:163,0
DA:164,0
DA:168,0
DA:175,0
DA:178,0
DA:179,0
DA:181,0
LF:55
LH:0
BRDA:22,0,0,0
BRDA:25,1,0,0
BRDA:25,1,1,0
BRDA:30,2,0,0
BRDA:30,2,1,0
BRDA:30,3,0,0
BRDA:30,3,1,0
BRDA:35,4,0,0
BRDA:35,4,1,0
BRDA:59,5,0,0
BRDA:59,5,1,0
BRDA:75,6,0,0
BRDA:75,6,1,0
BRDA:75,7,0,0
BRDA:75,7,1,0
BRDA:94,8,0,0
BRDA:94,8,1,0
BRDA:120,9,0,0
BRDA:120,9,1,0
BRDA:130,10,0,0
BRDA:130,10,1,0
BRDA:130,11,0,0
BRDA:130,11,1,0
BRDA:148,12,0,0
BRDA:150,13,0,0
BRDA:151,14,0,0
BRDA:152,15,0,0
BRDA:153,16,0,0
BRDA:158,17,0,0
BRDA:158,17,1,0
BRDA:158,18,0,0
BRDA:158,18,1,0
BRDA:158,18,2,0
BRDA:158,18,3,0
BRDA:169,19,0,0
BRDA:169,19,1,0
BRF:36
BRH:0
end_of_record
TN:
SF:src/middleware/data/dataMiddleware.mjs
FN:13,(anonymous_0)
FN:19,(anonymous_1)
FN:36,(anonymous_2)
FN:54,(anonymous_3)
FN:55,(anonymous_4)
FN:60,(anonymous_5)
FN:83,(anonymous_6)
FN:84,(anonymous_7)
FN:99,(anonymous_8)
FN:100,(anonymous_9)
FN:105,(anonymous_10)
FN:137,(anonymous_11)
FN:138,(anonymous_12)
FN:143,(anonymous_13)
FN:149,(anonymous_14)
FN:153,(anonymous_15)
FN:178,(anonymous_16)
FN:197,(anonymous_17)
FN:259,(anonymous_18)
FN:267,(anonymous_19)
FNF:20
FNH:0
FNDA:0,(anonymous_0)
FNDA:0,(anonymous_1)
FNDA:0,(anonymous_2)
FNDA:0,(anonymous_3)
FNDA:0,(anonymous_4)
FNDA:0,(anonymous_5)
FNDA:0,(anonymous_6)
FNDA:0,(anonymous_7)
FNDA:0,(anonymous_8)
FNDA:0,(anonymous_9)
FNDA:0,(anonymous_10)
FNDA:0,(anonymous_11)
FNDA:0,(anonymous_12)
FNDA:0,(anonymous_13)
FNDA:0,(anonymous_14)
FNDA:0,(anonymous_15)
FNDA:0,(anonymous_16)
FNDA:0,(anonymous_17)
FNDA:0,(anonymous_18)
FNDA:0,(anonymous_19)
DA:6,0
DA:15,0
DA:16,0
DA:19,0
DA:21,0
DA:22,0
DA:26,0
DA:32,0
DA:36,0
DA:38,0
DA:39,0
DA:43,0
DA:46,0
DA:55,0
DA:57,0
DA:60,0
DA:61,0
DA:63,0
DA:66,0
DA:68,0
DA:70,0
DA:74,0
DA:84,0
DA:86,0
DA:87,0
DA:90,0
DA:100,0
DA:102,0
DA:105,0
DA:107,0
DA:109,0
DA:111,0
DA:112,0
DA:113,0
DA:116,0
DA:125,0
DA:128,0
DA:138,0
DA:140,0
DA:143,0
DA:145,0
DA:147,0
DA:149,0
DA:152,0
DA:153,0
DA:154,0
DA:155,0
DA:156,0
DA:158,0
DA:163,0
DA:166,0
DA:180,0
DA:181,0
DA:185,0
DA:186,0
DA:190,0
DA:191,0
DA:193,0
DA:196,0
DA:197,0
DA:201,0
DA:202,0
DA:204,0
DA:205,0
DA:207,0
DA:208,0
DA:211,0
DA:212,0
DA:214,0
DA:215,0
DA:217,0
DA:219,0
DA:220,0
DA:222,0
DA:223,0
DA:225,0
DA:228,0
DA:232,0
DA:234,0
DA:236,0
DA:237,0
DA:240,0
DA:241,0
DA:244,0
DA:246,0
DA:249,0
DA:260,0
DA:261,0
DA:265,0
DA:267,0
DA:268,0
DA:269,0
DA:273,0
LF:93
LH:0
BRDA:21,0,0,0
BRDA:21,0,1,0
BRDA:21,1,0,0
BRDA:21,1,1,0
BRDA:38,2,0,0
BRDA:38,2,1,0
BRDA:38,3,0,0
BRDA:38,3,1,0
BRDA:54,4,0,0
BRDA:86,5,0,0
BRDA:86,5,1,0
BRDA:99,6,0,0
BRDA:109,7,0,0
BRDA:109,7,1,0
BRDA:109,8,0,0
BRDA:109,8,1,0
BRDA:111,9,0,0
BRDA:111,9,1,0
BRDA:112,10,0,0
BRDA:112,10,1,0
BRDA:137,11,0,0
BRDA:147,12,0,0
BRDA:147,12,1,0
BRDA:147,13,0,0
BRDA:147,13,1,0
BRDA:152,14,0,0
BRDA:152,14,1,0
BRDA:154,15,0,0
BRDA:154,15,1,0
BRDA:156,16,0,0
BRDA:156,16,1,0
BRDA:178,17,0,0
BRDA:180,18,0,0
BRDA:180,18,1,0
BRDA:180,19,0,0
BRDA:180,19,1,0
BRDA:185,20,0,0
BRDA:185,20,1,0
BRDA:190,21,0,0
BRDA:190,21,1,0
BRDA:196,22,0,0
BRDA:196,22,1,0
BRDA:204,23,0,0
BRDA:204,23,1,0
BRDA:204,24,0,0
BRDA:204,24,1,0
BRDA:204,24,2,0
BRDA:207,25,0,0
BRDA:207,25,1,0
BRDA:207,26,0,0
BRDA:207,26,1,0
BRDA:211,27,0,0
BRDA:211,27,1,0
BRDA:215,28,0,0
BRDA:215,28,1,0
BRDA:215,29,0,0
BRDA:215,29,1,0
BRDA:219,30,0,0
BRDA:219,30,1,0
BRDA:219,31,0,0
BRDA:219,31,1,0
BRDA:222,32,0,0
BRDA:222,32,1,0
BRDA:236,33,0,0
BRDA:236,33,1,0
BRDA:240,34,0,0
BRDA:240,34,1,0
BRDA:260,35,0,0
BRDA:260,35,1,0
BRDA:260,36,0,0
BRDA:260,36,1,0
BRDA:260,36,2,0
BRDA:268,37,0,0
BRDA:268,37,1,0
BRF:74
BRH:0
end_of_record
TN:
SF:src/middleware/error/errorMiddleware.mjs
FN:16,(anonymous_0)
FN:17,(anonymous_1)
FN:27,(anonymous_2)
FN:37,(anonymous_3)
FN:38,(anonymous_4)
FN:48,(anonymous_5)
FN:60,(anonymous_6)
FN:77,(anonymous_7)
FN:94,(anonymous_8)
FN:126,(anonymous_9)
FN:174,(anonymous_10)
FN:185,(anonymous_11)
FNF:12
FNH:0
FNDA:0,(anonymous_0)
FNDA:0,(anonymous_1)
FNDA:0,(anonymous_2)
FNDA:0,(anonymous_3)
FNDA:0,(anonymous_4)
FNDA:0,(anonymous_5)
FNDA:0,(anonymous_6)
FNDA:0,(anonymous_7)
FNDA:0,(anonymous_8)
FNDA:0,(anonymous_9)
FNDA:0,(anonymous_10)
FNDA:0,(anonymous_11)
DA:10,0
DA:17,0
DA:18,0
DA:28,0
DA:29,0
DA:38,0
DA:39,0
DA:40,0
DA:49,0
DA:50,0
DA:51,0
DA:52,0
DA:61,0
DA:63,0
DA:64,0
DA:65,0
DA:66,0
DA:69,0
DA:78,0
DA:80,0
DA:95,0
DA:98,0
DA:99,0
DA:108,0
DA:111,0
DA:127,0
DA:128,0
DA:131,0
DA:134,0
DA:144,0
DA:145,0
DA:146,0
DA:147,0
DA:150,0
DA:151,0
DA:152,0
DA:153,0
DA:154,0
DA:155,0
DA:156,0
DA:157,0
DA:161,0
DA:162,0
DA:164,0
DA:175,0
DA:176,0
DA:186,0
DA:187,0
DA:188,0
DA:190,0
LF:50
LH:0
BRDA:63,0,0,0
BRDA:63,0,1,0
BRDA:65,1,0,0
BRDA:65,1,1,0
BRDA:78,2,0,0
BRDA:78,2,1,0
BRDA:82,3,0,0
BRDA:82,3,1,0
BRDA:95,4,0,0
BRDA:95,4,1,0
BRDA:98,5,0,0
BRDA:98,5,1,0
BRDA:101,6,0,0
BRDA:101,6,1,0
BRDA:127,7,0,0
BRDA:127,7,1,0
BRDA:128,8,0,0
BRDA:128,8,1,0
BRDA:131,9,0,0
BRDA:131,9,1,0
BRDA:140,10,0,0
BRDA:140,10,1,0
BRDA:150,11,0,0
BRDA:150,11,1,0
BRDA:152,12,0,0
BRDA:152,12,1,0
BRDA:154,13,0,0
BRDA:154,13,1,0
BRDA:156,14,0,0
BRDA:156,14,1,0
BRDA:156,15,0,0
BRDA:156,15,1,0
BRDA:161,16,0,0
BRDA:161,16,1,0
BRDA:186,17,0,0
BRDA:186,17,1,0
BRF:36
BRH:0
end_of_record
TN:
SF:src/middleware/permission/permissionMiddleware.mjs
FN:15,(anonymous_0)
FN:16,(anonymous_1)
FN:41,(anonymous_2)
FN:42,(anonymous_3)
FN:79,(anonymous_4)
FN:80,(anonymous_5)
FN:124,(anonymous_6)
FN:125,(anonymous_7)
FN:167,(anonymous_8)
FN:168,(anonymous_9)
FN:210,(anonymous_10)
FN:211,(anonymous_11)
FNF:12
FNH:0
FNDA:0,(anonymous_0)
FNDA:0,(anonymous_1)
FNDA:0,(anonymous_2)
FNDA:0,(anonymous_3)
FNDA:0,(anonymous_4)
FNDA:0,(anonymous_5)
FNDA:0,(anonymous_6)
FNDA:0,(anonymous_7)
FNDA:0,(anonymous_8)
FNDA:0,(anonymous_9)
FNDA:0,(anonymous_10)
FNDA:0,(anonymous_11)
DA:9,0
DA:16,0
DA:17,0
DA:18,0
DA:24,0
DA:25,0
DA:31,0
DA:42,0
DA:43,0
DA:45,0
DA:46,0
DA:49,0
DA:52,0
DA:53,0
DA:57,0
DA:60,0
DA:62,0
DA:63,0
DA:66,0
DA:68,0
DA:80,0
DA:81,0
DA:83,0
DA:84,0
DA:87,0
DA:90,0
DA:91,0
DA:95,0
DA:99,0
DA:103,0
DA:104,0
DA:107,0
DA:109,0
DA:125,0
DA:126,0
DA:128,0
DA:129,0
DA:132,0
DA:135,0
DA:136,0
DA:140,0
DA:143,0
DA:145,0
DA:146,0
DA:149,0
DA:151,0
DA:168,0
DA:169,0
DA:171,0
DA:172,0
DA:175,0
DA:178,0
DA:179,0
DA:183,0
DA:186,0
DA:188,0
DA:189,0
DA:192,0
DA:194,0
DA:211,0
DA:212,0
DA:214,0
DA:215,0
DA:218,0
DA:221,0
DA:222,0
DA:226,0
DA:230,0
DA:233,0
DA:234,0
DA:237,0
DA:239,0
LF:72
LH:0
BRDA:17,0,0,0
BRDA:17,0,1,0
BRDA:17,1,0,0
BRDA:17,1,1,0
BRDA:24,2,0,0
BRDA:24,2,1,0
BRDA:41,3,0,0
BRDA:45,4,0,0
BRDA:45,4,1,0
BRDA:52,5,0,0
BRDA:52,5,1,0
BRDA:60,6,0,0
BRDA:60,6,1,0
BRDA:62,7,0,0
BRDA:62,7,1,0
BRDA:79,8,0,0
BRDA:83,9,0,0
BRDA:83,9,1,0
BRDA:83,10,0,0
BRDA:83,10,1,0
BRDA:90,11,0,0
BRDA:90,11,1,0
BRDA:99,12,0,0
BRDA:99,12,1,0
BRDA:99,12,2,0
BRDA:103,13,0,0
BRDA:103,13,1,0
BRDA:124,14,0,0
BRDA:128,15,0,0
BRDA:128,15,1,0
BRDA:135,16,0,0
BRDA:135,16,1,0
BRDA:143,17,0,0
BRDA:143,17,1,0
BRDA:145,18,0,0
BRDA:145,18,1,0
BRDA:167,19,0,0
BRDA:171,20,0,0
BRDA:171,20,1,0
BRDA:178,21,0,0
BRDA:178,21,1,0
BRDA:186,22,0,0
BRDA:186,22,1,0
BRDA:188,23,0,0
BRDA:188,23,1,0
BRDA:210,24,0,0
BRDA:214,25,0,0
BRDA:214,25,1,0
BRDA:221,26,0,0
BRDA:221,26,1,0
BRDA:230,27,0,0
BRDA:230,27,1,0
BRDA:230,27,2,0
BRDA:230,27,3,0
BRDA:233,28,0,0
BRDA:233,28,1,0
BRF:56
BRH:0
end_of_record
TN:
SF:src/middleware/rateLimit/rateLimitMiddleware.mjs
FN:18,(anonymous_0)
FN:40,(anonymous_1)
FN:92,(anonymous_2)
FN:119,(anonymous_3)
FN:134,(anonymous_4)
FN:138,(anonymous_5)
FN:157,(anonymous_6)
FN:170,(anonymous_7)
FN:172,(anonymous_8)
FN:192,(anonymous_9)
FNF:10
FNH:0
FNDA:0,(anonymous_0)
FNDA:0,(anonymous_1)
FNDA:0,(anonymous_2)
FNDA:0,(anonymous_3)
FNDA:0,(anonymous_4)
FNDA:0,(anonymous_5)
FNDA:0,(anonymous_6)
FNDA:0,(anonymous_7)
FNDA:0,(anonymous_8)
FNDA:0,(anonymous_9)
DA:7,0
DA:12,0
DA:26,0
DA:29,0
DA:41,0
DA:46,0
DA:47,0
DA:56,0
DA:94,0
DA:103,0
DA:106,0
DA:108,0
DA:109,0
DA:119,0
DA:124,0
DA:134,0
DA:138,0
DA:139,0
DA:141,0
DA:145,0
DA:146,0
DA:148,0
DA:159,0
DA:167,0
DA:170,0
DA:172,0
DA:173,0
DA:176,0
DA:178,0
DA:182,0
DA:183,0
DA:192,0
DA:196,0
LF:33
LH:0
BRDA:18,0,0,0
BRDA:20,1,0,0
BRDA:21,2,0,0
BRDA:22,3,0,0
BRDA:23,4,0,0
BRDA:24,5,0,0
BRDA:25,6,0,0
BRDA:46,7,0,0
BRDA:46,7,1,0
BRDA:46,8,0,0
BRDA:46,8,1,0
BRDA:63,9,0,0
BRDA:63,9,1,0
BRDA:64,10,0,0
BRDA:64,10,1,0
BRDA:92,11,0,0
BRDA:139,12,0,0
BRDA:139,12,1,0
BRDA:145,13,0,0
BRDA:145,13,1,0
BRDA:146,14,0,0
BRDA:146,14,1,0
BRDA:157,15,0,0
BRDA:176,16,0,0
BRDA:176,16,1,0
BRF:25
BRH:0
end_of_record
TN:
SF:src/middleware/validation/validationMiddleware.mjs
FN:15,(anonymous_0)
FN:16,(anonymous_1)
FN:18,(anonymous_2)
FN:100,(anonymous_3)
FNF:4
FNH:0
FNDA:0,(anonymous_0)
FNDA:0,(anonymous_1)
FNDA:0,(anonymous_2)
FNDA:0,(anonymous_3)
DA:9,0
DA:16,0
DA:18,0
DA:21,0
DA:22,0
DA:23,0
DA:27,0
DA:100,0
LF:8
LH:0
BRDA:22,0,0,0
BRDA:22,0,1,0
BRDA:100,1,0,0
BRDA:100,1,1,0
BRF:4
BRH:0
end_of_record
TN:
SF:src/models/Appointment.mjs
FN:109,(anonymous_0)
FN:113,(anonymous_1)
FN:160,(anonymous_2)
FNF:3
FNH:0
FNDA:0,(anonymous_0)
FNDA:0,(anonymous_1)
FNDA:0,(anonymous_2)
DA:3,2
DA:111,0
DA:113,0
DA:114,0
DA:115,0
DA:116,0
DA:122,0
DA:123,0
DA:126,0
DA:127,0
DA:130,0
DA:131,0
DA:134,0
DA:135,0
DA:139,0
DA:140,0
DA:141,0
DA:142,0
DA:143,0
DA:144,0
DA:145,0
DA:149,0
DA:157,2
DA:160,2
DA:161,0
DA:162,0
DA:166,2
LF:27
LH:4
BRDA:114,0,0,0
BRDA:114,0,1,0
BRDA:115,1,0,0
BRDA:115,1,1,0
BRDA:115,2,0,0
BRDA:115,2,1,0
BRDA:122,3,0,0
BRDA:122,3,1,0
BRDA:122,4,0,0
BRDA:122,4,1,0
BRDA:126,5,0,0
BRDA:126,5,1,0
BRDA:126,6,0,0
BRDA:126,6,1,0
BRDA:130,7,0,0
BRDA:130,7,1,0
BRDA:130,8,0,0
BRDA:130,8,1,0
BRDA:134,9,0,0
BRDA:134,9,1,0
BRDA:134,10,0,0
BRDA:134,10,1,0
BRDA:139,11,0,0
BRDA:139,11,1,0
BRDA:141,12,0,0
BRDA:141,12,1,0
BRF:26
BRH:0
end_of_record
TN:
SF:src/models/Assessment.mjs
FNF:0
FNH:0
DA:3,2
DA:69,2
LF:2
LH:2
BRF:0
BRH:0
end_of_record
TN:
SF:src/models/AuditLog.mjs
FNF:0
FNH:0
DA:3,2
DA:85,2
DA:87,2
LF:3
LH:3
BRF:0
BRH:0
end_of_record
TN:
SF:src/models/Clinic.mjs
FNF:0
FNH:0
DA:3,2
DA:67,2
LF:2
LH:2
BRF:0
BRH:0
end_of_record
TN:
SF:src/models/Consultation.mjs
FN:83,(anonymous_0)
FNF:1
FNH:0
FNDA:0,(anonymous_0)
DA:3,2
DA:83,2
DA:84,0
DA:85,0
DA:87,0
DA:88,0
DA:91,2
LF:7
LH:3
BRDA:84,0,0,0
BRDA:84,0,1,0
BRDA:84,1,0,0
BRDA:84,1,1,0
BRF:4
BRH:0
end_of_record
TN:
SF:src/models/Doctor.mjs
FN:81,(anonymous_0)
FN:109,(anonymous_1)
FNF:2
FNH:0
FNDA:0,(anonymous_0)
FNDA:0,(anonymous_1)
DA:3,2
DA:83,0
DA:84,0
DA:85,0
DA:93,2
DA:101,2
DA:109,2
DA:110,0
DA:111,0
DA:114,2
LF:10
LH:5
BRDA:83,0,0,0
BRDA:83,0,1,0
BRDA:84,1,0,0
BRDA:84,1,1,0
BRF:4
BRH:0
end_of_record
TN:
SF:src/models/Notification.mjs
FN:82,(anonymous_0)
FNF:1
FNH:0
FNDA:0,(anonymous_0)
DA:3,2
DA:76,2
DA:79,2
DA:82,2
DA:83,0
DA:84,0
DA:87,2
LF:7
LH:5
BRF:0
BRH:0
end_of_record
TN:
SF:src/models/Patient.mjs
FN:76,(anonymous_0)
FNF:1
FNH:0
FNDA:0,(anonymous_0)
DA:3,2
DA:68,2
DA:76,2
DA:77,0
DA:78,0
DA:81,2
LF:6
LH:4
BRF:0
BRH:0
end_of_record
TN:
SF:src/models/Prescription.mjs
FN:83,(anonymous_0)
FNF:1
FNH:0
FNDA:0,(anonymous_0)
DA:3,2
DA:83,2
DA:84,0
DA:85,0
DA:86,0
DA:87,0
DA:91,0
DA:92,0
DA:96,0
DA:97,0
DA:100,2
LF:11
LH:3
BRDA:84,0,0,0
BRDA:84,0,1,0
BRDA:91,1,0,0
BRDA:91,1,1,0
BRF:4
BRH:0
end_of_record
TN:
SF:src/models/Staff.mjs
FN:37,(anonymous_0)
FNF:1
FNH:0
FNDA:0,(anonymous_0)
DA:3,2
DA:37,2
DA:38,0
DA:39,0
DA:42,2
LF:5
LH:3
BRF:0
BRH:0
end_of_record
TN:
SF:src/models/SystemSettings.mjs
FNF:0
FNH:0
DA:3,2
DA:43,2
DA:45,2
LF:3
LH:3
BRF:0
BRH:0
end_of_record
TN:
SF:src/models/TimeSlot.mjs
FN:42,(anonymous_0)
FN:56,(anonymous_1)
FNF:2
FNH:0
FNDA:0,(anonymous_0)
FNDA:0,(anonymous_1)
DA:3,2
DA:44,0
DA:45,0
DA:46,0
DA:53,2
DA:56,2
DA:58,0
DA:59,0
DA:62,0
DA:63,0
DA:66,2
LF:11
LH:4
BRDA:44,0,0,0
BRDA:44,0,1,0
BRDA:45,1,0,0
BRDA:45,1,1,0
BRDA:58,2,0,0
BRDA:58,2,1,0
BRF:6
BRH:0
end_of_record
TN:
SF:src/models/User.mjs
FN:25,(anonymous_0)
FN:173,(anonymous_1)
FN:181,(anonymous_2)
FN:207,(anonymous_3)
FN:216,(anonymous_4)
FN:233,(anonymous_5)
FN:250,(anonymous_6)
FN:261,(anonymous_7)
FN:275,(anonymous_8)
FN:282,(anonymous_9)
FN:287,(anonymous_10)
FN:304,(anonymous_11)
FN:311,(anonymous_12)
FNF:13
FNH:0
FNDA:0,(anonymous_0)
FNDA:0,(anonymous_1)
FNDA:0,(anonymous_2)
FNDA:0,(anonymous_3)
FNDA:0,(anonymous_4)
FNDA:0,(anonymous_5)
FNDA:0,(anonymous_6)
FNDA:0,(anonymous_7)
FNDA:0,(anonymous_8)
FNDA:0,(anonymous_9)
FNDA:0,(anonymous_10)
FNDA:0,(anonymous_11)
FNDA:0,(anonymous_12)
DA:9,2
DA:27,0
DA:173,2
DA:174,0
DA:178,2
DA:181,2
DA:182,0
DA:188,0
DA:189,0
DA:193,0
DA:194,0
DA:197,0
DA:207,2
DA:208,0
DA:209,0
DA:211,0
DA:216,2
DA:218,0
DA:221,0
DA:227,0
DA:229,0
DA:233,2
DA:235,0
DA:238,0
DA:244,0
DA:246,0
DA:250,2
DA:251,0
DA:252,0
DA:253,0
DA:257,0
DA:261,2
DA:263,0
DA:266,0
DA:268,0
DA:271,0
DA:275,2
DA:276,0
DA:277,0
DA:278,0
DA:282,2
DA:283,0
DA:287,2
DA:289,0
DA:292,0
DA:298,0
DA:300,0
DA:304,2
DA:305,0
DA:306,0
DA:307,0
DA:311,2
DA:312,0
DA:313,0
DA:314,0
DA:317,2
LF:56
LH:15
BRDA:188,0,0,0
BRDA:188,0,1,0
BRDA:193,1,0,0
BRDA:193,1,1,0
BRDA:251,2,0,0
BRDA:251,2,1,0
BRDA:266,3,0,0
BRDA:266,3,1,0
BRDA:283,4,0,0
BRDA:283,4,1,0
BRF:10
BRH:0
end_of_record
TN:
SF:src/models/index.mjs
FNF:0
FNH:0
DA:20,2
DA:21,2
DA:22,2
DA:23,2
DA:24,2
DA:25,2
DA:26,2
DA:27,2
DA:28,2
DA:29,2
DA:30,2
DA:31,2
DA:32,2
LF:13
LH:13
BRF:0
BRH:0
end_of_record
TN:
SF:src/models/prescriptionModel.mjs
FN:57,(anonymous_0)
FNF:1
FNH:0
FNDA:0,(anonymous_0)
DA:3,0
DA:33,0
DA:57,0
DA:85,0
LF:4
LH:0
BRDA:57,0,0,0
BRDA:57,0,1,0
BRF:2
BRH:0
end_of_record
TN:
SF:src/routes/adminRoutes.mjs
FNF:0
FNH:0
DA:19,0
DA:22,0
DA:23,0
DA:24,0
DA:27,0
DA:34,0
DA:41,0
DA:48,0
DA:55,0
DA:62,0
LF:10
LH:0
BRF:0
BRH:0
end_of_record
TN:
SF:src/routes/appointmentRoutes.mjs
FN:100,(anonymous_0)
FNF:1
FNH:0
FNDA:0,(anonymous_0)
DA:24,0
DA:27,0
DA:30,0
DA:37,0
DA:46,0
DA:53,0
DA:60,0
DA:73,0
DA:93,0
DA:96,0
DA:101,0
DA:104,0
DA:105,0
DA:107,0
DA:108,0
DA:110,0
DA:111,0
DA:114,0
DA:118,0
DA:119,0
DA:123,0
DA:127,0
DA:128,0
DA:129,0
DA:130,0
DA:135,0
DA:136,0
DA:141,0
DA:145,0
DA:146,0
DA:147,0
DA:151,0
DA:154,0
DA:155,0
DA:159,0
DA:161,0
DA:164,0
DA:165,0
DA:167,0
DA:170,0
DA:171,0
DA:174,0
DA:175,0
DA:179,0
DA:180,0
DA:183,0
DA:189,0
DA:193,0
DA:203,0
DA:204,0
DA:207,0
DA:208,0
DA:209,0
DA:210,0
DA:212,0
DA:215,0
DA:225,0
DA:228,0
LF:58
LH:0
BRDA:104,0,0,0
BRDA:104,0,1,0
BRDA:104,1,0,0
BRDA:104,1,1,0
BRDA:118,2,0,0
BRDA:118,2,1,0
BRDA:135,3,0,0
BRDA:135,3,1,0
BRDA:145,4,0,0
BRDA:145,4,1,0
BRDA:154,5,0,0
BRDA:154,5,1,0
BRDA:155,6,0,0
BRDA:155,6,1,0
BRDA:174,7,0,0
BRDA:174,7,1,0
BRDA:174,8,0,0
BRDA:174,8,1,0
BRDA:194,9,0,0
BRDA:194,9,1,0
BRDA:194,10,0,0
BRDA:194,10,1,0
BRDA:196,11,0,0
BRDA:196,11,1,0
BRF:24
BRH:0
end_of_record
TN:
SF:src/routes/assessmentRoutes.mjs
FN:64,(anonymous_0)
FNF:1
FNH:0
FNDA:0,(anonymous_0)
DA:6,0
DA:10,0
DA:16,0
DA:24,0
DA:31,0
DA:38,0
DA:47,0
DA:54,0
DA:61,0
DA:65,0
DA:66,0
DA:68,0
DA:69,0
DA:71,0
DA:72,0
LF:15
LH:0
BRDA:65,0,0,0
BRDA:65,0,1,0
BRDA:68,1,0,0
BRDA:68,1,1,0
BRF:4
BRH:0
end_of_record
TN:
SF:src/routes/authRoutes.mjs
FNF:0
FNH:0
DA:33,0
DA:36,0
DA:39,0
DA:46,0
DA:54,0
DA:61,0
DA:67,0
DA:73,0
DA:80,0
DA:88,0
DA:90,0
DA:96,0
DA:102,0
DA:108,0
DA:113,0
LF:15
LH:0
BRF:0
BRH:0
end_of_record
TN:
SF:src/routes/availabilityRoutes.mjs
FN:26,(anonymous_0)
FN:106,(anonymous_1)
FNF:2
FNH:0
FNDA:0,(anonymous_0)
FNDA:0,(anonymous_1)
DA:23,0
DA:26,0
DA:27,0
DA:28,0
DA:29,0
DA:30,0
DA:31,0
DA:35,0
DA:41,0
DA:48,0
DA:51,0
DA:59,0
DA:73,0
DA:81,0
DA:88,0
DA:95,0
DA:103,0
DA:106,0
DA:107,0
LF:19
LH:0
BRF:0
BRH:0
end_of_record
TN:
SF:src/routes/clinicAuthRoutes.mjs
FNF:0
FNH:0
DA:29,0
DA:32,0
DA:35,0
DA:42,0
DA:49,0
DA:55,0
DA:61,0
DA:70,0
DA:77,0
DA:84,0
DA:85,0
DA:87,0
DA:93,0
DA:99,0
DA:105,0
LF:15
LH:0
BRF:0
BRH:0
end_of_record
TN:
SF:src/routes/clinicRoutes.mjs
FNF:0
FNH:0
DA:7,0
DA:10,0
DA:13,0
LF:3
LH:0
BRF:0
BRH:0
end_of_record
TN:
SF:src/routes/doctorRoutes.mjs
FN:40,(anonymous_0)
FN:167,(anonymous_1)
FNF:2
FNH:0
FNDA:0,(anonymous_0)
FNDA:0,(anonymous_1)
DA:27,0
DA:30,0
DA:37,0
DA:41,0
DA:42,0
DA:48,0
DA:49,0
DA:50,0
DA:53,0
DA:54,0
DA:55,0
DA:61,0
DA:62,0
DA:64,0
DA:65,0
DA:66,0
DA:72,0
DA:73,0
DA:78,0
DA:79,0
DA:88,0
DA:94,0
DA:102,0
DA:105,0
DA:108,0
DA:116,0
DA:129,0
DA:143,0
DA:156,0
DA:165,0
DA:168,0
DA:169,0
DA:171,0
DA:174,0
DA:175,0
DA:176,0
DA:177,0
DA:184,0
DA:185,0
DA:186,0
DA:187,0
DA:195,0
DA:203,0
DA:205,0
DA:210,0
DA:211,0
LF:46
LH:0
BRDA:53,0,0,0
BRDA:53,0,1,0
BRDA:62,1,0,0
BRDA:62,1,1,0
BRDA:64,2,0,0
BRDA:64,2,1,0
BRDA:82,3,0,0
BRDA:82,3,1,0
BRDA:175,4,0,0
BRDA:175,4,1,0
BRDA:185,5,0,0
BRDA:185,5,1,0
BRDA:197,6,0,0
BRDA:197,6,1,0
BRDA:198,7,0,0
BRDA:198,7,1,0
BRDA:199,8,0,0
BRDA:199,8,1,0
BRF:18
BRH:0
end_of_record
TN:
SF:src/routes/googleAuthRoutes.mjs
FNF:0
FNH:0
DA:8,0
DA:12,0
DA:20,0
LF:3
LH:0
BRF:0
BRH:0
end_of_record
TN:
SF:src/routes/googleRoutes.mjs
FN:11,(anonymous_0)
FN:31,(anonymous_1)
FNF:2
FNH:0
FNDA:0,(anonymous_0)
FNDA:0,(anonymous_1)
DA:8,0
DA:11,0
DA:12,0
DA:13,0
DA:15,0
DA:17,0
DA:18,0
DA:21,0
DA:22,0
DA:23,0
DA:25,0
DA:26,0
DA:31,0
DA:32,0
DA:33,0
DA:35,0
DA:37,0
DA:38,0
DA:40,0
DA:42,0
DA:43,0
DA:48,0
DA:50,0
DA:51,0
DA:53,0
DA:55,0
DA:56,0
DA:57,0
DA:59,0
DA:60,0
DA:64,0
DA:65,0
DA:71,0
DA:79,0
DA:85,0
DA:93,0
LF:36
LH:0
BRDA:13,0,0,0
BRDA:13,0,1,0
BRDA:13,1,0,0
BRDA:13,1,1,0
BRDA:37,2,0,0
BRDA:37,2,1,0
BRDA:40,3,0,0
BRDA:40,3,1,0
BRDA:53,4,0,0
BRDA:53,4,1,0
BRF:10
BRH:0
end_of_record
TN:
SF:src/routes/health.mjs
FN:5,(anonymous_0)
FNF:1
FNH:0
FNDA:0,(anonymous_0)
DA:3,0
DA:5,0
DA:6,0
LF:3
LH:0
BRF:0
BRH:0
end_of_record
TN:
SF:src/routes/index.mjs
FN:30,(anonymous_0)
FN:88,(anonymous_1)
FNF:2
FNH:0
FNDA:0,(anonymous_0)
FNDA:0,(anonymous_1)
DA:30,0
DA:32,0
DA:35,0
DA:38,0
DA:41,0
DA:44,0
DA:47,0
DA:50,0
DA:53,0
DA:56,0
DA:59,0
DA:62,0
DA:65,0
DA:68,0
DA:71,0
DA:74,0
DA:77,0
DA:78,0
DA:82,0
DA:85,0
DA:88,0
DA:89,0
DA:97,0
DA:100,0
LF:24
LH:0
BRDA:77,0,0,0
BRDA:77,0,1,0
BRF:2
BRH:0
end_of_record
TN:
SF:src/routes/patientRoutes.mjs
FN:48,(anonymous_0)
FNF:1
FNH:0
FNDA:0,(anonymous_0)
DA:27,0
DA:30,0
DA:33,0
DA:36,0
DA:45,0
DA:49,0
DA:50,0
DA:56,0
DA:57,0
DA:58,0
DA:61,0
DA:62,0
DA:63,0
DA:69,0
DA:70,0
DA:72,0
DA:73,0
DA:74,0
DA:80,0
DA:81,0
DA:82,0
DA:87,0
DA:88,0
DA:97,0
DA:106,0
DA:116,0
DA:130,0
DA:150,0
LF:28
LH:0
BRDA:61,0,0,0
BRDA:61,0,1,0
BRDA:70,1,0,0
BRDA:70,1,1,0
BRDA:72,2,0,0
BRDA:72,2,1,0
BRDA:91,3,0,0
BRDA:91,3,1,0
BRF:8
BRH:0
end_of_record
TN:
SF:src/routes/prescriptionRoutes.mjs
FN:35,(anonymous_0)
FNF:1
FNH:0
FNDA:0,(anonymous_0)
DA:8,0
DA:11,0
DA:15,0
DA:23,0
DA:32,0
DA:36,0
DA:37,0
DA:38,0
DA:39,0
DA:42,0
DA:43,0
DA:47,0
DA:49,0
DA:50,0
DA:51,0
DA:52,0
DA:57,0
DA:60,0
DA:61,0
DA:69,0
DA:77,0
LF:21
LH:0
BRDA:42,0,0,0
BRDA:42,0,1,0
BRDA:47,1,0,0
BRDA:47,1,1,0
BRDA:51,2,0,0
BRDA:51,2,1,0
BRDA:51,3,0,0
BRDA:51,3,1,0
BRF:8
BRH:0
end_of_record
TN:
SF:src/routes/staffRoutes.mjs
FNF:0
FNH:0
DA:21,0
DA:24,0
DA:27,0
DA:35,0
DA:44,0
DA:55,0
LF:6
LH:0
BRF:0
BRH:0
end_of_record
TN:
SF:src/routes/testRoutes.mjs
FN:20,(anonymous_0)
FN:91,(anonymous_1)
FN:155,(anonymous_2)
FN:194,(anonymous_3)
FNF:4
FNH:0
FNDA:0,(anonymous_0)
FNDA:0,(anonymous_1)
FNDA:0,(anonymous_2)
FNDA:0,(anonymous_3)
DA:8,0
DA:11,0
DA:12,0
DA:13,0
DA:14,0
DA:20,0
DA:21,0
DA:23,0
DA:24,0
DA:25,0
DA:35,0
DA:36,0
DA:37,0
DA:45,0
DA:46,0
DA:47,0
DA:57,0
DA:70,0
DA:81,0
DA:82,0
DA:91,0
DA:92,0
DA:94,0
DA:95,0
DA:96,0
DA:97,0
DA:99,0
DA:100,0
DA:107,0
DA:145,0
DA:146,0
DA:155,0
DA:156,0
DA:157,0
DA:160,0
DA:161,0
DA:168,0
DA:170,0
DA:171,0
DA:178,0
DA:184,0
DA:185,0
DA:194,0
DA:195,0
DA:197,0
DA:198,0
DA:200,0
DA:201,0
DA:209,0
DA:218,0
DA:231,0
DA:242,0
DA:243,0
DA:252,0
DA:257,0
DA:262,0
DA:267,0
DA:272,0
DA:277,0
LF:59
LH:0
BRDA:24,0,0,0
BRDA:24,0,1,0
BRDA:36,1,0,0
BRDA:36,1,1,0
BRDA:46,2,0,0
BRDA:46,2,1,0
BRDA:99,3,0,0
BRDA:99,3,1,0
BRDA:99,4,0,0
BRDA:99,4,1,0
BRDA:99,4,2,0
BRDA:99,4,3,0
BRDA:160,5,0,0
BRDA:160,5,1,0
BRDA:170,6,0,0
BRDA:170,6,1,0
BRDA:200,7,0,0
BRDA:200,7,1,0
BRDA:200,8,0,0
BRDA:200,8,1,0
BRF:20
BRH:0
end_of_record
TN:
SF:src/routes/userRoutes.mjs
FNF:0
FNH:0
DA:21,0
DA:24,0
DA:27,0
DA:34,0
DA:42,0
DA:50,0
DA:63,0
LF:7
LH:0
BRF:0
BRH:0
end_of_record
TN:
SF:src/services/aiService.mjs
FN:8,(anonymous_0)
FN:27,(anonymous_1)
FN:33,(anonymous_2)
FN:42,(anonymous_3)
FN:58,(anonymous_4)
FN:66,(anonymous_5)
FN:97,(anonymous_6)
FN:212,(anonymous_7)
FN:300,(anonymous_8)
FN:395,(anonymous_9)
FN:449,(anonymous_10)
FN:454,(anonymous_11)
FN:491,(anonymous_12)
FN:497,(anonymous_13)
FN:524,(anonymous_14)
FN:533,(anonymous_15)
FN:545,(anonymous_16)
FN:565,(anonymous_17)
FN:621,(anonymous_18)
FN:635,(anonymous_19)
FN:637,(anonymous_20)
FNF:21
FNH:13
FNDA:1,(anonymous_0)
FNDA:1,(anonymous_1)
FNDA:0,(anonymous_2)
FNDA:60,(anonymous_3)
FNDA:25,(anonymous_4)
FNDA:25,(anonymous_5)
FNDA:7,(anonymous_6)
FNDA:5,(anonymous_7)
FNDA:9,(anonymous_8)
FNDA:0,(anonymous_9)
FNDA:5,(anonymous_10)
FNDA:0,(anonymous_11)
FNDA:4,(anonymous_12)
FNDA:0,(anonymous_13)
FNDA:7,(anonymous_14)
FNDA:5,(anonymous_15)
FNDA:7,(anonymous_16)
FNDA:0,(anonymous_17)
FNDA:0,(anonymous_18)
FNDA:0,(anonymous_19)
FNDA:0,(anonymous_20)
DA:9,1
DA:10,1
DA:11,1
DA:12,1
DA:13,1
DA:14,1
DA:15,1
DA:16,1
DA:17,1
DA:20,1
DA:29,1
DA:30,1
DA:33,1
DA:34,0
DA:35,0
DA:43,60
DA:44,34
DA:45,34
DA:46,34
DA:47,34
DA:51,26
DA:52,26
DA:54,26
DA:55,26
DA:57,25
DA:58,25
DA:59,25
DA:62,25
DA:63,25
DA:66,25
DA:67,25
DA:68,24
DA:69,24
DA:72,0
DA:75,25
DA:76,25
DA:77,25
DA:79,0
DA:80,0
DA:81,0
DA:84,1
DA:85,1
DA:86,1
DA:87,1
DA:98,7
DA:99,7
DA:102,7
DA:103,7
DA:104,7
DA:107,6
DA:110,6
DA:111,1
DA:112,1
DA:136,1
DA:137,1
DA:140,1
DA:144,5
DA:145,5
DA:146,5
DA:149,4
DA:150,4
DA:152,1
DA:154,1
DA:158,4
DA:159,0
DA:163,4
DA:164,4
DA:167,4
DA:169,1
DA:171,1
DA:190,0
DA:192,0
DA:213,5
DA:214,5
DA:216,5
DA:219,5
DA:220,1
DA:221,1
DA:233,4
DA:234,4
DA:235,4
DA:238,3
DA:240,3
DA:242,1
DA:245,1
DA:246,1
DA:247,1
DA:248,1
DA:249,1
DA:250,1
DA:252,0
DA:253,0
DA:257,0
DA:258,0
DA:268,3
DA:269,0
DA:272,3
DA:274,1
DA:276,1
DA:284,0
DA:286,0
DA:301,9
DA:302,0
DA:306,9
DA:307,0
DA:310,9
DA:311,9
DA:313,9
DA:315,9
DA:333,7
DA:334,0
DA:335,0
DA:338,7
DA:340,2
DA:343,2
DA:344,0
DA:345,0
DA:347,0
DA:348,0
DA:349,0
DA:350,0
DA:352,0
DA:370,0
DA:371,0
DA:372,0
DA:374,0
DA:379,0
DA:382,2
DA:383,0
DA:385,2
DA:397,0
DA:398,0
DA:422,0
DA:423,0
DA:436,0
DA:450,5
DA:454,0
DA:492,4
DA:497,0
DA:525,7
DA:534,5
DA:546,7
DA:548,7
DA:551,1
DA:552,0
DA:553,0
DA:556,1
DA:566,0
DA:568,0
DA:569,0
DA:570,0
DA:574,0
DA:575,0
DA:593,0
DA:595,0
DA:622,0
DA:623,0
DA:624,0
DA:625,0
DA:626,0
DA:637,0
DA:638,0
DA:646,0
DA:647,0
DA:650,0
DA:654,1
LF:166
LH:106
BRDA:12,0,0,1
BRDA:12,0,1,1
BRDA:43,1,0,34
BRDA:43,1,1,26
BRDA:57,2,0,25
BRDA:57,2,1,0
BRDA:57,3,0,25
BRDA:57,3,1,25
BRDA:62,4,0,25
BRDA:62,4,1,0
BRDA:67,5,0,24
BRDA:67,5,1,1
BRDA:97,6,0,7
BRDA:102,7,0,7
BRDA:102,7,1,0
BRDA:104,8,0,1
BRDA:104,8,1,6
BRDA:110,9,0,1
BRDA:110,9,1,5
BRDA:136,10,0,1
BRDA:136,10,1,0
BRDA:158,11,0,0
BRDA:158,11,1,4
BRDA:158,12,0,4
BRDA:158,12,1,4
BRDA:163,13,0,4
BRDA:163,13,1,0
BRDA:219,14,0,1
BRDA:219,14,1,4
BRDA:226,15,0,0
BRDA:226,15,1,1
BRDA:246,16,0,1
BRDA:246,16,1,0
BRDA:247,17,0,1
BRDA:247,17,1,0
BRDA:268,18,0,0
BRDA:268,18,1,3
BRDA:268,19,0,3
BRDA:268,19,1,3
BRDA:301,20,0,0
BRDA:301,20,1,9
BRDA:306,21,0,0
BRDA:306,21,1,9
BRDA:333,22,0,0
BRDA:333,22,1,7
BRDA:333,23,0,7
BRDA:333,23,1,7
BRDA:333,23,2,7
BRDA:340,24,0,2
BRDA:340,24,1,2
BRDA:343,25,0,0
BRDA:343,25,1,2
BRDA:343,26,0,2
BRDA:343,26,1,2
BRDA:374,27,0,0
BRDA:374,27,1,0
BRDA:382,28,0,0
BRDA:382,28,1,2
BRDA:397,29,0,0
BRDA:397,29,1,0
BRDA:422,30,0,0
BRDA:422,30,1,0
BRDA:452,31,0,0
BRDA:452,31,1,5
BRDA:548,32,0,6
BRDA:548,32,1,1
BRDA:551,33,0,0
BRDA:551,33,1,1
BRDA:569,34,0,0
BRDA:569,34,1,0
BRDA:623,35,0,0
BRDA:623,35,1,0
BRDA:624,36,0,0
BRDA:624,36,1,0
BRDA:625,37,0,0
BRDA:625,37,1,0
BRDA:638,38,0,0
BRDA:638,38,1,0
BRDA:638,38,2,0
BRDA:638,38,3,0
BRDA:638,38,4,0
BRDA:646,39,0,0
BRDA:646,39,1,0
BRDA:650,40,0,0
BRDA:650,40,1,0
BRF:85
BRH:45
end_of_record
TN:
SF:src/services/appointmentService.mjs
FN:28,(anonymous_0)
FN:52,(anonymous_1)
FN:265,(anonymous_2)
FN:295,(anonymous_3)
FN:349,(anonymous_4)
FN:364,(anonymous_5)
FN:394,(anonymous_6)
FN:461,(anonymous_7)
FN:477,(anonymous_8)
FN:609,(anonymous_9)
FN:654,(anonymous_10)
FN:672,(anonymous_11)
FN:682,(anonymous_12)
FN:700,(anonymous_13)
FN:729,(anonymous_14)
FN:766,(anonymous_15)
FN:782,(anonymous_16)
FN:804,(anonymous_17)
FN:820,(anonymous_18)
FN:851,(anonymous_19)
FN:958,(anonymous_20)
FN:1012,(anonymous_21)
FN:1096,(anonymous_22)
FN:1180,(anonymous_23)
FN:1303,(anonymous_24)
FN:1325,(anonymous_25)
FN:1446,(anonymous_26)
FN:1543,(anonymous_27)
FN:1610,(anonymous_28)
FNF:29
FNH:16
FNDA:1,(anonymous_0)
FNDA:1,(anonymous_1)
FNDA:1,(anonymous_2)
FNDA:3,(anonymous_3)
FNDA:6,(anonymous_4)
FNDA:6,(anonymous_5)
FNDA:2,(anonymous_6)
FNDA:1,(anonymous_7)
FNDA:4,(anonymous_8)
FNDA:0,(anonymous_9)
FNDA:0,(anonymous_10)
FNDA:0,(anonymous_11)
FNDA:0,(anonymous_12)
FNDA:0,(anonymous_13)
FNDA:0,(anonymous_14)
FNDA:0,(anonymous_15)
FNDA:0,(anonymous_16)
FNDA:0,(anonymous_17)
FNDA:1,(anonymous_18)
FNDA:4,(anonymous_19)
FNDA:1,(anonymous_20)
FNDA:1,(anonymous_21)
FNDA:0,(anonymous_22)
FNDA:0,(anonymous_23)
FNDA:1,(anonymous_24)
FNDA:1,(anonymous_25)
FNDA:0,(anonymous_26)
FNDA:0,(anonymous_27)
FNDA:9,(anonymous_28)
DA:29,1
DA:30,0
DA:32,1
DA:33,0
DA:35,1
DA:36,1
DA:37,1
DA:38,1
DA:39,1
DA:40,1
DA:41,1
DA:42,1
DA:43,1
DA:44,1
DA:53,1
DA:67,1
DA:69,1
DA:72,1
DA:75,1
DA:78,1
DA:79,0
DA:83,1
DA:84,0
DA:88,1
DA:89,0
DA:90,0
DA:91,0
DA:92,0
DA:94,0
DA:95,0
DA:98,0
DA:99,0
DA:104,1
DA:106,0
DA:107,0
DA:109,0
DA:110,0
DA:115,1
DA:116,0
DA:118,0
DA:119,0
DA:122,0
DA:123,0
DA:127,1
DA:128,0
DA:132,1
DA:142,1
DA:152,1
DA:159,1
DA:167,1
DA:177,1
DA:187,1
DA:194,1
DA:202,1
DA:203,0
DA:214,1
DA:215,0
DA:229,1
DA:231,1
DA:232,1
DA:233,1
DA:236,1
DA:237,1
DA:240,1
DA:241,1
DA:245,1
DA:252,1
DA:258,1
DA:259,1
DA:260,1
DA:261,1
DA:265,1
DA:266,1
DA:270,1
DA:271,1
DA:272,1
DA:273,1
DA:276,1
DA:277,1
DA:279,1
DA:286,0
DA:287,0
DA:296,3
DA:298,3
DA:300,3
DA:336,3
DA:337,3
DA:338,1
DA:339,1
DA:340,1
DA:341,1
DA:342,2
DA:344,1
DA:349,3
DA:350,6
DA:351,4
DA:360,3
DA:361,3
DA:364,3
DA:365,6
DA:367,6
DA:368,6
DA:375,3
DA:376,3
DA:378,3
DA:380,0
DA:382,0
DA:395,2
DA:397,2
DA:398,0
DA:399,0
DA:403,2
DA:405,2
DA:406,0
DA:411,2
DA:412,2
DA:422,2
DA:423,0
DA:435,2
DA:437,2
DA:438,2
DA:440,2
DA:441,2
DA:442,2
DA:443,2
DA:444,2
DA:448,2
DA:450,0
DA:451,0
DA:463,1
DA:464,1
DA:465,1
DA:467,1
DA:468,1
DA:469,0
DA:471,1
DA:472,1
DA:476,1
DA:477,1
DA:478,4
DA:479,0
DA:481,4
DA:482,3
DA:488,1
DA:489,1
DA:490,0
DA:492,1
DA:493,0
DA:499,1
DA:507,1
DA:508,1
DA:509,1
DA:512,1
DA:515,1
DA:525,1
DA:528,1
DA:529,1
DA:530,1
DA:532,1
DA:533,1
DA:534,0
DA:536,1
DA:537,1
DA:542,1
DA:550,1
DA:551,0
DA:553,0
DA:563,0
DA:565,1
DA:570,0
DA:574,0
DA:579,1
DA:584,1
DA:586,1
DA:589,0
DA:590,0
DA:593,0
DA:594,0
DA:597,0
DA:600,1
DA:611,0
DA:612,0
DA:615,0
DA:616,0
DA:619,0
DA:620,0
DA:624,0
DA:625,0
DA:626,0
DA:630,0
DA:631,0
DA:632,0
DA:636,0
DA:637,0
DA:638,0
DA:641,0
DA:642,0
DA:655,0
DA:656,0
DA:659,0
DA:660,0
DA:663,0
DA:666,0
DA:669,0
DA:672,0
DA:674,0
DA:675,0
DA:680,0
DA:682,0
DA:683,0
DA:684,0
DA:692,0
DA:699,0
DA:700,0
DA:702,0
DA:703,0
DA:706,0
DA:718,0
DA:731,0
DA:734,0
DA:756,0
DA:767,0
DA:783,0
DA:805,0
DA:810,0
DA:821,1
DA:822,1
DA:824,1
DA:826,1
DA:827,1
DA:828,0
DA:832,1
DA:835,1
DA:837,1
DA:838,0
DA:841,1
DA:844,1
DA:845,0
DA:846,0
DA:851,1
DA:852,4
DA:853,1
DA:858,1
DA:860,0
DA:861,0
DA:864,0
DA:865,0
DA:866,0
DA:871,1
DA:873,0
DA:874,0
DA:875,0
DA:878,0
DA:879,0
DA:883,0
DA:884,0
DA:885,0
DA:886,0
DA:889,0
DA:895,0
DA:903,1
DA:910,1
DA:923,1
DA:924,1
DA:927,1
DA:928,1
DA:938,1
DA:941,1
DA:944,0
DA:945,0
DA:946,0
DA:948,1
DA:959,1
DA:960,1
DA:962,1
DA:964,1
DA:965,1
DA:966,0
DA:970,1
DA:977,1
DA:980,1
DA:994,1
DA:996,1
DA:999,0
DA:1000,0
DA:1001,0
DA:1003,1
DA:1013,1
DA:1015,1
DA:1018,1
DA:1021,0
DA:1084,0
DA:1086,1
DA:1087,1
DA:1097,0
DA:1099,0
DA:1102,0
DA:1105,0
DA:1168,0
DA:1170,0
DA:1171,0
DA:1181,0
DA:1183,0
DA:1184,0
DA:1186,0
DA:1187,0
DA:1190,0
DA:1193,0
DA:1289,0
DA:1291,0
DA:1292,0
DA:1304,1
DA:1313,1
DA:1326,1
DA:1328,1
DA:1329,1
DA:1331,1
DA:1332,0
DA:1333,0
DA:1339,1
DA:1341,0
DA:1342,0
DA:1343,0
DA:1344,0
DA:1346,0
DA:1347,0
DA:1348,0
DA:1349,0
DA:1351,1
DA:1352,1
DA:1353,1
DA:1354,1
DA:1356,0
DA:1357,0
DA:1358,0
DA:1359,0
DA:1361,0
DA:1362,0
DA:1363,0
DA:1364,0
DA:1366,0
DA:1367,0
DA:1368,0
DA:1369,0
DA:1371,0
DA:1372,0
DA:1373,0
DA:1377,1
DA:1396,1
DA:1415,1
DA:1416,0
DA:1418,0
DA:1432,0
DA:1437,0
DA:1447,0
DA:1449,0
DA:1450,0
DA:1452,0
DA:1454,0
DA:1472,0
DA:1474,0
DA:1475,0
DA:1476,0
DA:1479,0
DA:1498,0
DA:1499,0
DA:1512,0
DA:1516,0
DA:1526,0
DA:1528,0
DA:1532,0
DA:1534,0
DA:1535,0
DA:1544,0
DA:1546,0
DA:1547,0
DA:1548,0
DA:1551,0
DA:1552,0
DA:1555,0
DA:1559,0
DA:1565,0
DA:1567,0
DA:1568,0
DA:1570,0
DA:1571,0
DA:1572,0
DA:1573,0
DA:1575,0
DA:1576,0
DA:1580,0
DA:1583,0
DA:1587,0
DA:1589,0
DA:1590,0
DA:1596,1
DA:1609,1
DA:1611,9
DA:1612,9
LF:399
LH:189
BRDA:29,0,0,0
BRDA:29,0,1,1
BRDA:29,1,0,1
BRDA:29,1,1,1
BRDA:29,1,2,1
BRDA:29,1,3,1
BRDA:29,1,4,1
BRDA:29,1,5,1
BRDA:29,1,6,1
BRDA:29,1,7,1
BRDA:29,1,8,1
BRDA:29,1,9,1
BRDA:32,2,0,0
BRDA:32,2,1,1
BRDA:55,3,0,1
BRDA:56,4,0,1
BRDA:58,5,0,1
BRDA:59,6,0,1
BRDA:78,7,0,0
BRDA:78,7,1,1
BRDA:83,8,0,0
BRDA:83,8,1,1
BRDA:88,9,0,0
BRDA:88,9,1,1
BRDA:90,10,0,0
BRDA:90,10,1,0
BRDA:104,11,0,0
BRDA:104,11,1,1
BRDA:106,12,0,0
BRDA:106,12,1,0
BRDA:115,13,0,0
BRDA:115,13,1,1
BRDA:115,14,0,1
BRDA:115,14,1,1
BRDA:118,15,0,0
BRDA:118,15,1,0
BRDA:122,16,0,0
BRDA:122,16,1,0
BRDA:127,17,0,0
BRDA:127,17,1,1
BRDA:202,18,0,0
BRDA:202,18,1,1
BRDA:214,19,0,0
BRDA:214,19,1,1
BRDA:229,20,0,1
BRDA:229,20,1,0
BRDA:258,21,0,1
BRDA:258,21,1,0
BRDA:258,22,0,1
BRDA:258,22,1,1
BRDA:270,23,0,1
BRDA:270,23,1,0
BRDA:270,24,0,1
BRDA:270,24,1,1
BRDA:276,25,0,1
BRDA:276,25,1,0
BRDA:296,26,0,0
BRDA:296,26,1,3
BRDA:303,27,0,3
BRDA:303,27,1,1
BRDA:304,28,0,3
BRDA:304,28,1,1
BRDA:324,29,0,3
BRDA:324,29,1,2
BRDA:324,29,2,0
BRDA:325,30,0,3
BRDA:325,30,1,2
BRDA:325,30,2,0
BRDA:326,31,0,3
BRDA:326,31,1,3
BRDA:326,31,2,1
BRDA:327,32,0,3
BRDA:327,32,1,3
BRDA:327,32,2,1
BRDA:331,33,0,3
BRDA:331,33,1,3
BRDA:337,34,0,1
BRDA:337,34,1,2
BRDA:337,35,0,3
BRDA:337,35,1,1
BRDA:342,36,0,1
BRDA:342,36,1,1
BRDA:350,37,0,2
BRDA:350,37,1,4
BRDA:365,38,0,0
BRDA:365,38,1,6
BRDA:367,39,0,6
BRDA:367,39,1,2
BRDA:367,39,2,2
BRDA:375,40,0,3
BRDA:375,40,1,2
BRDA:376,41,0,3
BRDA:376,41,1,2
BRDA:397,42,0,0
BRDA:397,42,1,2
BRDA:397,43,0,2
BRDA:397,43,1,2
BRDA:405,44,0,0
BRDA:405,44,1,2
BRDA:411,45,0,2
BRDA:411,45,1,0
BRDA:422,46,0,0
BRDA:422,46,1,2
BRDA:437,47,0,2
BRDA:437,47,1,0
BRDA:468,48,0,0
BRDA:468,48,1,1
BRDA:478,49,0,0
BRDA:478,49,1,4
BRDA:478,50,0,4
BRDA:478,50,1,3
BRDA:481,51,0,3
BRDA:481,51,1,1
BRDA:489,52,0,0
BRDA:489,52,1,1
BRDA:492,53,0,0
BRDA:492,53,1,1
BRDA:528,54,0,1
BRDA:528,54,1,0
BRDA:528,55,0,1
BRDA:528,55,1,1
BRDA:533,56,0,0
BRDA:533,56,1,1
BRDA:533,57,0,1
BRDA:533,57,1,1
BRDA:550,58,0,0
BRDA:550,58,1,1
BRDA:550,59,0,1
BRDA:550,59,1,1
BRDA:593,60,0,0
BRDA:593,60,1,0
BRDA:611,61,0,0
BRDA:611,61,1,0
BRDA:611,62,0,0
BRDA:611,62,1,0
BRDA:615,63,0,0
BRDA:615,63,1,0
BRDA:615,64,0,0
BRDA:615,64,1,0
BRDA:619,65,0,0
BRDA:619,65,1,0
BRDA:619,66,0,0
BRDA:619,66,1,0
BRDA:625,67,0,0
BRDA:625,67,1,0
BRDA:631,68,0,0
BRDA:631,68,1,0
BRDA:637,69,0,0
BRDA:637,69,1,0
BRDA:641,70,0,0
BRDA:641,70,1,0
BRDA:655,71,0,0
BRDA:655,71,1,0
BRDA:659,72,0,0
BRDA:659,72,1,0
BRDA:666,73,0,0
BRDA:666,73,1,0
BRDA:669,74,0,0
BRDA:669,74,1,0
BRDA:674,75,0,0
BRDA:674,75,1,0
BRDA:674,76,0,0
BRDA:674,76,1,0
BRDA:680,77,0,0
BRDA:680,77,1,0
BRDA:680,78,0,0
BRDA:680,78,1,0
BRDA:680,78,2,0
BRDA:683,79,0,0
BRDA:683,79,1,0
BRDA:683,80,0,0
BRDA:683,80,1,0
BRDA:700,81,0,0
BRDA:700,81,1,0
BRDA:700,81,2,0
BRDA:709,82,0,0
BRDA:709,82,1,0
BRDA:713,83,0,0
BRDA:713,83,1,0
BRDA:741,84,0,0
BRDA:741,84,1,0
BRDA:743,85,0,0
BRDA:743,85,1,0
BRDA:792,86,0,0
BRDA:792,86,1,0
BRDA:827,87,0,0
BRDA:827,87,1,1
BRDA:835,88,0,1
BRDA:835,88,1,0
BRDA:837,89,0,0
BRDA:837,89,1,1
BRDA:844,90,0,0
BRDA:844,90,1,1
BRDA:846,91,0,0
BRDA:846,91,1,0
BRDA:852,92,0,1
BRDA:852,92,1,3
BRDA:858,93,0,0
BRDA:858,93,1,1
BRDA:858,94,0,1
BRDA:858,94,1,0
BRDA:860,95,0,0
BRDA:860,95,1,0
BRDA:871,96,0,0
BRDA:871,96,1,1
BRDA:871,97,0,1
BRDA:871,97,1,0
BRDA:874,98,0,0
BRDA:874,98,1,0
BRDA:878,99,0,0
BRDA:878,99,1,0
BRDA:927,100,0,1
BRDA:927,100,1,0
BRDA:927,101,0,1
BRDA:927,101,1,1
BRDA:965,102,0,0
BRDA:965,102,1,1
BRDA:1313,103,0,1
BRDA:1313,103,1,1
BRDA:1331,104,0,0
BRDA:1331,104,1,1
BRDA:1331,105,0,1
BRDA:1331,105,1,1
BRDA:1339,106,0,0
BRDA:1339,106,1,0
BRDA:1339,106,2,1
BRDA:1339,106,3,0
BRDA:1339,106,4,0
BRDA:1339,106,5,0
BRDA:1339,106,6,0
BRDA:1415,107,0,0
BRDA:1415,107,1,1
BRDA:1415,108,0,1
BRDA:1415,108,1,1
BRDA:1575,109,0,0
BRDA:1575,109,1,0
BRDA:1611,110,0,9
BRDA:1611,110,1,0
BRF:238
BRH:115
end_of_record
TN:
SF:src/services/assessmentService.mjs
FN:24,(anonymous_0)
FN:79,(anonymous_1)
FN:91,(anonymous_2)
FN:92,(anonymous_3)
FN:98,(anonymous_4)
FN:139,(anonymous_5)
FN:160,(anonymous_6)
FN:183,(anonymous_7)
FN:227,(anonymous_8)
FNF:9
FNH:9
FNDA:1,(anonymous_0)
FNDA:3,(anonymous_1)
FNDA:1,(anonymous_2)
FNDA:1,(anonymous_3)
FNDA:1,(anonymous_4)
FNDA:3,(anonymous_5)
FNDA:3,(anonymous_6)
FNDA:3,(anonymous_7)
FNDA:1,(anonymous_8)
DA:7,1
DA:8,1
DA:9,1
DA:10,1
DA:25,1
DA:27,1
DA:28,1
DA:29,0
DA:33,1
DA:36,1
DA:47,1
DA:52,1
DA:61,1
DA:67,0
DA:68,0
DA:80,3
DA:81,3
DA:82,3
DA:83,1
DA:86,2
DA:87,1
DA:91,1
DA:92,1
DA:93,1
DA:98,1
DA:101,1
DA:102,1
DA:105,1
DA:111,1
DA:112,1
DA:113,1
DA:114,1
DA:115,1
DA:118,1
DA:126,1
DA:129,2
DA:130,2
DA:140,3
DA:141,3
DA:142,1
DA:144,2
DA:145,2
DA:146,1
DA:148,1
DA:150,2
DA:151,2
DA:161,3
DA:162,3
DA:163,1
DA:165,2
DA:167,2
DA:169,1
DA:170,1
DA:184,3
DA:185,3
DA:186,3
DA:187,1
DA:190,2
DA:191,1
DA:195,1
DA:206,1
DA:214,1
DA:216,2
DA:217,2
DA:228,1
DA:229,1
DA:231,1
DA:232,1
DA:233,1
DA:235,1
DA:240,1
DA:242,1
DA:252,0
DA:253,0
LF:74
LH:69
BRDA:28,0,0,0
BRDA:28,0,1,1
BRDA:28,1,0,1
BRDA:28,1,1,1
BRDA:33,2,0,1
BRDA:33,2,1,0
BRDA:39,3,0,1
BRDA:39,3,1,0
BRDA:82,4,0,1
BRDA:82,4,1,2
BRDA:86,5,0,1
BRDA:86,5,1,1
BRDA:96,6,0,1
BRDA:96,6,1,0
BRDA:141,7,0,1
BRDA:141,7,1,2
BRDA:145,8,0,1
BRDA:145,8,1,1
BRDA:162,9,0,1
BRDA:162,9,1,2
BRDA:186,10,0,1
BRDA:186,10,1,2
BRDA:190,11,0,1
BRDA:190,11,1,1
BRDA:200,12,0,1
BRDA:200,12,1,0
BRDA:211,13,0,1
BRDA:211,13,1,0
BRDA:227,14,0,0
BRDA:229,15,0,0
BRDA:229,16,0,0
BRDA:229,17,0,1
BRDA:229,18,0,1
BRF:33
BRH:24
end_of_record
TN:
SF:src/services/authService.mjs
FN:18,(anonymous_0)
FN:38,(anonymous_1)
FN:49,(anonymous_2)
FN:114,(anonymous_3)
FN:178,(anonymous_4)
FN:267,(anonymous_5)
FN:283,(anonymous_6)
FN:303,(anonymous_7)
FN:329,(anonymous_8)
FN:343,createAuthService
FNF:10
FNH:9
FNDA:7,(anonymous_0)
FNDA:3,(anonymous_1)
FNDA:3,(anonymous_2)
FNDA:0,(anonymous_3)
FNDA:5,(anonymous_4)
FNDA:4,(anonymous_5)
FNDA:2,(anonymous_6)
FNDA:1,(anonymous_7)
FNDA:3,(anonymous_8)
FNDA:7,createAuthService
DA:12,1
DA:19,7
DA:20,7
DA:21,7
DA:22,7
DA:23,7
DA:24,7
DA:25,7
DA:28,7
DA:39,3
DA:40,3
DA:50,3
DA:51,3
DA:53,3
DA:54,3
DA:56,3
DA:58,3
DA:59,3
DA:60,0
DA:62,3
DA:63,3
DA:66,3
DA:69,3
DA:78,1
DA:81,1
DA:83,1
DA:88,1
DA:90,1
DA:97,1
DA:98,1
DA:99,0
DA:101,0
DA:112,0
DA:114,0
DA:115,0
DA:116,0
DA:119,0
DA:120,0
DA:122,0
DA:127,0
DA:130,1
DA:133,1
DA:145,1
DA:146,1
DA:147,0
DA:149,1
DA:152,1
DA:153,1
DA:155,1
DA:162,2
DA:163,2
DA:165,2
DA:166,2
DA:168,3
DA:179,5
DA:181,5
DA:183,5
DA:184,1
DA:188,4
DA:189,4
DA:190,1
DA:194,3
DA:195,1
DA:199,2
DA:201,1
DA:204,1
DA:206,0
DA:207,1
DA:209,1
DA:212,1
DA:219,1
DA:220,1
DA:221,1
DA:222,0
DA:223,0
DA:224,0
DA:225,0
DA:229,1
DA:230,1
DA:233,1
DA:234,1
DA:235,0
DA:237,1
DA:240,1
DA:249,1
DA:255,3
DA:256,3
DA:268,4
DA:269,4
DA:271,0
DA:284,2
DA:305,1
DA:308,1
DA:314,1
DA:315,1
DA:318,1
DA:320,1
DA:330,3
DA:331,3
DA:332,3
DA:333,3
DA:334,3
DA:335,3
DA:336,3
DA:337,3
DA:338,3
DA:344,7
LF:107
LH:88
BRDA:39,0,0,3
[...]
DA:128,0
DA:133,1
DA:134,0
DA:138,1
DA:139,0
DA:146,1
DA:147,0
DA:151,1
DA:152,1
DA:154,1
DA:155,1
DA:156,1
DA:159,1
DA:189,1
DA:191,1
DA:192,1
DA:194,1
DA:202,0
DA:203,0
DA:213,1
DA:214,1
DA:216,1
DA:217,1
DA:219,0
DA:230,1
DA:231,1
DA:233,1
DA:235,1
DA:236,1
DA:237,0
DA:240,1
DA:241,1
DA:242,0
DA:246,1
DA:247,1
DA:248,1
DA:252,1
DA:265,1
DA:277,1
DA:280,1
DA:283,0
DA:284,0
DA:286,1
DA:296,2
DA:297,2
DA:299,2
DA:300,2
DA:301,1
DA:304,1
DA:306,0
DA:317,2
DA:318,2
DA:320,2
DA:321,2
DA:324,2
DA:325,2
DA:326,1
DA:330,1
DA:333,1
DA:341,1
DA:343,1
DA:346,0
DA:347,0
DA:349,2
DA:355,1
LF:99
LH:64
BRDA:34,0,0,1
BRDA:35,1,0,1
BRDA:37,2,0,1
BRDA:38,3,0,1
BRDA:54,4,0,0
BRDA:54,4,1,1
BRDA:57,5,0,0
BRDA:57,5,1,0
BRDA:70,6,0,0
BRDA:70,6,1,0
BRDA:106,7,0,0
BRDA:106,7,1,1
BRDA:106,8,0,1
BRDA:106,8,1,1
BRDA:111,9,0,0
BRDA:111,9,1,1
BRDA:116,10,0,0
BRDA:116,10,1,1
BRDA:116,11,0,1
BRDA:116,11,1,1
BRDA:119,12,0,0
BRDA:119,12,1,0
BRDA:125,13,0,0
BRDA:125,13,1,0
BRDA:133,14,0,0
BRDA:133,14,1,1
BRDA:138,15,0,0
BRDA:138,15,1,1
BRDA:146,16,0,0
BRDA:146,16,1,1
BRDA:151,17,0,1
BRDA:151,17,1,0
BRDA:152,18,0,0
BRDA:152,18,1,1
BRDA:191,19,0,1
BRDA:191,19,1,1
BRDA:192,20,0,0
BRDA:192,20,1,1
BRDA:202,21,0,0
BRDA:202,21,1,0
BRDA:217,22,0,1
BRDA:217,22,1,0
BRDA:236,23,0,0
BRDA:236,23,1,1
BRDA:241,24,0,0
BRDA:241,24,1,1
BRDA:246,25,0,1
BRDA:246,25,1,0
BRDA:256,26,0,1
BRDA:256,26,1,1
BRDA:257,27,0,1
BRDA:257,27,1,1
BRDA:258,28,0,1
BRDA:258,28,1,1
BRDA:259,29,0,1
BRDA:259,29,1,1
BRDA:260,30,0,1
BRDA:260,30,1,1
BRDA:261,31,0,1
BRDA:261,31,1,1
BRDA:300,32,0,1
BRDA:300,32,1,1
BRDA:304,33,0,1
BRDA:304,33,1,0
BRDA:325,34,0,1
BRDA:325,34,1,1
BRF:66
BRH:41
end_of_record
TN:
SF:src/services/prescriptionService.mjs
FN:25,(anonymous_0)
FN:64,(anonymous_1)
FN:80,(anonymous_2)
FN:80,(anonymous_3)
FN:93,(anonymous_4)
FN:111,(anonymous_5)
FN:140,(anonymous_6)
FN:184,(anonymous_7)
FN:211,(anonymous_8)
FN:228,(anonymous_9)
FN:247,(anonymous_10)
FN:247,(anonymous_11)
FN:260,(anonymous_12)
FN:278,(anonymous_13)
FNF:14
FNH:0
FNDA:0,(anonymous_0)
FNDA:0,(anonymous_1)
FNDA:0,(anonymous_2)
FNDA:0,(anonymous_3)
FNDA:0,(anonymous_4)
FNDA:0,(anonymous_5)
FNDA:0,(anonymous_6)
FNDA:0,(anonymous_7)
FNDA:0,(anonymous_8)
FNDA:0,(anonymous_9)
FNDA:0,(anonymous_10)
FNDA:0,(anonymous_11)
FNDA:0,(anonymous_12)
FNDA:0,(anonymous_13)
DA:6,0
DA:26,0
DA:27,0
DA:30,0
DA:31,0
DA:33,0
DA:35,0
DA:38,0
DA:39,0
DA:42,0
DA:43,0
DA:46,0
DA:53,0
DA:56,0
DA:65,0
DA:66,0
DA:70,0
DA:75,0
DA:76,0
DA:80,0
DA:83,0
DA:93,0
DA:94,0
DA:95,0
DA:100,0
DA:105,0
DA:108,0
DA:111,0
DA:112,0
DA:115,0
DA:126,0
DA:127,0
DA:129,0
DA:131,0
DA:141,0
DA:142,0
DA:145,0
DA:157,0
DA:160,0
DA:161,0
DA:164,0
DA:166,0
DA:169,0
DA:170,0
DA:171,0
DA:172,0
DA:174,0
DA:185,0
DA:186,0
DA:192,0
DA:203,0
DA:212,0
DA:213,0
DA:215,0
DA:216,0
DA:218,0
DA:220,0
DA:230,0
DA:231,0
DA:232,0
DA:233,0
DA:237,0
DA:242,0
DA:243,0
DA:247,0
DA:250,0
DA:260,0
DA:261,0
DA:262,0
DA:267,0
DA:272,0
DA:275,0
DA:278,0
DA:279,0
DA:281,0
DA:289,0
DA:290,0
DA:292,0
DA:294,0
LF:79
LH:0
BRDA:31,0,0,0
BRDA:31,0,1,0
BRDA:38,1,0,0
BRDA:38,1,1,0
BRDA:38,2,0,0
BRDA:38,2,1,0
BRDA:42,3,0,0
BRDA:42,3,1,0
BRDA:42,4,0,0
BRDA:42,4,1,0
BRDA:65,5,0,0
BRDA:65,5,1,0
BRDA:75,6,0,0
BRDA:75,6,1,0
BRDA:75,7,0,0
BRDA:75,7,1,0
BRDA:94,8,0,0
BRDA:94,8,1,0
BRDA:96,9,0,0
BRDA:96,9,1,0
BRDA:96,10,0,0
BRDA:96,10,1,0
BRDA:96,11,0,0
BRDA:96,11,1,0
BRDA:97,12,0,0
BRDA:97,12,1,0
BRDA:102,13,0,0
BRDA:102,13,1,0
BRDA:112,14,0,0
BRDA:112,14,1,0
BRDA:141,15,0,0
BRDA:141,15,1,0
BRDA:157,16,0,0
BRDA:157,16,1,0
BRDA:161,17,0,0
BRDA:161,17,1,0
BRDA:164,18,0,0
BRDA:164,18,1,0
BRDA:166,19,0,0
BRDA:166,19,1,0
BRDA:169,20,0,0
BRDA:169,20,1,0
BRDA:170,21,0,0
BRDA:170,21,1,0
BRDA:185,22,0,0
BRDA:185,22,1,0
BRDA:212,23,0,0
BRDA:212,23,1,0
BRDA:216,24,0,0
BRDA:216,24,1,0
BRDA:231,25,0,0
BRDA:231,25,1,0
BRDA:242,26,0,0
BRDA:242,26,1,0
BRDA:242,27,0,0
BRDA:242,27,1,0
BRDA:261,28,0,0
BRDA:261,28,1,0
BRDA:263,29,0,0
BRDA:263,29,1,0
BRDA:263,30,0,0
BRDA:263,30,1,0
BRDA:263,31,0,0
BRDA:263,31,1,0
BRDA:264,32,0,0
BRDA:264,32,1,0
BRDA:269,33,0,0
BRDA:269,33,1,0
BRDA:279,34,0,0
BRDA:279,34,1,0
BRF:70
BRH:0
end_of_record
TN:
SF:src/services/staffService.mjs
FN:15,(anonymous_0)
FN:149,(anonymous_1)
FN:215,(anonymous_2)
FN:276,(anonymous_3)
FN:291,(anonymous_4)
FN:354,(anonymous_5)
FN:398,(anonymous_6)
FN:441,(anonymous_7)
FNF:8
FNH:0
FNDA:0,(anonymous_0)
FNDA:0,(anonymous_1)
FNDA:0,(anonymous_2)
FNDA:0,(anonymous_3)
FNDA:0,(anonymous_4)
FNDA:0,(anonymous_5)
FNDA:0,(anonymous_6)
FNDA:0,(anonymous_7)
DA:16,0
DA:26,0
DA:28,0
DA:31,0
DA:34,0
DA:44,0
DA:52,0
DA:55,0
DA:56,0
DA:60,0
DA:61,0
DA:65,0
DA:66,0
DA:70,0
DA:71,0
DA:79,0
DA:80,0
DA:84,0
DA:85,0
DA:89,0
DA:90,0
DA:91,0
DA:94,0
DA:95,0
DA:98,0
DA:99,0
DA:102,0
DA:126,0
DA:129,0
DA:130,0
DA:132,0
DA:139,0
DA:140,0
DA:150,0
DA:152,0
DA:153,0
DA:157,0
DA:199,0
DA:200,0
DA:203,0
DA:205,0
DA:206,0
DA:216,0
DA:218,0
DA:260,0
DA:261,0
DA:264,0
DA:266,0
DA:267,0
DA:277,0
DA:278,0
DA:279,0
DA:281,0
DA:282,0
DA:292,0
DA:293,0
DA:295,0
DA:297,0
DA:298,0
DA:299,0
DA:302,0
DA:303,0
DA:304,0
DA:308,0
DA:309,0
DA:310,0
DA:314,0
DA:322,0
DA:334,0
DA:337,0
DA:340,0
DA:341,0
DA:342,0
DA:344,0
DA:355,0
DA:357,0
DA:358,0
DA:359,0
DA:363,0
DA:369,0
DA:370,0
DA:374,0
DA:385,0
DA:387,0
DA:388,0
DA:399,0
DA:401,0
DA:402,0
DA:403,0
DA:407,0
DA:413,0
DA:414,0
DA:418,0
DA:429,0
DA:431,0
DA:432,0
DA:442,0
DA:444,0
DA:446,0
DA:447,0
DA:450,0
DA:451,0
DA:455,0
DA:456,0
DA:457,0
DA:461,0
DA:464,0
DA:472,0
DA:474,0
DA:477,0
DA:478,0
DA:480,0
DA:481,0
DA:484,0
DA:485,0
LF:115
LH:0
BRDA:18,0,0,0
BRDA:19,1,0,0
BRDA:21,2,0,0
BRDA:22,3,0,0
BRDA:55,4,0,0
BRDA:55,4,1,0
BRDA:60,5,0,0
BRDA:60,5,1,0
BRDA:65,6,0,0
BRDA:65,6,1,0
BRDA:70,7,0,0
BRDA:70,7,1,0
BRDA:79,8,0,0
BRDA:79,8,1,0
BRDA:84,9,0,0
BRDA:84,9,1,0
BRDA:85,10,0,0
BRDA:85,10,1,0
BRDA:86,11,0,0
BRDA:86,11,1,0
BRDA:130,12,0,0
BRDA:130,12,1,0
BRDA:152,13,0,0
BRDA:152,13,1,0
BRDA:199,14,0,0
BRDA:199,14,1,0
BRDA:199,15,0,0
BRDA:199,15,1,0
BRDA:260,16,0,0
BRDA:260,16,1,0
BRDA:260,17,0,0
BRDA:260,17,1,0
BRDA:279,18,0,0
BRDA:279,18,1,0
BRDA:298,19,0,0
BRDA:298,19,1,0
BRDA:303,20,0,0
BRDA:303,20,1,0
BRDA:308,21,0,0
BRDA:308,21,1,0
BRDA:318,22,0,0
BRDA:318,22,1,0
BRDA:342,23,0,0
BRDA:342,23,1,0
BRDA:358,24,0,0
BRDA:358,24,1,0
BRDA:369,25,0,0
BRDA:369,25,1,0
BRDA:402,26,0,0
BRDA:402,26,1,0
BRDA:413,27,0,0
BRDA:413,27,1,0
BRDA:450,28,0,0
BRDA:450,28,1,0
BRDA:456,29,0,0
BRDA:456,29,1,0
BRDA:477,30,0,0
BRDA:477,30,1,0
BRDA:484,31,0,0
BRDA:484,31,1,0
BRF:60
BRH:0
end_of_record
TN:
SF:src/services/tokenBlacklistService.mjs
FN:47,(anonymous_0)
FN:78,(anonymous_1)
FN:93,(anonymous_2)
FN:111,(anonymous_3)
FNF:4
FNH:4
FNDA:4,(anonymous_0)
FNDA:3,(anonymous_1)
FNDA:2,(anonymous_2)
FNDA:2,(anonymous_3)
DA:7,1
DA:30,1
DA:33,1
DA:48,4
DA:50,4
DA:52,1
DA:55,4
DA:61,2
DA:64,2
DA:65,1
DA:68,1
DA:69,1
DA:79,3
DA:80,3
DA:81,2
DA:83,1
DA:85,1
DA:94,2
DA:95,2
DA:99,1
DA:101,1
DA:102,1
DA:112,2
DA:115,2
DA:117,2
DA:123,1
DA:125,1
DA:126,1
LF:28
LH:28
BRDA:33,0,0,1
BRDA:33,0,1,1
BRDA:50,1,0,1
BRDA:50,1,1,3
BRDA:52,2,0,1
BRDA:52,2,1,0
BRDA:64,3,0,1
BRDA:64,3,1,1
BRF:8
BRH:7
end_of_record
TN:
SF:src/services/userService.mjs
FN:12,(anonymous_0)
FN:29,(anonymous_1)
FN:123,(anonymous_2)
FN:161,(anonymous_3)
FN:253,(anonymous_4)
FN:271,(anonymous_5)
FN:301,(anonymous_6)
FN:356,(anonymous_7)
FN:367,(anonymous_8)
FN:389,(anonymous_9)
FN:424,(anonymous_10)
FN:444,(anonymous_11)
FN:465,(anonymous_12)
FNF:13
FNH:10
FNDA:1,(anonymous_0)
FNDA:1,(anonymous_1)
FNDA:5,(anonymous_2)
FNDA:2,(anonymous_3)
FNDA:1,(anonymous_4)
FNDA:1,(anonymous_5)
FNDA:1,(anonymous_6)
FNDA:1,(anonymous_7)
FNDA:4,(anonymous_8)
FNDA:3,(anonymous_9)
FNDA:0,(anonymous_10)
FNDA:0,(anonymous_11)
FNDA:0,(anonymous_12)
DA:14,1
DA:30,1
DA:39,1
DA:41,1
DA:44,1
DA:47,1
DA:48,0
DA:52,1
DA:53,0
DA:57,1
DA:58,0
DA:66,1
DA:67,1
DA:68,1
DA:71,1
DA:104,1
DA:105,1
DA:107,1
DA:114,0
DA:124,5
DA:125,5
DA:127,3
DA:131,1
DA:132,1
DA:136,0
DA:137,0
DA:138,0
DA:139,0
DA:140,0
DA:141,0
DA:142,0
DA:146,0
DA:151,4
DA:162,2
DA:163,2
DA:165,2
DA:167,2
DA:168,2
DA:169,1
DA:173,1
DA:185,1
DA:188,1
DA:190,1
DA:191,1
DA:202,0
DA:203,0
DA:212,0
DA:213,0
DA:222,1
DA:234,1
DA:237,1
DA:240,1
DA:241,1
DA:243,2
DA:254,1
DA:255,1
DA:258,1
DA:259,1
DA:260,0
DA:264,1
DA:270,1
DA:271,1
DA:272,1
DA:273,1
DA:278,1
DA:284,0
DA:285,0
DA:289,0
DA:291,1
DA:302,1
DA:303,1
DA:305,1
DA:306,1
DA:309,1
DA:310,1
DA:311,0
DA:315,1
DA:316,1
DA:317,0
DA:318,0
DA:319,0
DA:320,0
DA:324,1
DA:327,1
DA:339,1
DA:341,1
DA:344,0
DA:345,0
DA:347,1
DA:357,1
DA:358,1
DA:361,1
DA:364,1
DA:366,1
DA:367,4
DA:373,1
DA:378,1
DA:380,0
DA:390,3
DA:392,3
DA:394,1
DA:395,1
DA:399,0
DA:401,0
DA:403,0
DA:404,0
DA:406,0
DA:407,0
DA:410,0
DA:415,2
DA:425,0
DA:427,0
DA:428,0
DA:431,0
DA:432,0
DA:434,0
DA:435,0
DA:445,0
DA:447,0
DA:448,0
DA:451,0
DA:452,0
DA:453,0
DA:455,0
DA:456,0
DA:466,0
DA:468,0
DA:469,0
DA:472,0
DA:473,0
DA:475,0
DA:476,0
DA:482,1
LF:133
LH:76
BRDA:32,0,0,1
BRDA:33,1,0,1
BRDA:36,2,0,1
BRDA:37,3,0,1
BRDA:47,4,0,0
BRDA:47,4,1,1
BRDA:52,5,0,0
BRDA:52,5,1,1
BRDA:57,6,0,0
BRDA:57,6,1,1
BRDA:66,7,0,1
BRDA:66,7,1,0
BRDA:104,8,0,1
BRDA:104,8,1,0
BRDA:105,9,0,1
BRDA:105,9,1,0
BRDA:131,10,0,1
BRDA:131,10,1,0
BRDA:137,11,0,0
BRDA:137,11,1,0
BRDA:139,12,0,0
BRDA:139,12,1,0
BRDA:141,13,0,0
BRDA:141,13,1,0
BRDA:148,14,0,0
BRDA:148,14,1,0
BRDA:168,15,0,1
BRDA:168,15,1,1
BRDA:180,16,0,1
BRDA:180,16,1,1
BRDA:181,17,0,1
BRDA:181,17,1,1
BRDA:190,18,0,1
BRDA:190,18,1,0
BRDA:193,19,0,1
BRDA:193,19,1,0
BRDA:194,20,0,1
BRDA:194,20,1,1
BRDA:195,21,0,1
BRDA:195,21,1,1
BRDA:196,22,0,1
BRDA:196,22,1,1
BRDA:197,23,0,1
BRDA:197,23,1,1
BRDA:198,24,0,1
BRDA:198,24,1,1
BRDA:199,25,0,1
BRDA:199,25,1,1
BRDA:200,26,0,1
BRDA:200,26,1,1
BRDA:202,27,0,0
BRDA:202,27,1,0
BRDA:205,28,0,0
BRDA:205,28,1,0
BRDA:206,29,0,0
BRDA:206,29,1,0
BRDA:207,30,0,0
BRDA:207,30,1,0
BRDA:208,31,0,0
BRDA:208,31,1,0
BRDA:210,32,0,0
BRDA:210,32,1,0
BRDA:212,33,0,0
BRDA:212,33,1,0
BRDA:215,34,0,0
BRDA:215,34,1,0
BRDA:216,35,0,0
BRDA:216,35,1,0
BRDA:217,36,0,0
BRDA:217,36,1,0
BRDA:259,37,0,0
BRDA:259,37,1,1
BRDA:272,38,0,1
BRDA:272,38,1,0
BRDA:284,39,0,0
BRDA:284,39,1,0
BRDA:310,40,0,0
BRDA:310,40,1,1
BRDA:315,41,0,1
BRDA:315,41,1,0
BRDA:317,42,0,0
BRDA:317,42,1,0
BRDA:319,43,0,0
BRDA:319,43,1,0
BRDA:358,44,0,1
BRDA:358,45,0,0
BRDA:361,46,0,0
BRDA:361,46,1,1
BRDA:366,47,0,1
BRDA:366,47,1,0
BRDA:394,48,0,1
BRDA:394,48,1,0
BRDA:401,49,0,0
BRDA:401,49,1,0
BRDA:404,50,0,0
BRDA:404,50,1,0
BRDA:428,51,0,0
BRDA:428,51,1,0
BRDA:448,52,0,0
BRDA:448,52,1,0
BRDA:469,53,0,0
BRDA:469,53,1,0
BRF:102
BRH:41
end_of_record
TN:
SF:src/services/base/baseService.mjs
FN:17,(anonymous_0)
FN:35,(anonymous_1)
FN:82,(anonymous_2)
FN:103,(anonymous_3)
FN:128,(anonymous_4)
FN:150,(anonymous_5)
FN:168,(anonymous_6)
FN:196,(anonymous_7)
FN:212,(anonymous_8)
FN:232,(anonymous_9)
FN:242,(anonymous_10)
FN:245,(anonymous_11)
FN:250,(anonymous_12)
FN:280,(anonymous_13)
FN:293,(anonymous_14)
FN:297,(anonymous_15)
FN:305,(anonymous_16)
FN:320,(anonymous_17)
FN:329,(anonymous_18)
FNF:19
FNH:4
FNDA:2,(anonymous_0)
FNDA:0,(anonymous_1)
FNDA:0,(anonymous_2)
FNDA:0,(anonymous_3)
FNDA:0,(anonymous_4)
FNDA:0,(anonymous_5)
FNDA:0,(anonymous_6)
FNDA:0,(anonymous_7)
FNDA:0,(anonymous_8)
FNDA:3,(anonymous_9)
FNDA:0,(anonymous_10)
FNDA:0,(anonymous_11)
FNDA:0,(anonymous_12)
FNDA:7,(anonymous_13)
FNDA:0,(anonymous_14)
FNDA:0,(anonymous_15)
FNDA:0,(anonymous_16)
FNDA:8,(anonymous_17)
FNDA:0,(anonymous_18)
DA:18,2
DA:19,2
DA:20,2
DA:27,2
DA:36,0
DA:44,0
DA:46,0
DA:49,0
DA:52,0
DA:53,0
DA:56,0
DA:64,0
DA:66,0
DA:73,0
DA:83,0
DA:84,0
DA:86,0
DA:91,0
DA:93,0
DA:104,0
DA:105,0
DA:108,0
DA:109,0
DA:112,0
DA:115,0
DA:117,0
DA:129,0
DA:130,0
DA:132,0
DA:138,0
DA:140,0
DA:151,0
DA:152,0
DA:154,0
DA:156,0
DA:158,0
DA:169,0
DA:170,0
DA:172,0
DA:177,0
DA:178,0
DA:179,0
DA:181,0
DA:185,0
DA:187,0
DA:197,0
DA:198,0
DA:200,0
DA:202,0
DA:213,0
DA:214,0
DA:216,0
DA:218,0
DA:219,0
DA:222,0
DA:224,0
DA:233,3
DA:243,0
DA:245,0
DA:246,0
DA:248,0
DA:250,0
DA:251,0
DA:254,0
DA:255,0
DA:258,0
DA:259,0
DA:264,0
DA:265,0
DA:268,0
DA:271,0
DA:281,7
DA:282,2
DA:294,0
DA:297,0
DA:298,0
DA:299,0
DA:304,0
DA:305,0
DA:310,0
DA:321,8
DA:324,8
DA:326,0
DA:327,8
DA:329,0
DA:330,0
DA:331,8
DA:333,0
DA:334,8
DA:336,0
DA:337,0
DA:338,0
DA:341,8
LF:93
LH:13
BRDA:17,0,0,0
BRDA:27,1,0,2
BRDA:27,1,1,0
BRDA:38,2,0,0
BRDA:39,3,0,0
BRDA:41,4,0,0
BRDA:42,5,0,0
BRDA:53,6,0,0
BRDA:53,6,1,0
BRDA:108,7,0,0
BRDA:108,7,1,0
BRDA:177,8,0,0
BRDA:177,8,1,0
BRDA:177,9,0,0
BRDA:177,9,1,0
BRDA:178,10,0,0
BRDA:178,10,1,0
BRDA:218,11,0,0
BRDA:218,11,1,0
BRDA:243,12,0,0
BRDA:243,12,1,0
BRDA:246,13,0,0
BRDA:246,13,1,0
BRDA:246,14,0,0
BRDA:246,14,1,0
BRDA:248,15,0,0
BRDA:248,15,1,0
BRDA:254,16,0,0
BRDA:254,16,1,0
BRDA:254,17,0,0
BRDA:254,17,1,0
BRDA:258,18,0,0
BRDA:258,18,1,0
BRDA:258,19,0,0
BRDA:258,19,1,0
BRDA:264,20,0,0
BRDA:264,20,1,0
BRDA:264,21,0,0
BRDA:264,21,1,0
BRDA:281,22,0,2
BRDA:281,22,1,5
BRDA:298,23,0,0
BRDA:298,23,1,0
BRDA:298,24,0,0
BRDA:298,24,1,0
BRDA:304,25,0,0
BRDA:304,25,1,0
BRDA:304,26,0,0
BRDA:304,26,1,0
BRDA:324,27,0,0
BRDA:324,27,1,8
BRDA:327,28,0,0
BRDA:327,28,1,8
BRDA:331,29,0,0
BRDA:331,29,1,8
BRDA:334,30,0,0
BRDA:334,30,1,8
BRF:57
BRH:7
end_of_record
TN:
SF:src/utils/apiResponse.mjs
FN:11,(anonymous_0)
FN:30,(anonymous_1)
FNF:2
FNH:2
FNDA:2,(anonymous_0)
FNDA:3,(anonymous_1)
DA:12,2
DA:13,2
DA:14,2
DA:15,2
DA:31,3
DA:32,3
DA:33,3
DA:34,3
DA:35,3
LF:9
LH:9
BRDA:11,0,0,1
BRDA:30,1,0,2
BRDA:30,2,0,2
BRF:3
BRH:3
end_of_record
TN:
SF:src/utils/catchAsync.mjs
FN:7,(anonymous_0)
FN:8,(anonymous_1)
FNF:2
FNH:2
FNDA:3,(anonymous_0)
FNDA:3,(anonymous_1)
DA:7,1
DA:8,3
DA:9,3
LF:3
LH:3
BRF:0
BRH:0
end_of_record
TN:
SF:src/utils/controllerHelper.mjs
FN:11,(anonymous_0)
FN:12,(anonymous_1)
FN:43,(anonymous_2)
FNF:3
FNH:3
FNDA:13,(anonymous_0)
FNDA:9,(anonymous_1)
FNDA:4,(anonymous_2)
DA:11,1
DA:12,13
DA:13,9
DA:15,9
DA:17,9
DA:18,7
DA:19,7
DA:23,1
DA:29,9
DA:31,1
DA:32,1
DA:43,1
DA:44,4
DA:47,4
DA:49,12
DA:50,4
DA:51,4
DA:55,8
DA:58,8
DA:61,4
LF:20
LH:20
BRDA:11,0,0,0
BRDA:19,1,0,6
BRDA:19,1,1,1
BRDA:43,2,0,0
BRDA:49,3,0,4
BRDA:49,3,1,8
BRDA:55,4,0,8
BRDA:55,4,1,5
BRF:8
BRH:6
end_of_record
TN:
SF:src/utils/encryption.mjs
FN:31,(anonymous_0)
FN:45,(anonymous_1)
FNF:2
FNH:2
FNDA:7,(anonymous_0)
FNDA:9,(anonymous_1)
DA:5,5
DA:8,5
DA:11,5
DA:12,5
DA:15,5
DA:17,1
DA:22,4
DA:23,4
DA:24,3
DA:25,1
DA:28,2
DA:31,2
DA:32,7
DA:33,4
DA:34,4
DA:35,4
DA:36,4
DA:37,4
DA:38,4
DA:40,0
DA:41,0
DA:45,2
DA:46,9
DA:47,6
DA:48,6
DA:49,1
DA:50,1
DA:52,5
DA:53,5
DA:54,5
DA:55,5
DA:56,4
DA:57,4
DA:58,3
DA:60,2
DA:61,2
LF:36
LH:34
BRDA:15,0,0,1
BRDA:15,0,1,4
BRDA:24,1,0,1
BRDA:24,1,1,2
BRDA:32,2,0,3
BRDA:32,2,1,4
BRDA:46,3,0,3
BRDA:46,3,1,6
BRDA:48,4,0,1
BRDA:48,4,1,5
BRDA:48,5,0,6
BRDA:48,5,1,6
BRDA:48,5,2,6
BRF:13
BRH:13
end_of_record
TN:
SF:src/utils/errorHandler.mjs
FN:7,(anonymous_0)
FN:22,(anonymous_1)
FN:25,(anonymous_2)
FN:43,(anonymous_3)
FN:60,(anonymous_4)
FN:61,(anonymous_5)
FN:71,(anonymous_6)
FN:84,(anonymous_7)
FN:98,(anonymous_8)
FN:126,(anonymous_9)
FN:171,(anonymous_10)
FN:172,(anonymous_11)
FNF:12
FNH:10
FNDA:16,(anonymous_0)
FNDA:1,(anonymous_1)
FNDA:2,(anonymous_2)
FNDA:4,(anonymous_3)
FNDA:2,(anonymous_4)
FNDA:3,(anonymous_5)
FNDA:2,(anonymous_6)
FNDA:7,(anonymous_7)
FNDA:7,(anonymous_8)
FNDA:14,(anonymous_9)
FNDA:0,(anonymous_10)
FNDA:0,(anonymous_11)
DA:8,16
DA:9,16
DA:10,16
DA:11,16
DA:13,16
DA:22,5
DA:23,1
DA:25,1
DA:26,2
DA:29,1
DA:43,5
DA:44,4
DA:46,4
DA:47,2
DA:48,2
DA:49,2
DA:52,4
DA:60,5
DA:61,3
DA:62,2
DA:63,2
DA:71,5
DA:72,2
DA:73,2
DA:74,2
DA:75,2
DA:84,5
DA:85,7
DA:98,5
DA:100,7
DA:101,6
DA:109,1
DA:112,1
DA:126,5
DA:127,14
DA:130,14
DA:133,14
DA:143,14
DA:144,14
DA:146,14
DA:147,2
DA:150,14
DA:151,2
DA:154,14
DA:155,2
DA:158,14
DA:159,4
DA:163,14
DA:164,7
DA:166,7
DA:171,5
DA:172,0
DA:173,0
LF:53
LH:51
BRDA:10,0,0,13
BRDA:10,0,1,3
BRDA:46,1,0,2
BRDA:46,1,1,2
BRDA:48,2,0,2
BRDA:48,2,1,0
BRDA:85,3,0,7
BRDA:85,3,1,0
BRDA:100,4,0,6
BRDA:100,4,1,1
BRDA:127,5,0,14
BRDA:127,5,1,12
BRDA:130,6,0,14
BRDA:130,6,1,0
BRDA:139,7,0,14
BRDA:139,7,1,0
BRDA:146,8,0,2
BRDA:146,8,1,12
BRDA:150,9,0,2
BRDA:150,9,1,12
BRDA:154,10,0,2
BRDA:154,10,1,12
BRDA:158,11,0,4
BRDA:158,11,1,10
BRDA:158,12,0,14
BRDA:158,12,1,12
BRDA:163,13,0,7
BRDA:163,13,1,7
BRF:28
BRH:24
end_of_record
TN:
SF:src/utils/serviceContainer.mjs
FN:7,(anonymous_0)
FN:21,(anonymous_1)
FN:26,(anonymous_2)
FN:55,(anonymous_3)
FN:72,(anonymous_4)
FN:84,(anonymous_5)
FN:107,(anonymous_6)
FN:124,(anonymous_7)
FNF:8
FNH:8
FNDA:15,(anonymous_0)
FNDA:17,(anonymous_1)
FNDA:8,(anonymous_2)
FNDA:11,(anonymous_3)
FNDA:3,(anonymous_4)
FNDA:6,(anonymous_5)
FNDA:5,(anonymous_6)
FNDA:16,(anonymous_7)
DA:8,15
DA:9,15
DA:10,15
DA:11,15
DA:22,17
DA:23,17
DA:25,17
DA:26,13
DA:28,8
DA:29,5
DA:30,2
DA:31,1
DA:33,1
DA:38,7
DA:39,7
DA:40,7
DA:44,4
DA:47,17
DA:56,11
DA:57,2
DA:60,9
DA:61,1
DA:64,8
DA:65,7
DA:74,3
DA:75,3
DA:77,3
DA:78,3
DA:80,3
DA:81,7
DA:84,7
DA:86,7
DA:88,4
DA:89,4
DA:90,4
DA:91,4
DA:95,3
DA:96,2
DA:97,2
DA:108,5
DA:109,1
DA:112,4
DA:113,1
DA:116,3
DA:125,16
LF:45
LH:45
BRDA:21,0,0,3
BRDA:21,1,0,4
BRDA:25,2,0,13
BRDA:25,2,1,4
BRDA:25,3,0,17
BRDA:25,3,1,13
BRDA:29,4,0,2
BRDA:29,4,1,3
BRDA:30,5,0,1
BRDA:30,5,1,1
BRDA:56,6,0,2
BRDA:56,6,1,9
BRDA:60,7,0,1
BRDA:60,7,1,8
BRDA:81,8,0,7
BRDA:81,8,1,0
BRDA:86,9,0,4
BRDA:86,9,1,3
BRDA:95,10,0,2
BRDA:95,10,1,1
BRDA:95,11,0,3
BRDA:95,11,1,2
BRDA:108,12,0,1
BRDA:108,12,1,4
BRDA:112,13,0,1
BRDA:112,13,1,3
BRF:26
BRH:25
end_of_record
TN:
SF:src/utils/serviceInitializer.mjs
FN:21,initializeServices
FN:31,(anonymous_1)
FN:67,getService
FNF:3
FNH:3
FNDA:5,initializeServices
FNDA:3,(anonymous_1)
FNDA:1,getService
DA:22,5
DA:27,5
DA:30,5
DA:33,3
DA:34,1
DA:36,3
DA:41,5
DA:42,5
DA:45,5
DA:46,5
DA:47,5
DA:48,5
DA:51,5
DA:52,5
DA:56,5
DA:57,5
DA:59,5
DA:68,1
LF:18
LH:18
BRDA:33,0,0,1
BRDA:33,0,1,2
BRDA:33,1,0,3
BRDA:33,1,1,2
BRF:4
BRH:4
end_of_record
TN:
SF:src/utils/validation.mjs
FN:8,(anonymous_0)
FN:17,(anonymous_1)
FN:27,(anonymous_2)
FNF:3
FNH:3
FNDA:5,(anonymous_0)
FNDA:13,(anonymous_1)
FNDA:7,(anonymous_2)
DA:8,1
DA:9,5
DA:17,1
DA:18,13
DA:19,13
DA:27,1
DA:28,7
DA:29,4
LF:8
LH:8
BRDA:28,0,0,3
BRDA:28,0,1,4
BRF:2
BRH:2
end_of_record
TN:
SF:src/utils/di/container.mjs
FN:7,(anonymous_0)
FN:20,(anonymous_1)
FN:35,(anonymous_2)
FN:48,(anonymous_3)
FN:68,(anonymous_4)
FN:97,(anonymous_5)
FN:101,(anonymous_6)
FN:116,(anonymous_7)
FN:128,(anonymous_8)
FN:135,(anonymous_9)
FNF:10
FNH:0
FNDA:0,(anonymous_0)
FNDA:0,(anonymous_1)
FNDA:0,(anonymous_2)
FNDA:0,(anonymous_3)
FNDA:0,(anonymous_4)
FNDA:0,(anonymous_5)
FNDA:0,(anonymous_6)
FNDA:0,(anonymous_7)
FNDA:0,(anonymous_8)
FNDA:0,(anonymous_9)
DA:8,0
DA:9,0
DA:10,0
DA:21,0
DA:26,0
DA:36,0
DA:40,0
DA:50,0
DA:51,0
DA:55,0
DA:56,0
DA:60,0
DA:61,0
DA:65,0
DA:68,0
DA:74,0
DA:77,0
DA:80,0
DA:84,0
DA:85,0
DA:88,0
DA:98,0
DA:101,0
DA:104,0
DA:107,0
DA:109,0
DA:117,0
DA:118,0
DA:119,0
DA:120,0
DA:129,0
DA:136,0
DA:137,0
DA:138,0
DA:139,0
LF:35
LH:0
BRDA:20,0,0,0
BRDA:20,1,0,0
BRDA:35,2,0,0
BRDA:50,3,0,0
BRDA:50,3,1,0
BRDA:55,4,0,0
BRDA:55,4,1,0
BRDA:55,5,0,0
BRDA:55,5,1,0
BRDA:60,6,0,0
BRDA:60,6,1,0
BRDA:74,7,0,0
BRDA:74,7,1,0
BRDA:74,8,0,0
BRDA:74,8,1,0
BRDA:74,8,2,0
BRDA:84,9,0,0
BRDA:84,9,1,0
BRDA:129,10,0,0
BRDA:129,10,1,0
BRF:20
BRH:0
end_of_record
TN:
SF:src/utils/di/serviceProviders.mjs
FN:30,(anonymous_0)
FN:32,(anonymous_1)
FN:47,(anonymous_2)
FN:61,(anonymous_3)
FN:104,(anonymous_4)
FN:132,(anonymous_5)
FN:142,(anonymous_6)
FN:159,(anonymous_7)
FNF:8
FNH:0
FNDA:0,(anonymous_0)
FNDA:0,(anonymous_1)
FNDA:0,(anonymous_2)
FNDA:0,(anonymous_3)
FNDA:0,(anonymous_4)
FNDA:0,(anonymous_5)
FNDA:0,(anonymous_6)
FNDA:0,(anonymous_7)
DA:32,0
DA:33,0
DA:35,0
DA:46,0
DA:48,0
DA:49,0
DA:58,0
DA:61,0
DA:63,0
DA:64,0
DA:65,0
DA:66,0
DA:75,0
DA:76,0
DA:78,0
DA:84,0
DA:85,0
DA:88,0
DA:89,0
DA:92,0
DA:96,0
DA:97,0
DA:98,0
DA:99,0
DA:100,0
DA:104,0
DA:105,0
DA:109,0
DA:110,0
DA:113,0
DA:116,0
DA:118,0
DA:120,0
DA:134,0
DA:135,0
DA:144,0
DA:147,0
DA:149,0
DA:151,0
DA:160,0
LF:40
LH:0
BRDA:33,0,0,0
BRDA:33,0,1,0
BRDA:63,1,0,0
BRDA:63,1,1,0
BRDA:63,2,0,0
BRDA:63,2,1,0
BRDA:88,3,0,0
BRDA:88,3,1,0
BRF:8
BRH:0
end_of_record
